2019-08-19 15:10:36 DEBUG UserDao:180 - ==============================
2019-08-19 15:10:36 DEBUG UserDao:181 - =00 main=
2019-08-19 15:10:36 DEBUG UserDao:182 - ==============================
2019-08-19 15:10:36 DEBUG UserDao:187 - =================================
2019-08-19 15:10:36 DEBUG UserDao:188 - =01 단건등록=
2019-08-19 15:10:36 DEBUG UserDao:189 - =================================
2019-08-19 15:10:36 DEBUG UserDao:51 - =================================
2019-08-19 15:10:36 DEBUG UserDao:52 - 01. c=oracle.jdbc.driver.T4CConnection@1f89ab83
2019-08-19 15:10:36 DEBUG UserDao:53 - =================================
2019-08-19 15:10:36 DEBUG UserDao:69 - =================================
2019-08-19 15:10:36 DEBUG UserDao:70 - 02. sql= INSERT INTO users ( 
     u_id,           
     name,           
     passwd          
 ) VALUES (          
     ?,              
     ?,              
     ?               
 )                   

2019-08-19 15:10:36 DEBUG UserDao:71 - =================================
2019-08-19 15:10:36 DEBUG UserDao:80 - =================================
2019-08-19 15:10:36 DEBUG UserDao:81 - 03. paam=User [u_id=j01_134, name=송영은, passwd=1234]
2019-08-19 15:10:36 DEBUG UserDao:82 - =================================
2019-08-19 15:10:36 DEBUG UserDao:88 - =================================
2019-08-19 15:10:36 DEBUG UserDao:89 - 04. Run flag=1
2019-08-19 15:10:36 DEBUG UserDao:90 - =================================
2019-08-19 15:10:36 DEBUG UserDao:192 - =================================
2019-08-19 15:10:36 DEBUG UserDao:193 - =01.01 add flag=1
2019-08-19 15:10:36 DEBUG UserDao:194 - =================================
2019-08-19 15:10:36 DEBUG UserDao:197 - =================================
2019-08-19 15:10:36 DEBUG UserDao:198 - =01.02 단건등록 성공=j01_134
2019-08-19 15:10:36 DEBUG UserDao:199 - =================================
2019-08-19 15:10:36 DEBUG UserDao:202 - =================================
2019-08-19 15:10:36 DEBUG UserDao:203 - =02 단건조회=
2019-08-19 15:10:36 DEBUG UserDao:204 - =================================
2019-08-19 15:10:36 DEBUG UserDao:124 - =================================
2019-08-19 15:10:36 DEBUG UserDao:125 - 01. c=oracle.jdbc.driver.T4CConnection@5025a98f
2019-08-19 15:10:36 DEBUG UserDao:126 - =================================
2019-08-19 15:10:36 DEBUG UserDao:140 - =================================
2019-08-19 15:10:36 DEBUG UserDao:141 - 02. sql= SELECT      
     u_id,   
     name,   
     passwd  
 FROM        
     users   
 WHERE u_id = ?  

2019-08-19 15:10:36 DEBUG UserDao:142 - =================================
2019-08-19 15:10:36 DEBUG UserDao:149 - =============================
2019-08-19 15:10:36 DEBUG UserDao:150 - 03. id=j01_134
2019-08-19 15:10:36 DEBUG UserDao:151 - =============================
2019-08-19 15:10:36 DEBUG UserDao:165 - =============================
2019-08-19 15:10:36 DEBUG UserDao:166 - 04. Run outVO=User [u_id=j01_134, name=송영은, passwd=1234]
2019-08-19 15:10:36 DEBUG UserDao:167 - =============================
2019-08-19 15:10:36 DEBUG UserDao:211 - ========================================
2019-08-19 15:10:36 DEBUG UserDao:212 - =02.01 단건조회 성공=j01_134
2019-08-19 15:10:36 DEBUG UserDao:213 - ========================================
2019-08-19 15:17:31 DEBUG UserDao:188 - ==============================
2019-08-19 15:17:31 DEBUG UserDao:189 - =00 main=
2019-08-19 15:17:31 DEBUG UserDao:190 - ==============================
2019-08-19 15:17:31 DEBUG UserDao:195 - =================================
2019-08-19 15:17:31 DEBUG UserDao:196 - =01 단건등록=
2019-08-19 15:17:31 DEBUG UserDao:197 - =================================
2019-08-19 15:17:31 DEBUG UserDao:45 - =================================
2019-08-19 15:17:31 DEBUG UserDao:46 - 01. c=oracle.jdbc.driver.T4CConnection@1f89ab83
2019-08-19 15:17:31 DEBUG UserDao:47 - =================================
2019-08-19 15:17:31 DEBUG UserDao:84 - =================================
2019-08-19 15:17:31 DEBUG UserDao:85 - 02. sql= INSERT INTO users ( 
     u_id,           
     name,           
     passwd          
 ) VALUES (          
     ?,              
     ?,              
     ?               
 )                   

2019-08-19 15:17:31 DEBUG UserDao:86 - =================================
2019-08-19 15:17:31 DEBUG UserDao:95 - =================================
2019-08-19 15:17:31 DEBUG UserDao:96 - 03. paam=User [u_id=j01_134, name=송영은, passwd=1234]
2019-08-19 15:17:31 DEBUG UserDao:97 - =================================
2019-08-19 15:17:31 DEBUG UserDao:103 - =================================
2019-08-19 15:17:31 DEBUG UserDao:104 - 04. Run flag=1
2019-08-19 15:17:31 DEBUG UserDao:105 - =================================
2019-08-19 15:17:31 DEBUG UserDao:200 - =================================
2019-08-19 15:17:31 DEBUG UserDao:201 - =01.01 add flag=1
2019-08-19 15:17:31 DEBUG UserDao:202 - =================================
2019-08-19 15:17:31 DEBUG UserDao:205 - =================================
2019-08-19 15:17:31 DEBUG UserDao:206 - =01.02 단건등록 성공=j01_134
2019-08-19 15:17:31 DEBUG UserDao:207 - =================================
2019-08-19 15:17:31 DEBUG UserDao:210 - =================================
2019-08-19 15:17:31 DEBUG UserDao:211 - =02 단건조회=
2019-08-19 15:17:31 DEBUG UserDao:212 - =================================
2019-08-19 15:17:32 DEBUG UserDao:45 - =================================
2019-08-19 15:17:32 DEBUG UserDao:46 - 01. c=oracle.jdbc.driver.T4CConnection@5025a98f
2019-08-19 15:17:32 DEBUG UserDao:47 - =================================
2019-08-19 15:17:32 DEBUG UserDao:148 - =================================
2019-08-19 15:17:32 DEBUG UserDao:149 - 02. sql= SELECT      
     u_id,   
     name,   
     passwd  
 FROM        
     users   
 WHERE u_id = ?  

2019-08-19 15:17:32 DEBUG UserDao:150 - =================================
2019-08-19 15:17:32 DEBUG UserDao:157 - =============================
2019-08-19 15:17:32 DEBUG UserDao:158 - 03. id=j01_134
2019-08-19 15:17:32 DEBUG UserDao:159 - =============================
2019-08-19 15:17:32 DEBUG UserDao:173 - =============================
2019-08-19 15:17:32 DEBUG UserDao:174 - 04. Run outVO=User [u_id=j01_134, name=송영은, passwd=1234]
2019-08-19 15:17:32 DEBUG UserDao:175 - =============================
2019-08-19 15:17:32 DEBUG UserDao:219 - ========================================
2019-08-19 15:17:32 DEBUG UserDao:220 - =02.01 단건조회 성공=j01_134
2019-08-19 15:17:32 DEBUG UserDao:221 - ========================================
