2019-08-20 11:24:58 DEBUG StandardEnvironment:109 - Adding [systemProperties] PropertySource with lowest search precedence
2019-08-20 11:24:59 DEBUG StandardEnvironment:109 - Adding [systemEnvironment] PropertySource with lowest search precedence
2019-08-20 11:24:59 DEBUG StandardEnvironment:124 - Initialized StandardEnvironment with PropertySources [systemProperties,systemEnvironment]
2019-08-20 11:24:59 INFO  AnnotationConfigApplicationContext:583 - Refreshing org.springframework.context.annotation.AnnotationConfigApplicationContext@61e4705b: startup date [Tue Aug 20 11:24:59 KST 2019]; root of context hierarchy
2019-08-20 11:24:59 DEBUG AnnotationConfigApplicationContext:617 - Bean factory for org.springframework.context.annotation.AnnotationConfigApplicationContext@61e4705b: org.springframework.beans.factory.support.DefaultListableBeanFactory@2acf57e3: defining beans [org.springframework.context.annotation.internalConfigurationAnnotationProcessor,org.springframework.context.annotation.internalAutowiredAnnotationProcessor,org.springframework.context.annotation.internalRequiredAnnotationProcessor,org.springframework.context.annotation.internalCommonAnnotationProcessor,org.springframework.context.event.internalEventListenerProcessor,org.springframework.context.event.internalEventListenerFactory,daoFactory]; root of factory hierarchy
2019-08-20 11:24:59 DEBUG DefaultListableBeanFactory:221 - Creating shared instance of singleton bean 'org.springframework.context.annotation.internalConfigurationAnnotationProcessor'
2019-08-20 11:24:59 DEBUG DefaultListableBeanFactory:449 - Creating instance of bean 'org.springframework.context.annotation.internalConfigurationAnnotationProcessor'
2019-08-20 11:24:59 DEBUG DefaultListableBeanFactory:539 - Eagerly caching bean 'org.springframework.context.annotation.internalConfigurationAnnotationProcessor' to allow for resolving potential circular references
2019-08-20 11:24:59 DEBUG DefaultListableBeanFactory:485 - Finished creating instance of bean 'org.springframework.context.annotation.internalConfigurationAnnotationProcessor'
2019-08-20 11:24:59 DEBUG ConfigurationClassBeanDefinitionReader:262 - Registering bean definition for @Bean method com.ehr.DaoFactory.userDao()
2019-08-20 11:24:59 DEBUG ConfigurationClassEnhancer:112 - Successfully enhanced com.ehr.DaoFactory; enhanced class name is: com.ehr.DaoFactory$$EnhancerBySpringCGLIB$$79427672
2019-08-20 11:24:59 DEBUG ConfigurationClassPostProcessor:396 - Replacing bean definition 'daoFactory' existing class 'com.ehr.DaoFactory' with enhanced class 'com.ehr.DaoFactory$$EnhancerBySpringCGLIB$$79427672'
2019-08-20 11:24:59 DEBUG DefaultListableBeanFactory:221 - Creating shared instance of singleton bean 'org.springframework.context.annotation.internalAutowiredAnnotationProcessor'
2019-08-20 11:24:59 DEBUG DefaultListableBeanFactory:449 - Creating instance of bean 'org.springframework.context.annotation.internalAutowiredAnnotationProcessor'
2019-08-20 11:24:59 DEBUG DefaultListableBeanFactory:539 - Eagerly caching bean 'org.springframework.context.annotation.internalAutowiredAnnotationProcessor' to allow for resolving potential circular references
2019-08-20 11:24:59 DEBUG DefaultListableBeanFactory:485 - Finished creating instance of bean 'org.springframework.context.annotation.internalAutowiredAnnotationProcessor'
2019-08-20 11:24:59 DEBUG DefaultListableBeanFactory:221 - Creating shared instance of singleton bean 'org.springframework.context.annotation.internalRequiredAnnotationProcessor'
2019-08-20 11:24:59 DEBUG DefaultListableBeanFactory:449 - Creating instance of bean 'org.springframework.context.annotation.internalRequiredAnnotationProcessor'
2019-08-20 11:24:59 DEBUG DefaultListableBeanFactory:539 - Eagerly caching bean 'org.springframework.context.annotation.internalRequiredAnnotationProcessor' to allow for resolving potential circular references
2019-08-20 11:24:59 DEBUG DefaultListableBeanFactory:485 - Finished creating instance of bean 'org.springframework.context.annotation.internalRequiredAnnotationProcessor'
2019-08-20 11:24:59 DEBUG DefaultListableBeanFactory:221 - Creating shared instance of singleton bean 'org.springframework.context.annotation.internalCommonAnnotationProcessor'
2019-08-20 11:24:59 DEBUG DefaultListableBeanFactory:449 - Creating instance of bean 'org.springframework.context.annotation.internalCommonAnnotationProcessor'
2019-08-20 11:24:59 DEBUG DefaultListableBeanFactory:539 - Eagerly caching bean 'org.springframework.context.annotation.internalCommonAnnotationProcessor' to allow for resolving potential circular references
2019-08-20 11:24:59 DEBUG DefaultListableBeanFactory:485 - Finished creating instance of bean 'org.springframework.context.annotation.internalCommonAnnotationProcessor'
2019-08-20 11:24:59 DEBUG AnnotationConfigApplicationContext:734 - Unable to locate MessageSource with name 'messageSource': using default [org.springframework.context.support.DelegatingMessageSource@2e3fc542]
2019-08-20 11:24:59 DEBUG AnnotationConfigApplicationContext:758 - Unable to locate ApplicationEventMulticaster with name 'applicationEventMulticaster': using default [org.springframework.context.event.SimpleApplicationEventMulticaster@2eda0940]
2019-08-20 11:24:59 DEBUG DefaultListableBeanFactory:730 - Pre-instantiating singletons in org.springframework.beans.factory.support.DefaultListableBeanFactory@2acf57e3: defining beans [org.springframework.context.annotation.internalConfigurationAnnotationProcessor,org.springframework.context.annotation.internalAutowiredAnnotationProcessor,org.springframework.context.annotation.internalRequiredAnnotationProcessor,org.springframework.context.annotation.internalCommonAnnotationProcessor,org.springframework.context.event.internalEventListenerProcessor,org.springframework.context.event.internalEventListenerFactory,daoFactory,userDao]; root of factory hierarchy
2019-08-20 11:24:59 DEBUG DefaultListableBeanFactory:251 - Returning cached instance of singleton bean 'org.springframework.context.annotation.internalConfigurationAnnotationProcessor'
2019-08-20 11:24:59 DEBUG DefaultListableBeanFactory:251 - Returning cached instance of singleton bean 'org.springframework.context.annotation.internalAutowiredAnnotationProcessor'
2019-08-20 11:24:59 DEBUG DefaultListableBeanFactory:251 - Returning cached instance of singleton bean 'org.springframework.context.annotation.internalRequiredAnnotationProcessor'
2019-08-20 11:24:59 DEBUG DefaultListableBeanFactory:251 - Returning cached instance of singleton bean 'org.springframework.context.annotation.internalCommonAnnotationProcessor'
2019-08-20 11:24:59 DEBUG DefaultListableBeanFactory:221 - Creating shared instance of singleton bean 'org.springframework.context.event.internalEventListenerProcessor'
2019-08-20 11:24:59 DEBUG DefaultListableBeanFactory:449 - Creating instance of bean 'org.springframework.context.event.internalEventListenerProcessor'
2019-08-20 11:24:59 DEBUG DefaultListableBeanFactory:539 - Eagerly caching bean 'org.springframework.context.event.internalEventListenerProcessor' to allow for resolving potential circular references
2019-08-20 11:24:59 DEBUG DefaultListableBeanFactory:485 - Finished creating instance of bean 'org.springframework.context.event.internalEventListenerProcessor'
2019-08-20 11:24:59 DEBUG DefaultListableBeanFactory:221 - Creating shared instance of singleton bean 'org.springframework.context.event.internalEventListenerFactory'
2019-08-20 11:24:59 DEBUG DefaultListableBeanFactory:449 - Creating instance of bean 'org.springframework.context.event.internalEventListenerFactory'
2019-08-20 11:24:59 DEBUG DefaultListableBeanFactory:539 - Eagerly caching bean 'org.springframework.context.event.internalEventListenerFactory' to allow for resolving potential circular references
2019-08-20 11:24:59 DEBUG DefaultListableBeanFactory:485 - Finished creating instance of bean 'org.springframework.context.event.internalEventListenerFactory'
2019-08-20 11:24:59 DEBUG DefaultListableBeanFactory:221 - Creating shared instance of singleton bean 'daoFactory'
2019-08-20 11:24:59 DEBUG DefaultListableBeanFactory:449 - Creating instance of bean 'daoFactory'
2019-08-20 11:24:59 DEBUG DefaultListableBeanFactory:539 - Eagerly caching bean 'daoFactory' to allow for resolving potential circular references
2019-08-20 11:24:59 DEBUG DefaultListableBeanFactory:485 - Finished creating instance of bean 'daoFactory'
2019-08-20 11:24:59 DEBUG DefaultListableBeanFactory:221 - Creating shared instance of singleton bean 'userDao'
2019-08-20 11:24:59 DEBUG DefaultListableBeanFactory:449 - Creating instance of bean 'userDao'
2019-08-20 11:24:59 DEBUG DefaultListableBeanFactory:251 - Returning cached instance of singleton bean 'daoFactory'
2019-08-20 11:24:59 DEBUG DefaultListableBeanFactory:539 - Eagerly caching bean 'userDao' to allow for resolving potential circular references
2019-08-20 11:24:59 DEBUG DefaultListableBeanFactory:485 - Finished creating instance of bean 'userDao'
2019-08-20 11:24:59 DEBUG DefaultListableBeanFactory:251 - Returning cached instance of singleton bean 'org.springframework.context.event.internalEventListenerFactory'
2019-08-20 11:24:59 DEBUG AnnotationConfigApplicationContext:785 - Unable to locate LifecycleProcessor with name 'lifecycleProcessor': using default [org.springframework.context.support.DefaultLifecycleProcessor@1188e820]
2019-08-20 11:24:59 DEBUG DefaultListableBeanFactory:251 - Returning cached instance of singleton bean 'lifecycleProcessor'
2019-08-20 11:24:59 DEBUG PropertySourcesPropertyResolver:91 - Could not find key 'spring.liveBeansView.mbeanDomain' in any property source
2019-08-20 11:24:59 DEBUG DefaultListableBeanFactory:251 - Returning cached instance of singleton bean 'userDao'
2019-08-20 11:24:59 DEBUG UserDaoTest:22 - =================================
2019-08-20 11:24:59 DEBUG UserDaoTest:23 - =01 dao=com.ehr.UserDao@4e4aea35
2019-08-20 11:24:59 DEBUG UserDaoTest:24 - =================================
2019-08-20 11:26:56 DEBUG StandardEnvironment:109 - Adding [systemProperties] PropertySource with lowest search precedence
2019-08-20 11:26:56 DEBUG StandardEnvironment:109 - Adding [systemEnvironment] PropertySource with lowest search precedence
2019-08-20 11:26:56 DEBUG StandardEnvironment:124 - Initialized StandardEnvironment with PropertySources [systemProperties,systemEnvironment]
2019-08-20 11:26:56 INFO  AnnotationConfigApplicationContext:583 - Refreshing org.springframework.context.annotation.AnnotationConfigApplicationContext@61e4705b: startup date [Tue Aug 20 11:26:56 KST 2019]; root of context hierarchy
2019-08-20 11:26:56 DEBUG AnnotationConfigApplicationContext:617 - Bean factory for org.springframework.context.annotation.AnnotationConfigApplicationContext@61e4705b: org.springframework.beans.factory.support.DefaultListableBeanFactory@2acf57e3: defining beans [org.springframework.context.annotation.internalConfigurationAnnotationProcessor,org.springframework.context.annotation.internalAutowiredAnnotationProcessor,org.springframework.context.annotation.internalRequiredAnnotationProcessor,org.springframework.context.annotation.internalCommonAnnotationProcessor,org.springframework.context.event.internalEventListenerProcessor,org.springframework.context.event.internalEventListenerFactory,daoFactory]; root of factory hierarchy
2019-08-20 11:26:56 DEBUG DefaultListableBeanFactory:221 - Creating shared instance of singleton bean 'org.springframework.context.annotation.internalConfigurationAnnotationProcessor'
2019-08-20 11:26:56 DEBUG DefaultListableBeanFactory:449 - Creating instance of bean 'org.springframework.context.annotation.internalConfigurationAnnotationProcessor'
2019-08-20 11:26:56 DEBUG DefaultListableBeanFactory:539 - Eagerly caching bean 'org.springframework.context.annotation.internalConfigurationAnnotationProcessor' to allow for resolving potential circular references
2019-08-20 11:26:56 DEBUG DefaultListableBeanFactory:485 - Finished creating instance of bean 'org.springframework.context.annotation.internalConfigurationAnnotationProcessor'
2019-08-20 11:26:56 DEBUG ConfigurationClassBeanDefinitionReader:262 - Registering bean definition for @Bean method com.ehr.DaoFactory.userDao()
2019-08-20 11:26:56 DEBUG ConfigurationClassEnhancer:112 - Successfully enhanced com.ehr.DaoFactory; enhanced class name is: com.ehr.DaoFactory$$EnhancerBySpringCGLIB$$79427672
2019-08-20 11:26:56 DEBUG ConfigurationClassPostProcessor:396 - Replacing bean definition 'daoFactory' existing class 'com.ehr.DaoFactory' with enhanced class 'com.ehr.DaoFactory$$EnhancerBySpringCGLIB$$79427672'
2019-08-20 11:26:56 DEBUG DefaultListableBeanFactory:221 - Creating shared instance of singleton bean 'org.springframework.context.annotation.internalAutowiredAnnotationProcessor'
2019-08-20 11:26:56 DEBUG DefaultListableBeanFactory:449 - Creating instance of bean 'org.springframework.context.annotation.internalAutowiredAnnotationProcessor'
2019-08-20 11:26:56 DEBUG DefaultListableBeanFactory:539 - Eagerly caching bean 'org.springframework.context.annotation.internalAutowiredAnnotationProcessor' to allow for resolving potential circular references
2019-08-20 11:26:56 DEBUG DefaultListableBeanFactory:485 - Finished creating instance of bean 'org.springframework.context.annotation.internalAutowiredAnnotationProcessor'
2019-08-20 11:26:56 DEBUG DefaultListableBeanFactory:221 - Creating shared instance of singleton bean 'org.springframework.context.annotation.internalRequiredAnnotationProcessor'
2019-08-20 11:26:56 DEBUG DefaultListableBeanFactory:449 - Creating instance of bean 'org.springframework.context.annotation.internalRequiredAnnotationProcessor'
2019-08-20 11:26:56 DEBUG DefaultListableBeanFactory:539 - Eagerly caching bean 'org.springframework.context.annotation.internalRequiredAnnotationProcessor' to allow for resolving potential circular references
2019-08-20 11:26:56 DEBUG DefaultListableBeanFactory:485 - Finished creating instance of bean 'org.springframework.context.annotation.internalRequiredAnnotationProcessor'
2019-08-20 11:26:56 DEBUG DefaultListableBeanFactory:221 - Creating shared instance of singleton bean 'org.springframework.context.annotation.internalCommonAnnotationProcessor'
2019-08-20 11:26:56 DEBUG DefaultListableBeanFactory:449 - Creating instance of bean 'org.springframework.context.annotation.internalCommonAnnotationProcessor'
2019-08-20 11:26:56 DEBUG DefaultListableBeanFactory:539 - Eagerly caching bean 'org.springframework.context.annotation.internalCommonAnnotationProcessor' to allow for resolving potential circular references
2019-08-20 11:26:56 DEBUG DefaultListableBeanFactory:485 - Finished creating instance of bean 'org.springframework.context.annotation.internalCommonAnnotationProcessor'
2019-08-20 11:26:56 DEBUG AnnotationConfigApplicationContext:734 - Unable to locate MessageSource with name 'messageSource': using default [org.springframework.context.support.DelegatingMessageSource@2e3fc542]
2019-08-20 11:26:56 DEBUG AnnotationConfigApplicationContext:758 - Unable to locate ApplicationEventMulticaster with name 'applicationEventMulticaster': using default [org.springframework.context.event.SimpleApplicationEventMulticaster@2eda0940]
2019-08-20 11:26:56 DEBUG DefaultListableBeanFactory:730 - Pre-instantiating singletons in org.springframework.beans.factory.support.DefaultListableBeanFactory@2acf57e3: defining beans [org.springframework.context.annotation.internalConfigurationAnnotationProcessor,org.springframework.context.annotation.internalAutowiredAnnotationProcessor,org.springframework.context.annotation.internalRequiredAnnotationProcessor,org.springframework.context.annotation.internalCommonAnnotationProcessor,org.springframework.context.event.internalEventListenerProcessor,org.springframework.context.event.internalEventListenerFactory,daoFactory,userDao]; root of factory hierarchy
2019-08-20 11:26:56 DEBUG DefaultListableBeanFactory:251 - Returning cached instance of singleton bean 'org.springframework.context.annotation.internalConfigurationAnnotationProcessor'
2019-08-20 11:26:56 DEBUG DefaultListableBeanFactory:251 - Returning cached instance of singleton bean 'org.springframework.context.annotation.internalAutowiredAnnotationProcessor'
2019-08-20 11:26:56 DEBUG DefaultListableBeanFactory:251 - Returning cached instance of singleton bean 'org.springframework.context.annotation.internalRequiredAnnotationProcessor'
2019-08-20 11:26:56 DEBUG DefaultListableBeanFactory:251 - Returning cached instance of singleton bean 'org.springframework.context.annotation.internalCommonAnnotationProcessor'
2019-08-20 11:26:56 DEBUG DefaultListableBeanFactory:221 - Creating shared instance of singleton bean 'org.springframework.context.event.internalEventListenerProcessor'
2019-08-20 11:26:56 DEBUG DefaultListableBeanFactory:449 - Creating instance of bean 'org.springframework.context.event.internalEventListenerProcessor'
2019-08-20 11:26:56 DEBUG DefaultListableBeanFactory:539 - Eagerly caching bean 'org.springframework.context.event.internalEventListenerProcessor' to allow for resolving potential circular references
2019-08-20 11:26:56 DEBUG DefaultListableBeanFactory:485 - Finished creating instance of bean 'org.springframework.context.event.internalEventListenerProcessor'
2019-08-20 11:26:56 DEBUG DefaultListableBeanFactory:221 - Creating shared instance of singleton bean 'org.springframework.context.event.internalEventListenerFactory'
2019-08-20 11:26:56 DEBUG DefaultListableBeanFactory:449 - Creating instance of bean 'org.springframework.context.event.internalEventListenerFactory'
2019-08-20 11:26:56 DEBUG DefaultListableBeanFactory:539 - Eagerly caching bean 'org.springframework.context.event.internalEventListenerFactory' to allow for resolving potential circular references
2019-08-20 11:26:56 DEBUG DefaultListableBeanFactory:485 - Finished creating instance of bean 'org.springframework.context.event.internalEventListenerFactory'
2019-08-20 11:26:56 DEBUG DefaultListableBeanFactory:221 - Creating shared instance of singleton bean 'daoFactory'
2019-08-20 11:26:56 DEBUG DefaultListableBeanFactory:449 - Creating instance of bean 'daoFactory'
2019-08-20 11:26:56 DEBUG DefaultListableBeanFactory:539 - Eagerly caching bean 'daoFactory' to allow for resolving potential circular references
2019-08-20 11:26:56 DEBUG DefaultListableBeanFactory:485 - Finished creating instance of bean 'daoFactory'
2019-08-20 11:26:56 DEBUG DefaultListableBeanFactory:221 - Creating shared instance of singleton bean 'userDao'
2019-08-20 11:26:56 DEBUG DefaultListableBeanFactory:449 - Creating instance of bean 'userDao'
2019-08-20 11:26:56 DEBUG DefaultListableBeanFactory:251 - Returning cached instance of singleton bean 'daoFactory'
2019-08-20 11:26:56 DEBUG DefaultListableBeanFactory:539 - Eagerly caching bean 'userDao' to allow for resolving potential circular references
2019-08-20 11:26:56 DEBUG DefaultListableBeanFactory:485 - Finished creating instance of bean 'userDao'
2019-08-20 11:26:56 DEBUG DefaultListableBeanFactory:251 - Returning cached instance of singleton bean 'org.springframework.context.event.internalEventListenerFactory'
2019-08-20 11:26:56 DEBUG AnnotationConfigApplicationContext:785 - Unable to locate LifecycleProcessor with name 'lifecycleProcessor': using default [org.springframework.context.support.DefaultLifecycleProcessor@1188e820]
2019-08-20 11:26:56 DEBUG DefaultListableBeanFactory:251 - Returning cached instance of singleton bean 'lifecycleProcessor'
2019-08-20 11:26:56 DEBUG PropertySourcesPropertyResolver:91 - Could not find key 'spring.liveBeansView.mbeanDomain' in any property source
2019-08-20 11:26:56 DEBUG DefaultListableBeanFactory:251 - Returning cached instance of singleton bean 'userDao'
2019-08-20 11:26:56 DEBUG UserDaoTest:22 - =================================
2019-08-20 11:26:56 DEBUG UserDaoTest:23 - =01 dao=com.ehr.UserDao@4e4aea35
2019-08-20 11:26:56 DEBUG UserDaoTest:24 - =================================
2019-08-20 11:26:56 DEBUG UserDaoTest:28 - =================================
2019-08-20 11:26:56 DEBUG UserDaoTest:28 - =01 단건등록=
2019-08-20 11:26:56 DEBUG UserDaoTest:29 - =================================
2019-08-20 11:26:57 DEBUG UserDao:72 - =================================
2019-08-20 11:26:57 DEBUG UserDao:73 - 02. sql= INSERT INTO users ( 
     u_id,           
     name,           
     passwd          
 ) VALUES (          
     ?,              
     ?,              
     ?               
 )                   

2019-08-20 11:26:57 DEBUG UserDao:74 - =================================
2019-08-20 11:26:57 DEBUG UserDao:83 - =================================
2019-08-20 11:26:57 DEBUG UserDao:84 - 03. paam=User [u_id=j01_134, name=송영은, passwd=1234]
2019-08-20 11:26:57 DEBUG UserDao:85 - =================================
2019-08-20 11:26:57 DEBUG UserDao:91 - =================================
2019-08-20 11:26:57 DEBUG UserDao:92 - 04. Run flag=1
2019-08-20 11:26:57 DEBUG UserDao:93 - =================================
2019-08-20 11:26:57 DEBUG UserDaoTest:31 - =================================
2019-08-20 11:26:57 DEBUG UserDaoTest:32 - =01.01 add flag=1
2019-08-20 11:26:57 DEBUG UserDaoTest:33 - =================================
2019-08-20 11:26:57 DEBUG UserDaoTest:35 - =================================
2019-08-20 11:26:57 DEBUG UserDaoTest:36 - =01.02 단건등록 성공=j01_134
2019-08-20 11:26:57 DEBUG UserDaoTest:37 - =================================
2019-08-20 11:26:57 DEBUG UserDaoTest:39 - =================================
2019-08-20 11:26:57 DEBUG UserDaoTest:39 - =02 단건조회=
2019-08-20 11:26:57 DEBUG UserDaoTest:40 - =================================
2019-08-20 11:26:57 DEBUG UserDao:136 - =================================
2019-08-20 11:26:57 DEBUG UserDao:137 - 02. sql= SELECT      
     u_id,   
     name,   
     passwd  
 FROM        
     users   
 WHERE u_id = ?  

2019-08-20 11:26:57 DEBUG UserDao:138 - =================================
2019-08-20 11:26:57 DEBUG UserDao:145 - =============================
2019-08-20 11:26:57 DEBUG UserDao:146 - 03. id=j01_134
2019-08-20 11:26:57 DEBUG UserDao:147 - =============================
2019-08-20 11:26:57 DEBUG UserDao:161 - =============================
2019-08-20 11:26:57 DEBUG UserDao:162 - 04. Run outVO=User [u_id=j01_134, name=송영은, passwd=1234]
2019-08-20 11:26:57 DEBUG UserDao:163 - =============================
2019-08-20 11:26:57 DEBUG UserDaoTest:46 - ******************************************
2019-08-20 11:26:57 DEBUG UserDaoTest:47 - =02.01 단건조회 성공=j01_134
2019-08-20 11:26:57 DEBUG UserDaoTest:48 - ******************************************
2019-08-20 11:43:03 DEBUG StandardEnvironment:109 - Adding [systemProperties] PropertySource with lowest search precedence
2019-08-20 11:43:03 DEBUG StandardEnvironment:109 - Adding [systemEnvironment] PropertySource with lowest search precedence
2019-08-20 11:43:03 DEBUG StandardEnvironment:124 - Initialized StandardEnvironment with PropertySources [systemProperties,systemEnvironment]
2019-08-20 11:43:03 INFO  AnnotationConfigApplicationContext:583 - Refreshing org.springframework.context.annotation.AnnotationConfigApplicationContext@61e4705b: startup date [Tue Aug 20 11:43:03 KST 2019]; root of context hierarchy
2019-08-20 11:43:03 DEBUG AnnotationConfigApplicationContext:617 - Bean factory for org.springframework.context.annotation.AnnotationConfigApplicationContext@61e4705b: org.springframework.beans.factory.support.DefaultListableBeanFactory@2acf57e3: defining beans [org.springframework.context.annotation.internalConfigurationAnnotationProcessor,org.springframework.context.annotation.internalAutowiredAnnotationProcessor,org.springframework.context.annotation.internalRequiredAnnotationProcessor,org.springframework.context.annotation.internalCommonAnnotationProcessor,org.springframework.context.event.internalEventListenerProcessor,org.springframework.context.event.internalEventListenerFactory,daoFactory]; root of factory hierarchy
2019-08-20 11:43:03 DEBUG DefaultListableBeanFactory:221 - Creating shared instance of singleton bean 'org.springframework.context.annotation.internalConfigurationAnnotationProcessor'
2019-08-20 11:43:03 DEBUG DefaultListableBeanFactory:449 - Creating instance of bean 'org.springframework.context.annotation.internalConfigurationAnnotationProcessor'
2019-08-20 11:43:03 DEBUG DefaultListableBeanFactory:539 - Eagerly caching bean 'org.springframework.context.annotation.internalConfigurationAnnotationProcessor' to allow for resolving potential circular references
2019-08-20 11:43:03 DEBUG DefaultListableBeanFactory:485 - Finished creating instance of bean 'org.springframework.context.annotation.internalConfigurationAnnotationProcessor'
2019-08-20 11:43:03 DEBUG ConfigurationClassBeanDefinitionReader:262 - Registering bean definition for @Bean method com.ehr.DaoFactory.userDao()
2019-08-20 11:43:03 DEBUG ConfigurationClassEnhancer:112 - Successfully enhanced com.ehr.DaoFactory; enhanced class name is: com.ehr.DaoFactory$$EnhancerBySpringCGLIB$$79427672
2019-08-20 11:43:03 DEBUG ConfigurationClassPostProcessor:396 - Replacing bean definition 'daoFactory' existing class 'com.ehr.DaoFactory' with enhanced class 'com.ehr.DaoFactory$$EnhancerBySpringCGLIB$$79427672'
2019-08-20 11:43:03 DEBUG DefaultListableBeanFactory:221 - Creating shared instance of singleton bean 'org.springframework.context.annotation.internalAutowiredAnnotationProcessor'
2019-08-20 11:43:03 DEBUG DefaultListableBeanFactory:449 - Creating instance of bean 'org.springframework.context.annotation.internalAutowiredAnnotationProcessor'
2019-08-20 11:43:03 DEBUG DefaultListableBeanFactory:539 - Eagerly caching bean 'org.springframework.context.annotation.internalAutowiredAnnotationProcessor' to allow for resolving potential circular references
2019-08-20 11:43:03 DEBUG DefaultListableBeanFactory:485 - Finished creating instance of bean 'org.springframework.context.annotation.internalAutowiredAnnotationProcessor'
2019-08-20 11:43:03 DEBUG DefaultListableBeanFactory:221 - Creating shared instance of singleton bean 'org.springframework.context.annotation.internalRequiredAnnotationProcessor'
2019-08-20 11:43:03 DEBUG DefaultListableBeanFactory:449 - Creating instance of bean 'org.springframework.context.annotation.internalRequiredAnnotationProcessor'
2019-08-20 11:43:03 DEBUG DefaultListableBeanFactory:539 - Eagerly caching bean 'org.springframework.context.annotation.internalRequiredAnnotationProcessor' to allow for resolving potential circular references
2019-08-20 11:43:03 DEBUG DefaultListableBeanFactory:485 - Finished creating instance of bean 'org.springframework.context.annotation.internalRequiredAnnotationProcessor'
2019-08-20 11:43:03 DEBUG DefaultListableBeanFactory:221 - Creating shared instance of singleton bean 'org.springframework.context.annotation.internalCommonAnnotationProcessor'
2019-08-20 11:43:03 DEBUG DefaultListableBeanFactory:449 - Creating instance of bean 'org.springframework.context.annotation.internalCommonAnnotationProcessor'
2019-08-20 11:43:03 DEBUG DefaultListableBeanFactory:539 - Eagerly caching bean 'org.springframework.context.annotation.internalCommonAnnotationProcessor' to allow for resolving potential circular references
2019-08-20 11:43:03 DEBUG DefaultListableBeanFactory:485 - Finished creating instance of bean 'org.springframework.context.annotation.internalCommonAnnotationProcessor'
2019-08-20 11:43:03 DEBUG AnnotationConfigApplicationContext:734 - Unable to locate MessageSource with name 'messageSource': using default [org.springframework.context.support.DelegatingMessageSource@2e3fc542]
2019-08-20 11:43:03 DEBUG AnnotationConfigApplicationContext:758 - Unable to locate ApplicationEventMulticaster with name 'applicationEventMulticaster': using default [org.springframework.context.event.SimpleApplicationEventMulticaster@2eda0940]
2019-08-20 11:43:03 DEBUG DefaultListableBeanFactory:730 - Pre-instantiating singletons in org.springframework.beans.factory.support.DefaultListableBeanFactory@2acf57e3: defining beans [org.springframework.context.annotation.internalConfigurationAnnotationProcessor,org.springframework.context.annotation.internalAutowiredAnnotationProcessor,org.springframework.context.annotation.internalRequiredAnnotationProcessor,org.springframework.context.annotation.internalCommonAnnotationProcessor,org.springframework.context.event.internalEventListenerProcessor,org.springframework.context.event.internalEventListenerFactory,daoFactory,userDao]; root of factory hierarchy
2019-08-20 11:43:03 DEBUG DefaultListableBeanFactory:251 - Returning cached instance of singleton bean 'org.springframework.context.annotation.internalConfigurationAnnotationProcessor'
2019-08-20 11:43:03 DEBUG DefaultListableBeanFactory:251 - Returning cached instance of singleton bean 'org.springframework.context.annotation.internalAutowiredAnnotationProcessor'
2019-08-20 11:43:03 DEBUG DefaultListableBeanFactory:251 - Returning cached instance of singleton bean 'org.springframework.context.annotation.internalRequiredAnnotationProcessor'
2019-08-20 11:43:03 DEBUG DefaultListableBeanFactory:251 - Returning cached instance of singleton bean 'org.springframework.context.annotation.internalCommonAnnotationProcessor'
2019-08-20 11:43:03 DEBUG DefaultListableBeanFactory:221 - Creating shared instance of singleton bean 'org.springframework.context.event.internalEventListenerProcessor'
2019-08-20 11:43:03 DEBUG DefaultListableBeanFactory:449 - Creating instance of bean 'org.springframework.context.event.internalEventListenerProcessor'
2019-08-20 11:43:03 DEBUG DefaultListableBeanFactory:539 - Eagerly caching bean 'org.springframework.context.event.internalEventListenerProcessor' to allow for resolving potential circular references
2019-08-20 11:43:03 DEBUG DefaultListableBeanFactory:485 - Finished creating instance of bean 'org.springframework.context.event.internalEventListenerProcessor'
2019-08-20 11:43:03 DEBUG DefaultListableBeanFactory:221 - Creating shared instance of singleton bean 'org.springframework.context.event.internalEventListenerFactory'
2019-08-20 11:43:03 DEBUG DefaultListableBeanFactory:449 - Creating instance of bean 'org.springframework.context.event.internalEventListenerFactory'
2019-08-20 11:43:03 DEBUG DefaultListableBeanFactory:539 - Eagerly caching bean 'org.springframework.context.event.internalEventListenerFactory' to allow for resolving potential circular references
2019-08-20 11:43:03 DEBUG DefaultListableBeanFactory:485 - Finished creating instance of bean 'org.springframework.context.event.internalEventListenerFactory'
2019-08-20 11:43:03 DEBUG DefaultListableBeanFactory:221 - Creating shared instance of singleton bean 'daoFactory'
2019-08-20 11:43:03 DEBUG DefaultListableBeanFactory:449 - Creating instance of bean 'daoFactory'
2019-08-20 11:43:03 DEBUG DefaultListableBeanFactory:539 - Eagerly caching bean 'daoFactory' to allow for resolving potential circular references
2019-08-20 11:43:03 DEBUG DefaultListableBeanFactory:485 - Finished creating instance of bean 'daoFactory'
2019-08-20 11:43:03 DEBUG DefaultListableBeanFactory:221 - Creating shared instance of singleton bean 'userDao'
2019-08-20 11:43:03 DEBUG DefaultListableBeanFactory:449 - Creating instance of bean 'userDao'
2019-08-20 11:43:03 DEBUG DefaultListableBeanFactory:251 - Returning cached instance of singleton bean 'daoFactory'
2019-08-20 11:43:03 DEBUG DefaultListableBeanFactory:539 - Eagerly caching bean 'userDao' to allow for resolving potential circular references
2019-08-20 11:43:03 DEBUG DefaultListableBeanFactory:485 - Finished creating instance of bean 'userDao'
2019-08-20 11:43:03 DEBUG DefaultListableBeanFactory:251 - Returning cached instance of singleton bean 'org.springframework.context.event.internalEventListenerFactory'
2019-08-20 11:43:03 DEBUG AnnotationConfigApplicationContext:785 - Unable to locate LifecycleProcessor with name 'lifecycleProcessor': using default [org.springframework.context.support.DefaultLifecycleProcessor@1188e820]
2019-08-20 11:43:03 DEBUG DefaultListableBeanFactory:251 - Returning cached instance of singleton bean 'lifecycleProcessor'
2019-08-20 11:43:03 DEBUG PropertySourcesPropertyResolver:91 - Could not find key 'spring.liveBeansView.mbeanDomain' in any property source
2019-08-20 11:43:03 DEBUG DefaultListableBeanFactory:251 - Returning cached instance of singleton bean 'userDao'
2019-08-20 11:43:03 DEBUG DefaultListableBeanFactory:251 - Returning cached instance of singleton bean 'userDao'
2019-08-20 11:43:03 DEBUG DefaultListableBeanFactory:251 - Returning cached instance of singleton bean 'userDao'
2019-08-20 11:43:03 DEBUG UserDaoTest:24 - =================================
2019-08-20 11:43:03 DEBUG UserDaoTest:25 - =01 dao=com.ehr.UserDao@4e4aea35
2019-08-20 11:43:03 DEBUG UserDaoTest:26 - =01 dao02=com.ehr.UserDao@4e4aea35
2019-08-20 11:43:03 DEBUG UserDaoTest:27 - =01 dao03=com.ehr.UserDao@4e4aea35
2019-08-20 11:43:03 DEBUG UserDaoTest:28 - =================================
2019-08-20 14:25:27 DEBUG StandardEnvironment:109 - Adding [systemProperties] PropertySource with lowest search precedence
2019-08-20 14:25:27 DEBUG StandardEnvironment:109 - Adding [systemEnvironment] PropertySource with lowest search precedence
2019-08-20 14:25:27 DEBUG StandardEnvironment:124 - Initialized StandardEnvironment with PropertySources [systemProperties,systemEnvironment]
2019-08-20 14:25:27 INFO  XmlBeanDefinitionReader:317 - Loading XML bean definitions from class path resource [applicationContext.xml]
2019-08-20 14:25:27 DEBUG DefaultDocumentLoader:73 - Using JAXP provider [com.sun.org.apache.xerces.internal.jaxp.DocumentBuilderFactoryImpl]
2019-08-20 14:25:27 DEBUG PluggableSchemaResolver:141 - Loading schema mappings from [META-INF/spring.schemas]
2019-08-20 14:25:27 DEBUG PluggableSchemaResolver:147 - Loaded schema mappings: {http://www.springframework.org/schema/cache/spring-cache-4.2.xsd=org/springframework/cache/config/spring-cache-4.2.xsd, http://www.springframework.org/schema/aop/spring-aop-4.1.xsd=org/springframework/aop/config/spring-aop-4.1.xsd, http://www.springframework.org/schema/context/spring-context-3.1.xsd=org/springframework/context/config/spring-context-3.1.xsd, http://www.springframework.org/schema/util/spring-util-3.0.xsd=org/springframework/beans/factory/xml/spring-util-3.0.xsd, http://www.springframework.org/schema/tool/spring-tool.xsd=org/springframework/beans/factory/xml/spring-tool-4.3.xsd, http://www.springframework.org/schema/aop/spring-aop-3.2.xsd=org/springframework/aop/config/spring-aop-3.2.xsd, http://www.springframework.org/schema/lang/spring-lang-4.1.xsd=org/springframework/scripting/config/spring-lang-4.1.xsd, http://www.springframework.org/schema/context/spring-context-4.0.xsd=org/springframework/context/config/spring-context-4.0.xsd, http://www.springframework.org/schema/beans/spring-beans-4.2.xsd=org/springframework/beans/factory/xml/spring-beans-4.2.xsd, http://www.springframework.org/schema/tool/spring-tool-4.1.xsd=org/springframework/beans/factory/xml/spring-tool-4.1.xsd, http://www.springframework.org/schema/lang/spring-lang-3.2.xsd=org/springframework/scripting/config/spring-lang-3.2.xsd, http://www.springframework.org/schema/cache/spring-cache-3.2.xsd=org/springframework/cache/config/spring-cache-3.2.xsd, http://www.springframework.org/schema/jee/spring-jee-4.1.xsd=org/springframework/ejb/config/spring-jee-4.1.xsd, http://www.springframework.org/schema/util/spring-util-2.0.xsd=org/springframework/beans/factory/xml/spring-util-2.0.xsd, http://www.springframework.org/schema/task/spring-task-4.2.xsd=org/springframework/scheduling/config/spring-task-4.2.xsd, http://www.springframework.org/schema/tool/spring-tool-3.2.xsd=org/springframework/beans/factory/xml/spring-tool-3.2.xsd, http://www.springframework.org/schema/context/spring-context.xsd=org/springframework/context/config/spring-context-4.3.xsd, http://www.springframework.org/schema/cache/spring-cache-4.1.xsd=org/springframework/cache/config/spring-cache-4.1.xsd, http://www.springframework.org/schema/aop/spring-aop-4.0.xsd=org/springframework/aop/config/spring-aop-4.0.xsd, http://www.springframework.org/schema/jee/spring-jee-3.2.xsd=org/springframework/ejb/config/spring-jee-3.2.xsd, http://www.springframework.org/schema/context/spring-context-3.0.xsd=org/springframework/context/config/spring-context-3.0.xsd, http://www.springframework.org/schema/util/spring-util-4.3.xsd=org/springframework/beans/factory/xml/spring-util-4.3.xsd, http://www.springframework.org/schema/util/spring-util-2.5.xsd=org/springframework/beans/factory/xml/spring-util-2.5.xsd, http://www.springframework.org/schema/beans/spring-beans-3.2.xsd=org/springframework/beans/factory/xml/spring-beans-3.2.xsd, http://www.springframework.org/schema/aop/spring-aop-3.1.xsd=org/springframework/aop/config/spring-aop-3.1.xsd, http://www.springframework.org/schema/lang/spring-lang-4.0.xsd=org/springframework/scripting/config/spring-lang-4.0.xsd, http://www.springframework.org/schema/beans/spring-beans-4.1.xsd=org/springframework/beans/factory/xml/spring-beans-4.1.xsd, http://www.springframework.org/schema/tool/spring-tool-4.0.xsd=org/springframework/beans/factory/xml/spring-tool-4.0.xsd, http://www.springframework.org/schema/lang/spring-lang-3.1.xsd=org/springframework/scripting/config/spring-lang-3.1.xsd, http://www.springframework.org/schema/cache/spring-cache-3.1.xsd=org/springframework/cache/config/spring-cache-3.1.xsd, http://www.springframework.org/schema/jee/spring-jee-4.0.xsd=org/springframework/ejb/config/spring-jee-4.0.xsd, http://www.springframework.org/schema/task/spring-task-4.1.xsd=org/springframework/scheduling/config/spring-task-4.1.xsd, http://www.springframework.org/schema/tool/spring-tool-3.1.xsd=org/springframework/beans/factory/xml/spring-tool-3.1.xsd, http://www.springframework.org/schema/cache/spring-cache-4.0.xsd=org/springframework/cache/config/spring-cache-4.0.xsd, http://www.springframework.org/schema/jee/spring-jee-3.1.xsd=org/springframework/ejb/config/spring-jee-3.1.xsd, http://www.springframework.org/schema/util/spring-util-4.2.xsd=org/springframework/beans/factory/xml/spring-util-4.2.xsd, http://www.springframework.org/schema/task/spring-task-3.2.xsd=org/springframework/scheduling/config/spring-task-3.2.xsd, http://www.springframework.org/schema/beans/spring-beans-3.1.xsd=org/springframework/beans/factory/xml/spring-beans-3.1.xsd, http://www.springframework.org/schema/util/spring-util.xsd=org/springframework/beans/factory/xml/spring-util-4.3.xsd, http://www.springframework.org/schema/aop/spring-aop-3.0.xsd=org/springframework/aop/config/spring-aop-3.0.xsd, http://www.springframework.org/schema/beans/spring-beans-4.0.xsd=org/springframework/beans/factory/xml/spring-beans-4.0.xsd, http://www.springframework.org/schema/beans/spring-beans.xsd=org/springframework/beans/factory/xml/spring-beans-4.3.xsd, http://www.springframework.org/schema/lang/spring-lang-3.0.xsd=org/springframework/scripting/config/spring-lang-3.0.xsd, http://www.springframework.org/schema/context/spring-context-2.5.xsd=org/springframework/context/config/spring-context-2.5.xsd, http://www.springframework.org/schema/context/spring-context-4.3.xsd=org/springframework/context/config/spring-context-4.3.xsd, http://www.springframework.org/schema/task/spring-task-4.0.xsd=org/springframework/scheduling/config/spring-task-4.0.xsd, http://www.springframework.org/schema/tool/spring-tool-3.0.xsd=org/springframework/beans/factory/xml/spring-tool-3.0.xsd, http://www.springframework.org/schema/aop/spring-aop-2.0.xsd=org/springframework/aop/config/spring-aop-2.0.xsd, http://www.springframework.org/schema/jee/spring-jee-3.0.xsd=org/springframework/ejb/config/spring-jee-3.0.xsd, http://www.springframework.org/schema/util/spring-util-4.1.xsd=org/springframework/beans/factory/xml/spring-util-4.1.xsd, http://www.springframework.org/schema/task/spring-task-3.1.xsd=org/springframework/scheduling/config/spring-task-3.1.xsd, http://www.springframework.org/schema/beans/spring-beans-3.0.xsd=org/springframework/beans/factory/xml/spring-beans-3.0.xsd, http://www.springframework.org/schema/jee/spring-jee.xsd=org/springframework/ejb/config/spring-jee-4.3.xsd, http://www.springframework.org/schema/aop/spring-aop-2.5.xsd=org/springframework/aop/config/spring-aop-2.5.xsd, http://www.springframework.org/schema/aop/spring-aop-4.3.xsd=org/springframework/aop/config/spring-aop-4.3.xsd, http://www.springframework.org/schema/lang/spring-lang-2.0.xsd=org/springframework/scripting/config/spring-lang-2.0.xsd, http://www.springframework.org/schema/util/spring-util-3.2.xsd=org/springframework/beans/factory/xml/spring-util-3.2.xsd, http://www.springframework.org/schema/task/spring-task.xsd=org/springframework/scheduling/config/spring-task-4.3.xsd, http://www.springframework.org/schema/tool/spring-tool-2.0.xsd=org/springframework/beans/factory/xml/spring-tool-2.0.xsd, http://www.springframework.org/schema/lang/spring-lang-2.5.xsd=org/springframework/scripting/config/spring-lang-2.5.xsd, http://www.springframework.org/schema/lang/spring-lang-4.3.xsd=org/springframework/scripting/config/spring-lang-4.3.xsd, http://www.springframework.org/schema/context/spring-context-4.2.xsd=org/springframework/context/config/spring-context-4.2.xsd, http://www.springframework.org/schema/jee/spring-jee-2.0.xsd=org/springframework/ejb/config/spring-jee-2.0.xsd, http://www.springframework.org/schema/tool/spring-tool-4.3.xsd=org/springframework/beans/factory/xml/spring-tool-4.3.xsd, http://www.springframework.org/schema/tool/spring-tool-2.5.xsd=org/springframework/beans/factory/xml/spring-tool-2.5.xsd, http://www.springframework.org/schema/jee/spring-jee-4.3.xsd=org/springframework/ejb/config/spring-jee-4.3.xsd, http://www.springframework.org/schema/jee/spring-jee-2.5.xsd=org/springframework/ejb/config/spring-jee-2.5.xsd, http://www.springframework.org/schema/util/spring-util-4.0.xsd=org/springframework/beans/factory/xml/spring-util-4.0.xsd, http://www.springframework.org/schema/task/spring-task-3.0.xsd=org/springframework/scheduling/config/spring-task-3.0.xsd, http://www.springframework.org/schema/cache/spring-cache-4.3.xsd=org/springframework/cache/config/spring-cache-4.3.xsd, http://www.springframework.org/schema/aop/spring-aop-4.2.xsd=org/springframework/aop/config/spring-aop-4.2.xsd, http://www.springframework.org/schema/lang/spring-lang.xsd=org/springframework/scripting/config/spring-lang-4.3.xsd, http://www.springframework.org/schema/context/spring-context-3.2.xsd=org/springframework/context/config/spring-context-3.2.xsd, http://www.springframework.org/schema/util/spring-util-3.1.xsd=org/springframework/beans/factory/xml/spring-util-3.1.xsd, http://www.springframework.org/schema/beans/spring-beans-2.0.xsd=org/springframework/beans/factory/xml/spring-beans-2.0.xsd, http://www.springframework.org/schema/cache/spring-cache.xsd=org/springframework/cache/config/spring-cache-4.3.xsd, http://www.springframework.org/schema/lang/spring-lang-4.2.xsd=org/springframework/scripting/config/spring-lang-4.2.xsd, http://www.springframework.org/schema/context/spring-context-4.1.xsd=org/springframework/context/config/spring-context-4.1.xsd, http://www.springframework.org/schema/beans/spring-beans-2.5.xsd=org/springframework/beans/factory/xml/spring-beans-2.5.xsd, http://www.springframework.org/schema/beans/spring-beans-4.3.xsd=org/springframework/beans/factory/xml/spring-beans-4.3.xsd, http://www.springframework.org/schema/tool/spring-tool-4.2.xsd=org/springframework/beans/factory/xml/spring-tool-4.2.xsd, http://www.springframework.org/schema/jee/spring-jee-4.2.xsd=org/springframework/ejb/config/spring-jee-4.2.xsd, http://www.springframework.org/schema/task/spring-task-4.3.xsd=org/springframework/scheduling/config/spring-task-4.3.xsd, http://www.springframework.org/schema/aop/spring-aop.xsd=org/springframework/aop/config/spring-aop-4.3.xsd}
2019-08-20 14:25:27 DEBUG PluggableSchemaResolver:119 - Found XML schema [http://www.springframework.org/schema/beans/spring-beans.xsd] in classpath: org/springframework/beans/factory/xml/spring-beans-4.3.xsd
2019-08-20 14:25:27 DEBUG DefaultBeanDefinitionDocumentReader:92 - Loading bean definitions
2019-08-20 14:25:27 DEBUG XmlBeanDefinitionReader:224 - Loaded 2 bean definitions from location pattern [/applicationContext.xml]
2019-08-20 14:25:27 INFO  GenericXmlApplicationContext:583 - Refreshing org.springframework.context.support.GenericXmlApplicationContext@78e03bb5: startup date [Tue Aug 20 14:25:27 KST 2019]; root of context hierarchy
2019-08-20 14:25:27 DEBUG GenericXmlApplicationContext:617 - Bean factory for org.springframework.context.support.GenericXmlApplicationContext@78e03bb5: org.springframework.beans.factory.support.DefaultListableBeanFactory@2c8d66b2: defining beans [connectionMaker,userDao]; root of factory hierarchy
2019-08-20 14:25:27 DEBUG GenericXmlApplicationContext:734 - Unable to locate MessageSource with name 'messageSource': using default [org.springframework.context.support.DelegatingMessageSource@50f8360d]
2019-08-20 14:25:27 DEBUG GenericXmlApplicationContext:758 - Unable to locate ApplicationEventMulticaster with name 'applicationEventMulticaster': using default [org.springframework.context.event.SimpleApplicationEventMulticaster@59e84876]
2019-08-20 14:25:27 DEBUG DefaultListableBeanFactory:730 - Pre-instantiating singletons in org.springframework.beans.factory.support.DefaultListableBeanFactory@2c8d66b2: defining beans [connectionMaker,userDao]; root of factory hierarchy
2019-08-20 14:25:27 DEBUG DefaultListableBeanFactory:221 - Creating shared instance of singleton bean 'connectionMaker'
2019-08-20 14:25:27 DEBUG DefaultListableBeanFactory:449 - Creating instance of bean 'connectionMaker'
2019-08-20 14:25:27 DEBUG DefaultListableBeanFactory:539 - Eagerly caching bean 'connectionMaker' to allow for resolving potential circular references
2019-08-20 14:25:27 DEBUG DefaultListableBeanFactory:485 - Finished creating instance of bean 'connectionMaker'
2019-08-20 14:25:27 DEBUG DefaultListableBeanFactory:221 - Creating shared instance of singleton bean 'userDao'
2019-08-20 14:25:27 DEBUG DefaultListableBeanFactory:449 - Creating instance of bean 'userDao'
2019-08-20 14:25:27 DEBUG DefaultListableBeanFactory:539 - Eagerly caching bean 'userDao' to allow for resolving potential circular references
2019-08-20 14:25:27 DEBUG DefaultListableBeanFactory:251 - Returning cached instance of singleton bean 'connectionMaker'
2019-08-20 14:25:27 DEBUG DefaultListableBeanFactory:485 - Finished creating instance of bean 'userDao'
2019-08-20 14:25:27 DEBUG GenericXmlApplicationContext:785 - Unable to locate LifecycleProcessor with name 'lifecycleProcessor': using default [org.springframework.context.support.DefaultLifecycleProcessor@3c0ecd4b]
2019-08-20 14:25:27 DEBUG DefaultListableBeanFactory:251 - Returning cached instance of singleton bean 'lifecycleProcessor'
2019-08-20 14:25:27 DEBUG PropertySourcesPropertyResolver:91 - Could not find key 'spring.liveBeansView.mbeanDomain' in any property source
2019-08-20 14:25:27 DEBUG UserDaoXMLTest:23 - =================================
2019-08-20 14:25:27 DEBUG UserDaoXMLTest:24 - =context=org.springframework.context.support.GenericXmlApplicationContext@78e03bb5: startup date [Tue Aug 20 14:25:27 KST 2019]; root of context hierarchy
2019-08-20 14:25:27 DEBUG UserDaoXMLTest:25 - =================================
2019-08-20 14:29:58 DEBUG StandardEnvironment:109 - Adding [systemProperties] PropertySource with lowest search precedence
2019-08-20 14:29:58 DEBUG StandardEnvironment:109 - Adding [systemEnvironment] PropertySource with lowest search precedence
2019-08-20 14:29:58 DEBUG StandardEnvironment:124 - Initialized StandardEnvironment with PropertySources [systemProperties,systemEnvironment]
2019-08-20 14:29:58 INFO  XmlBeanDefinitionReader:317 - Loading XML bean definitions from class path resource [applicationContext.xml]
2019-08-20 14:29:58 DEBUG DefaultDocumentLoader:73 - Using JAXP provider [com.sun.org.apache.xerces.internal.jaxp.DocumentBuilderFactoryImpl]
2019-08-20 14:29:58 DEBUG PluggableSchemaResolver:141 - Loading schema mappings from [META-INF/spring.schemas]
2019-08-20 14:29:58 DEBUG PluggableSchemaResolver:147 - Loaded schema mappings: {http://www.springframework.org/schema/cache/spring-cache-4.2.xsd=org/springframework/cache/config/spring-cache-4.2.xsd, http://www.springframework.org/schema/aop/spring-aop-4.1.xsd=org/springframework/aop/config/spring-aop-4.1.xsd, http://www.springframework.org/schema/context/spring-context-3.1.xsd=org/springframework/context/config/spring-context-3.1.xsd, http://www.springframework.org/schema/util/spring-util-3.0.xsd=org/springframework/beans/factory/xml/spring-util-3.0.xsd, http://www.springframework.org/schema/tool/spring-tool.xsd=org/springframework/beans/factory/xml/spring-tool-4.3.xsd, http://www.springframework.org/schema/aop/spring-aop-3.2.xsd=org/springframework/aop/config/spring-aop-3.2.xsd, http://www.springframework.org/schema/lang/spring-lang-4.1.xsd=org/springframework/scripting/config/spring-lang-4.1.xsd, http://www.springframework.org/schema/context/spring-context-4.0.xsd=org/springframework/context/config/spring-context-4.0.xsd, http://www.springframework.org/schema/beans/spring-beans-4.2.xsd=org/springframework/beans/factory/xml/spring-beans-4.2.xsd, http://www.springframework.org/schema/tool/spring-tool-4.1.xsd=org/springframework/beans/factory/xml/spring-tool-4.1.xsd, http://www.springframework.org/schema/lang/spring-lang-3.2.xsd=org/springframework/scripting/config/spring-lang-3.2.xsd, http://www.springframework.org/schema/cache/spring-cache-3.2.xsd=org/springframework/cache/config/spring-cache-3.2.xsd, http://www.springframework.org/schema/jee/spring-jee-4.1.xsd=org/springframework/ejb/config/spring-jee-4.1.xsd, http://www.springframework.org/schema/util/spring-util-2.0.xsd=org/springframework/beans/factory/xml/spring-util-2.0.xsd, http://www.springframework.org/schema/task/spring-task-4.2.xsd=org/springframework/scheduling/config/spring-task-4.2.xsd, http://www.springframework.org/schema/tool/spring-tool-3.2.xsd=org/springframework/beans/factory/xml/spring-tool-3.2.xsd, http://www.springframework.org/schema/context/spring-context.xsd=org/springframework/context/config/spring-context-4.3.xsd, http://www.springframework.org/schema/cache/spring-cache-4.1.xsd=org/springframework/cache/config/spring-cache-4.1.xsd, http://www.springframework.org/schema/aop/spring-aop-4.0.xsd=org/springframework/aop/config/spring-aop-4.0.xsd, http://www.springframework.org/schema/jee/spring-jee-3.2.xsd=org/springframework/ejb/config/spring-jee-3.2.xsd, http://www.springframework.org/schema/context/spring-context-3.0.xsd=org/springframework/context/config/spring-context-3.0.xsd, http://www.springframework.org/schema/util/spring-util-4.3.xsd=org/springframework/beans/factory/xml/spring-util-4.3.xsd, http://www.springframework.org/schema/util/spring-util-2.5.xsd=org/springframework/beans/factory/xml/spring-util-2.5.xsd, http://www.springframework.org/schema/beans/spring-beans-3.2.xsd=org/springframework/beans/factory/xml/spring-beans-3.2.xsd, http://www.springframework.org/schema/aop/spring-aop-3.1.xsd=org/springframework/aop/config/spring-aop-3.1.xsd, http://www.springframework.org/schema/lang/spring-lang-4.0.xsd=org/springframework/scripting/config/spring-lang-4.0.xsd, http://www.springframework.org/schema/beans/spring-beans-4.1.xsd=org/springframework/beans/factory/xml/spring-beans-4.1.xsd, http://www.springframework.org/schema/tool/spring-tool-4.0.xsd=org/springframework/beans/factory/xml/spring-tool-4.0.xsd, http://www.springframework.org/schema/lang/spring-lang-3.1.xsd=org/springframework/scripting/config/spring-lang-3.1.xsd, http://www.springframework.org/schema/cache/spring-cache-3.1.xsd=org/springframework/cache/config/spring-cache-3.1.xsd, http://www.springframework.org/schema/jee/spring-jee-4.0.xsd=org/springframework/ejb/config/spring-jee-4.0.xsd, http://www.springframework.org/schema/task/spring-task-4.1.xsd=org/springframework/scheduling/config/spring-task-4.1.xsd, http://www.springframework.org/schema/tool/spring-tool-3.1.xsd=org/springframework/beans/factory/xml/spring-tool-3.1.xsd, http://www.springframework.org/schema/cache/spring-cache-4.0.xsd=org/springframework/cache/config/spring-cache-4.0.xsd, http://www.springframework.org/schema/jee/spring-jee-3.1.xsd=org/springframework/ejb/config/spring-jee-3.1.xsd, http://www.springframework.org/schema/util/spring-util-4.2.xsd=org/springframework/beans/factory/xml/spring-util-4.2.xsd, http://www.springframework.org/schema/task/spring-task-3.2.xsd=org/springframework/scheduling/config/spring-task-3.2.xsd, http://www.springframework.org/schema/beans/spring-beans-3.1.xsd=org/springframework/beans/factory/xml/spring-beans-3.1.xsd, http://www.springframework.org/schema/util/spring-util.xsd=org/springframework/beans/factory/xml/spring-util-4.3.xsd, http://www.springframework.org/schema/aop/spring-aop-3.0.xsd=org/springframework/aop/config/spring-aop-3.0.xsd, http://www.springframework.org/schema/beans/spring-beans-4.0.xsd=org/springframework/beans/factory/xml/spring-beans-4.0.xsd, http://www.springframework.org/schema/beans/spring-beans.xsd=org/springframework/beans/factory/xml/spring-beans-4.3.xsd, http://www.springframework.org/schema/lang/spring-lang-3.0.xsd=org/springframework/scripting/config/spring-lang-3.0.xsd, http://www.springframework.org/schema/context/spring-context-2.5.xsd=org/springframework/context/config/spring-context-2.5.xsd, http://www.springframework.org/schema/context/spring-context-4.3.xsd=org/springframework/context/config/spring-context-4.3.xsd, http://www.springframework.org/schema/task/spring-task-4.0.xsd=org/springframework/scheduling/config/spring-task-4.0.xsd, http://www.springframework.org/schema/tool/spring-tool-3.0.xsd=org/springframework/beans/factory/xml/spring-tool-3.0.xsd, http://www.springframework.org/schema/aop/spring-aop-2.0.xsd=org/springframework/aop/config/spring-aop-2.0.xsd, http://www.springframework.org/schema/jee/spring-jee-3.0.xsd=org/springframework/ejb/config/spring-jee-3.0.xsd, http://www.springframework.org/schema/util/spring-util-4.1.xsd=org/springframework/beans/factory/xml/spring-util-4.1.xsd, http://www.springframework.org/schema/task/spring-task-3.1.xsd=org/springframework/scheduling/config/spring-task-3.1.xsd, http://www.springframework.org/schema/beans/spring-beans-3.0.xsd=org/springframework/beans/factory/xml/spring-beans-3.0.xsd, http://www.springframework.org/schema/jee/spring-jee.xsd=org/springframework/ejb/config/spring-jee-4.3.xsd, http://www.springframework.org/schema/aop/spring-aop-2.5.xsd=org/springframework/aop/config/spring-aop-2.5.xsd, http://www.springframework.org/schema/aop/spring-aop-4.3.xsd=org/springframework/aop/config/spring-aop-4.3.xsd, http://www.springframework.org/schema/lang/spring-lang-2.0.xsd=org/springframework/scripting/config/spring-lang-2.0.xsd, http://www.springframework.org/schema/util/spring-util-3.2.xsd=org/springframework/beans/factory/xml/spring-util-3.2.xsd, http://www.springframework.org/schema/task/spring-task.xsd=org/springframework/scheduling/config/spring-task-4.3.xsd, http://www.springframework.org/schema/tool/spring-tool-2.0.xsd=org/springframework/beans/factory/xml/spring-tool-2.0.xsd, http://www.springframework.org/schema/lang/spring-lang-2.5.xsd=org/springframework/scripting/config/spring-lang-2.5.xsd, http://www.springframework.org/schema/lang/spring-lang-4.3.xsd=org/springframework/scripting/config/spring-lang-4.3.xsd, http://www.springframework.org/schema/context/spring-context-4.2.xsd=org/springframework/context/config/spring-context-4.2.xsd, http://www.springframework.org/schema/jee/spring-jee-2.0.xsd=org/springframework/ejb/config/spring-jee-2.0.xsd, http://www.springframework.org/schema/tool/spring-tool-4.3.xsd=org/springframework/beans/factory/xml/spring-tool-4.3.xsd, http://www.springframework.org/schema/tool/spring-tool-2.5.xsd=org/springframework/beans/factory/xml/spring-tool-2.5.xsd, http://www.springframework.org/schema/jee/spring-jee-4.3.xsd=org/springframework/ejb/config/spring-jee-4.3.xsd, http://www.springframework.org/schema/jee/spring-jee-2.5.xsd=org/springframework/ejb/config/spring-jee-2.5.xsd, http://www.springframework.org/schema/util/spring-util-4.0.xsd=org/springframework/beans/factory/xml/spring-util-4.0.xsd, http://www.springframework.org/schema/task/spring-task-3.0.xsd=org/springframework/scheduling/config/spring-task-3.0.xsd, http://www.springframework.org/schema/cache/spring-cache-4.3.xsd=org/springframework/cache/config/spring-cache-4.3.xsd, http://www.springframework.org/schema/aop/spring-aop-4.2.xsd=org/springframework/aop/config/spring-aop-4.2.xsd, http://www.springframework.org/schema/lang/spring-lang.xsd=org/springframework/scripting/config/spring-lang-4.3.xsd, http://www.springframework.org/schema/context/spring-context-3.2.xsd=org/springframework/context/config/spring-context-3.2.xsd, http://www.springframework.org/schema/util/spring-util-3.1.xsd=org/springframework/beans/factory/xml/spring-util-3.1.xsd, http://www.springframework.org/schema/beans/spring-beans-2.0.xsd=org/springframework/beans/factory/xml/spring-beans-2.0.xsd, http://www.springframework.org/schema/cache/spring-cache.xsd=org/springframework/cache/config/spring-cache-4.3.xsd, http://www.springframework.org/schema/lang/spring-lang-4.2.xsd=org/springframework/scripting/config/spring-lang-4.2.xsd, http://www.springframework.org/schema/context/spring-context-4.1.xsd=org/springframework/context/config/spring-context-4.1.xsd, http://www.springframework.org/schema/beans/spring-beans-2.5.xsd=org/springframework/beans/factory/xml/spring-beans-2.5.xsd, http://www.springframework.org/schema/beans/spring-beans-4.3.xsd=org/springframework/beans/factory/xml/spring-beans-4.3.xsd, http://www.springframework.org/schema/tool/spring-tool-4.2.xsd=org/springframework/beans/factory/xml/spring-tool-4.2.xsd, http://www.springframework.org/schema/jee/spring-jee-4.2.xsd=org/springframework/ejb/config/spring-jee-4.2.xsd, http://www.springframework.org/schema/task/spring-task-4.3.xsd=org/springframework/scheduling/config/spring-task-4.3.xsd, http://www.springframework.org/schema/aop/spring-aop.xsd=org/springframework/aop/config/spring-aop-4.3.xsd}
2019-08-20 14:29:58 DEBUG PluggableSchemaResolver:119 - Found XML schema [http://www.springframework.org/schema/beans/spring-beans.xsd] in classpath: org/springframework/beans/factory/xml/spring-beans-4.3.xsd
2019-08-20 14:29:58 DEBUG DefaultBeanDefinitionDocumentReader:92 - Loading bean definitions
2019-08-20 14:29:58 DEBUG XmlBeanDefinitionReader:224 - Loaded 2 bean definitions from location pattern [/applicationContext.xml]
2019-08-20 14:29:58 INFO  GenericXmlApplicationContext:583 - Refreshing org.springframework.context.support.GenericXmlApplicationContext@78e03bb5: startup date [Tue Aug 20 14:29:58 KST 2019]; root of context hierarchy
2019-08-20 14:29:58 DEBUG GenericXmlApplicationContext:617 - Bean factory for org.springframework.context.support.GenericXmlApplicationContext@78e03bb5: org.springframework.beans.factory.support.DefaultListableBeanFactory@2c8d66b2: defining beans [connectionMaker,userDao]; root of factory hierarchy
2019-08-20 14:29:58 DEBUG GenericXmlApplicationContext:734 - Unable to locate MessageSource with name 'messageSource': using default [org.springframework.context.support.DelegatingMessageSource@50f8360d]
2019-08-20 14:29:58 DEBUG GenericXmlApplicationContext:758 - Unable to locate ApplicationEventMulticaster with name 'applicationEventMulticaster': using default [org.springframework.context.event.SimpleApplicationEventMulticaster@59e84876]
2019-08-20 14:29:58 DEBUG DefaultListableBeanFactory:730 - Pre-instantiating singletons in org.springframework.beans.factory.support.DefaultListableBeanFactory@2c8d66b2: defining beans [connectionMaker,userDao]; root of factory hierarchy
2019-08-20 14:29:58 DEBUG DefaultListableBeanFactory:221 - Creating shared instance of singleton bean 'connectionMaker'
2019-08-20 14:29:58 DEBUG DefaultListableBeanFactory:449 - Creating instance of bean 'connectionMaker'
2019-08-20 14:29:58 DEBUG DefaultListableBeanFactory:539 - Eagerly caching bean 'connectionMaker' to allow for resolving potential circular references
2019-08-20 14:29:58 DEBUG DefaultListableBeanFactory:485 - Finished creating instance of bean 'connectionMaker'
2019-08-20 14:29:58 DEBUG DefaultListableBeanFactory:221 - Creating shared instance of singleton bean 'userDao'
2019-08-20 14:29:58 DEBUG DefaultListableBeanFactory:449 - Creating instance of bean 'userDao'
2019-08-20 14:29:58 DEBUG DefaultListableBeanFactory:539 - Eagerly caching bean 'userDao' to allow for resolving potential circular references
2019-08-20 14:29:58 DEBUG DefaultListableBeanFactory:251 - Returning cached instance of singleton bean 'connectionMaker'
2019-08-20 14:29:58 DEBUG DefaultListableBeanFactory:485 - Finished creating instance of bean 'userDao'
2019-08-20 14:29:58 DEBUG GenericXmlApplicationContext:785 - Unable to locate LifecycleProcessor with name 'lifecycleProcessor': using default [org.springframework.context.support.DefaultLifecycleProcessor@3c0ecd4b]
2019-08-20 14:29:58 DEBUG DefaultListableBeanFactory:251 - Returning cached instance of singleton bean 'lifecycleProcessor'
2019-08-20 14:29:58 DEBUG PropertySourcesPropertyResolver:91 - Could not find key 'spring.liveBeansView.mbeanDomain' in any property source
2019-08-20 14:29:58 DEBUG UserDaoXMLTest:23 - =================================
2019-08-20 14:29:58 DEBUG UserDaoXMLTest:24 - =context=org.springframework.context.support.GenericXmlApplicationContext@78e03bb5: startup date [Tue Aug 20 14:29:58 KST 2019]; root of context hierarchy
2019-08-20 14:29:58 DEBUG UserDaoXMLTest:25 - =================================
2019-08-20 14:29:58 DEBUG DefaultListableBeanFactory:251 - Returning cached instance of singleton bean 'userDao'
2019-08-20 14:29:58 DEBUG DefaultListableBeanFactory:251 - Returning cached instance of singleton bean 'userDao'
2019-08-20 14:29:58 DEBUG DefaultListableBeanFactory:251 - Returning cached instance of singleton bean 'userDao'
2019-08-20 14:29:58 DEBUG UserDaoXMLTest:31 - =================================
2019-08-20 14:29:58 DEBUG UserDaoXMLTest:32 - =01 dao=com.ehr.UserDao@3fee9989
2019-08-20 14:29:58 DEBUG UserDaoXMLTest:33 - =01 dao02=com.ehr.UserDao@3fee9989
2019-08-20 14:29:58 DEBUG UserDaoXMLTest:34 - =01 dao03=com.ehr.UserDao@3fee9989
2019-08-20 14:29:58 DEBUG UserDaoXMLTest:35 - =================================
2019-08-20 14:30:55 DEBUG StandardEnvironment:109 - Adding [systemProperties] PropertySource with lowest search precedence
2019-08-20 14:30:55 DEBUG StandardEnvironment:109 - Adding [systemEnvironment] PropertySource with lowest search precedence
2019-08-20 14:30:55 DEBUG StandardEnvironment:124 - Initialized StandardEnvironment with PropertySources [systemProperties,systemEnvironment]
2019-08-20 14:30:55 INFO  XmlBeanDefinitionReader:317 - Loading XML bean definitions from class path resource [applicationContext.xml]
2019-08-20 14:30:55 DEBUG DefaultDocumentLoader:73 - Using JAXP provider [com.sun.org.apache.xerces.internal.jaxp.DocumentBuilderFactoryImpl]
2019-08-20 14:30:55 DEBUG PluggableSchemaResolver:141 - Loading schema mappings from [META-INF/spring.schemas]
2019-08-20 14:30:55 DEBUG PluggableSchemaResolver:147 - Loaded schema mappings: {http://www.springframework.org/schema/cache/spring-cache-4.2.xsd=org/springframework/cache/config/spring-cache-4.2.xsd, http://www.springframework.org/schema/aop/spring-aop-4.1.xsd=org/springframework/aop/config/spring-aop-4.1.xsd, http://www.springframework.org/schema/context/spring-context-3.1.xsd=org/springframework/context/config/spring-context-3.1.xsd, http://www.springframework.org/schema/util/spring-util-3.0.xsd=org/springframework/beans/factory/xml/spring-util-3.0.xsd, http://www.springframework.org/schema/tool/spring-tool.xsd=org/springframework/beans/factory/xml/spring-tool-4.3.xsd, http://www.springframework.org/schema/aop/spring-aop-3.2.xsd=org/springframework/aop/config/spring-aop-3.2.xsd, http://www.springframework.org/schema/lang/spring-lang-4.1.xsd=org/springframework/scripting/config/spring-lang-4.1.xsd, http://www.springframework.org/schema/context/spring-context-4.0.xsd=org/springframework/context/config/spring-context-4.0.xsd, http://www.springframework.org/schema/beans/spring-beans-4.2.xsd=org/springframework/beans/factory/xml/spring-beans-4.2.xsd, http://www.springframework.org/schema/tool/spring-tool-4.1.xsd=org/springframework/beans/factory/xml/spring-tool-4.1.xsd, http://www.springframework.org/schema/lang/spring-lang-3.2.xsd=org/springframework/scripting/config/spring-lang-3.2.xsd, http://www.springframework.org/schema/cache/spring-cache-3.2.xsd=org/springframework/cache/config/spring-cache-3.2.xsd, http://www.springframework.org/schema/jee/spring-jee-4.1.xsd=org/springframework/ejb/config/spring-jee-4.1.xsd, http://www.springframework.org/schema/util/spring-util-2.0.xsd=org/springframework/beans/factory/xml/spring-util-2.0.xsd, http://www.springframework.org/schema/task/spring-task-4.2.xsd=org/springframework/scheduling/config/spring-task-4.2.xsd, http://www.springframework.org/schema/tool/spring-tool-3.2.xsd=org/springframework/beans/factory/xml/spring-tool-3.2.xsd, http://www.springframework.org/schema/context/spring-context.xsd=org/springframework/context/config/spring-context-4.3.xsd, http://www.springframework.org/schema/cache/spring-cache-4.1.xsd=org/springframework/cache/config/spring-cache-4.1.xsd, http://www.springframework.org/schema/aop/spring-aop-4.0.xsd=org/springframework/aop/config/spring-aop-4.0.xsd, http://www.springframework.org/schema/jee/spring-jee-3.2.xsd=org/springframework/ejb/config/spring-jee-3.2.xsd, http://www.springframework.org/schema/context/spring-context-3.0.xsd=org/springframework/context/config/spring-context-3.0.xsd, http://www.springframework.org/schema/util/spring-util-4.3.xsd=org/springframework/beans/factory/xml/spring-util-4.3.xsd, http://www.springframework.org/schema/util/spring-util-2.5.xsd=org/springframework/beans/factory/xml/spring-util-2.5.xsd, http://www.springframework.org/schema/beans/spring-beans-3.2.xsd=org/springframework/beans/factory/xml/spring-beans-3.2.xsd, http://www.springframework.org/schema/aop/spring-aop-3.1.xsd=org/springframework/aop/config/spring-aop-3.1.xsd, http://www.springframework.org/schema/lang/spring-lang-4.0.xsd=org/springframework/scripting/config/spring-lang-4.0.xsd, http://www.springframework.org/schema/beans/spring-beans-4.1.xsd=org/springframework/beans/factory/xml/spring-beans-4.1.xsd, http://www.springframework.org/schema/tool/spring-tool-4.0.xsd=org/springframework/beans/factory/xml/spring-tool-4.0.xsd, http://www.springframework.org/schema/lang/spring-lang-3.1.xsd=org/springframework/scripting/config/spring-lang-3.1.xsd, http://www.springframework.org/schema/cache/spring-cache-3.1.xsd=org/springframework/cache/config/spring-cache-3.1.xsd, http://www.springframework.org/schema/jee/spring-jee-4.0.xsd=org/springframework/ejb/config/spring-jee-4.0.xsd, http://www.springframework.org/schema/task/spring-task-4.1.xsd=org/springframework/scheduling/config/spring-task-4.1.xsd, http://www.springframework.org/schema/tool/spring-tool-3.1.xsd=org/springframework/beans/factory/xml/spring-tool-3.1.xsd, http://www.springframework.org/schema/cache/spring-cache-4.0.xsd=org/springframework/cache/config/spring-cache-4.0.xsd, http://www.springframework.org/schema/jee/spring-jee-3.1.xsd=org/springframework/ejb/config/spring-jee-3.1.xsd, http://www.springframework.org/schema/util/spring-util-4.2.xsd=org/springframework/beans/factory/xml/spring-util-4.2.xsd, http://www.springframework.org/schema/task/spring-task-3.2.xsd=org/springframework/scheduling/config/spring-task-3.2.xsd, http://www.springframework.org/schema/beans/spring-beans-3.1.xsd=org/springframework/beans/factory/xml/spring-beans-3.1.xsd, http://www.springframework.org/schema/util/spring-util.xsd=org/springframework/beans/factory/xml/spring-util-4.3.xsd, http://www.springframework.org/schema/aop/spring-aop-3.0.xsd=org/springframework/aop/config/spring-aop-3.0.xsd, http://www.springframework.org/schema/beans/spring-beans-4.0.xsd=org/springframework/beans/factory/xml/spring-beans-4.0.xsd, http://www.springframework.org/schema/beans/spring-beans.xsd=org/springframework/beans/factory/xml/spring-beans-4.3.xsd, http://www.springframework.org/schema/lang/spring-lang-3.0.xsd=org/springframework/scripting/config/spring-lang-3.0.xsd, http://www.springframework.org/schema/context/spring-context-2.5.xsd=org/springframework/context/config/spring-context-2.5.xsd, http://www.springframework.org/schema/context/spring-context-4.3.xsd=org/springframework/context/config/spring-context-4.3.xsd, http://www.springframework.org/schema/task/spring-task-4.0.xsd=org/springframework/scheduling/config/spring-task-4.0.xsd, http://www.springframework.org/schema/tool/spring-tool-3.0.xsd=org/springframework/beans/factory/xml/spring-tool-3.0.xsd, http://www.springframework.org/schema/aop/spring-aop-2.0.xsd=org/springframework/aop/config/spring-aop-2.0.xsd, http://www.springframework.org/schema/jee/spring-jee-3.0.xsd=org/springframework/ejb/config/spring-jee-3.0.xsd, http://www.springframework.org/schema/util/spring-util-4.1.xsd=org/springframework/beans/factory/xml/spring-util-4.1.xsd, http://www.springframework.org/schema/task/spring-task-3.1.xsd=org/springframework/scheduling/config/spring-task-3.1.xsd, http://www.springframework.org/schema/beans/spring-beans-3.0.xsd=org/springframework/beans/factory/xml/spring-beans-3.0.xsd, http://www.springframework.org/schema/jee/spring-jee.xsd=org/springframework/ejb/config/spring-jee-4.3.xsd, http://www.springframework.org/schema/aop/spring-aop-2.5.xsd=org/springframework/aop/config/spring-aop-2.5.xsd, http://www.springframework.org/schema/aop/spring-aop-4.3.xsd=org/springframework/aop/config/spring-aop-4.3.xsd, http://www.springframework.org/schema/lang/spring-lang-2.0.xsd=org/springframework/scripting/config/spring-lang-2.0.xsd, http://www.springframework.org/schema/util/spring-util-3.2.xsd=org/springframework/beans/factory/xml/spring-util-3.2.xsd, http://www.springframework.org/schema/task/spring-task.xsd=org/springframework/scheduling/config/spring-task-4.3.xsd, http://www.springframework.org/schema/tool/spring-tool-2.0.xsd=org/springframework/beans/factory/xml/spring-tool-2.0.xsd, http://www.springframework.org/schema/lang/spring-lang-2.5.xsd=org/springframework/scripting/config/spring-lang-2.5.xsd, http://www.springframework.org/schema/lang/spring-lang-4.3.xsd=org/springframework/scripting/config/spring-lang-4.3.xsd, http://www.springframework.org/schema/context/spring-context-4.2.xsd=org/springframework/context/config/spring-context-4.2.xsd, http://www.springframework.org/schema/jee/spring-jee-2.0.xsd=org/springframework/ejb/config/spring-jee-2.0.xsd, http://www.springframework.org/schema/tool/spring-tool-4.3.xsd=org/springframework/beans/factory/xml/spring-tool-4.3.xsd, http://www.springframework.org/schema/tool/spring-tool-2.5.xsd=org/springframework/beans/factory/xml/spring-tool-2.5.xsd, http://www.springframework.org/schema/jee/spring-jee-4.3.xsd=org/springframework/ejb/config/spring-jee-4.3.xsd, http://www.springframework.org/schema/jee/spring-jee-2.5.xsd=org/springframework/ejb/config/spring-jee-2.5.xsd, http://www.springframework.org/schema/util/spring-util-4.0.xsd=org/springframework/beans/factory/xml/spring-util-4.0.xsd, http://www.springframework.org/schema/task/spring-task-3.0.xsd=org/springframework/scheduling/config/spring-task-3.0.xsd, http://www.springframework.org/schema/cache/spring-cache-4.3.xsd=org/springframework/cache/config/spring-cache-4.3.xsd, http://www.springframework.org/schema/aop/spring-aop-4.2.xsd=org/springframework/aop/config/spring-aop-4.2.xsd, http://www.springframework.org/schema/lang/spring-lang.xsd=org/springframework/scripting/config/spring-lang-4.3.xsd, http://www.springframework.org/schema/context/spring-context-3.2.xsd=org/springframework/context/config/spring-context-3.2.xsd, http://www.springframework.org/schema/util/spring-util-3.1.xsd=org/springframework/beans/factory/xml/spring-util-3.1.xsd, http://www.springframework.org/schema/beans/spring-beans-2.0.xsd=org/springframework/beans/factory/xml/spring-beans-2.0.xsd, http://www.springframework.org/schema/cache/spring-cache.xsd=org/springframework/cache/config/spring-cache-4.3.xsd, http://www.springframework.org/schema/lang/spring-lang-4.2.xsd=org/springframework/scripting/config/spring-lang-4.2.xsd, http://www.springframework.org/schema/context/spring-context-4.1.xsd=org/springframework/context/config/spring-context-4.1.xsd, http://www.springframework.org/schema/beans/spring-beans-2.5.xsd=org/springframework/beans/factory/xml/spring-beans-2.5.xsd, http://www.springframework.org/schema/beans/spring-beans-4.3.xsd=org/springframework/beans/factory/xml/spring-beans-4.3.xsd, http://www.springframework.org/schema/tool/spring-tool-4.2.xsd=org/springframework/beans/factory/xml/spring-tool-4.2.xsd, http://www.springframework.org/schema/jee/spring-jee-4.2.xsd=org/springframework/ejb/config/spring-jee-4.2.xsd, http://www.springframework.org/schema/task/spring-task-4.3.xsd=org/springframework/scheduling/config/spring-task-4.3.xsd, http://www.springframework.org/schema/aop/spring-aop.xsd=org/springframework/aop/config/spring-aop-4.3.xsd}
2019-08-20 14:30:55 DEBUG PluggableSchemaResolver:119 - Found XML schema [http://www.springframework.org/schema/beans/spring-beans.xsd] in classpath: org/springframework/beans/factory/xml/spring-beans-4.3.xsd
2019-08-20 14:30:55 DEBUG DefaultBeanDefinitionDocumentReader:92 - Loading bean definitions
2019-08-20 14:30:55 DEBUG XmlBeanDefinitionReader:224 - Loaded 2 bean definitions from location pattern [/applicationContext.xml]
2019-08-20 14:30:55 INFO  GenericXmlApplicationContext:583 - Refreshing org.springframework.context.support.GenericXmlApplicationContext@78e03bb5: startup date [Tue Aug 20 14:30:55 KST 2019]; root of context hierarchy
2019-08-20 14:30:55 DEBUG GenericXmlApplicationContext:617 - Bean factory for org.springframework.context.support.GenericXmlApplicationContext@78e03bb5: org.springframework.beans.factory.support.DefaultListableBeanFactory@2c8d66b2: defining beans [connectionMaker,userDao]; root of factory hierarchy
2019-08-20 14:30:55 DEBUG GenericXmlApplicationContext:734 - Unable to locate MessageSource with name 'messageSource': using default [org.springframework.context.support.DelegatingMessageSource@50f8360d]
2019-08-20 14:30:55 DEBUG GenericXmlApplicationContext:758 - Unable to locate ApplicationEventMulticaster with name 'applicationEventMulticaster': using default [org.springframework.context.event.SimpleApplicationEventMulticaster@59e84876]
2019-08-20 14:30:55 DEBUG DefaultListableBeanFactory:730 - Pre-instantiating singletons in org.springframework.beans.factory.support.DefaultListableBeanFactory@2c8d66b2: defining beans [connectionMaker,userDao]; root of factory hierarchy
2019-08-20 14:30:55 DEBUG DefaultListableBeanFactory:221 - Creating shared instance of singleton bean 'connectionMaker'
2019-08-20 14:30:55 DEBUG DefaultListableBeanFactory:449 - Creating instance of bean 'connectionMaker'
2019-08-20 14:30:55 DEBUG DefaultListableBeanFactory:539 - Eagerly caching bean 'connectionMaker' to allow for resolving potential circular references
2019-08-20 14:30:55 DEBUG DefaultListableBeanFactory:485 - Finished creating instance of bean 'connectionMaker'
2019-08-20 14:30:55 DEBUG DefaultListableBeanFactory:221 - Creating shared instance of singleton bean 'userDao'
2019-08-20 14:30:55 DEBUG DefaultListableBeanFactory:449 - Creating instance of bean 'userDao'
2019-08-20 14:30:55 DEBUG DefaultListableBeanFactory:539 - Eagerly caching bean 'userDao' to allow for resolving potential circular references
2019-08-20 14:30:55 DEBUG DefaultListableBeanFactory:251 - Returning cached instance of singleton bean 'connectionMaker'
2019-08-20 14:30:55 DEBUG DefaultListableBeanFactory:485 - Finished creating instance of bean 'userDao'
2019-08-20 14:30:55 DEBUG GenericXmlApplicationContext:785 - Unable to locate LifecycleProcessor with name 'lifecycleProcessor': using default [org.springframework.context.support.DefaultLifecycleProcessor@3c0ecd4b]
2019-08-20 14:30:55 DEBUG DefaultListableBeanFactory:251 - Returning cached instance of singleton bean 'lifecycleProcessor'
2019-08-20 14:30:55 DEBUG PropertySourcesPropertyResolver:91 - Could not find key 'spring.liveBeansView.mbeanDomain' in any property source
2019-08-20 14:30:55 DEBUG UserDaoXMLTest:23 - =================================
2019-08-20 14:30:55 DEBUG UserDaoXMLTest:24 - =context=org.springframework.context.support.GenericXmlApplicationContext@78e03bb5: startup date [Tue Aug 20 14:30:55 KST 2019]; root of context hierarchy
2019-08-20 14:30:55 DEBUG UserDaoXMLTest:25 - =================================
2019-08-20 14:30:55 DEBUG DefaultListableBeanFactory:251 - Returning cached instance of singleton bean 'userDao'
2019-08-20 14:30:55 DEBUG DefaultListableBeanFactory:251 - Returning cached instance of singleton bean 'userDao'
2019-08-20 14:30:55 DEBUG DefaultListableBeanFactory:251 - Returning cached instance of singleton bean 'userDao'
2019-08-20 14:30:55 DEBUG UserDaoXMLTest:31 - =================================
2019-08-20 14:30:55 DEBUG UserDaoXMLTest:32 - =01 dao=com.ehr.UserDao@3fee9989
2019-08-20 14:30:55 DEBUG UserDaoXMLTest:33 - =01 dao02=com.ehr.UserDao@3fee9989
2019-08-20 14:30:55 DEBUG UserDaoXMLTest:34 - =01 dao03=com.ehr.UserDao@3fee9989
2019-08-20 14:30:55 DEBUG UserDaoXMLTest:35 - =================================
2019-08-20 14:30:55 DEBUG UserDaoXMLTest:40 - =================================
2019-08-20 14:30:55 DEBUG UserDaoXMLTest:41 - =01 단건등록=
2019-08-20 14:30:55 DEBUG UserDaoXMLTest:42 - =================================
2019-08-20 14:30:56 DEBUG UserDao:77 - =================================
2019-08-20 14:30:56 DEBUG UserDao:78 - 02. sql= INSERT INTO users ( 
     u_id,           
     name,           
     passwd          
 ) VALUES (          
     ?,              
     ?,              
     ?               
 )                   

2019-08-20 14:30:56 DEBUG UserDao:79 - =================================
2019-08-20 14:30:56 DEBUG UserDao:88 - =================================
2019-08-20 14:30:56 DEBUG UserDao:89 - 03. paam=User [u_id=j01_134, name=송영은, passwd=1234]
2019-08-20 14:30:56 DEBUG UserDao:90 - =================================
2019-08-20 14:30:56 DEBUG UserDao:96 - =================================
2019-08-20 14:30:56 DEBUG UserDao:97 - 04. Run flag=1
2019-08-20 14:30:56 DEBUG UserDao:98 - =================================
2019-08-20 14:30:56 DEBUG UserDaoXMLTest:45 - =================================
2019-08-20 14:30:56 DEBUG UserDaoXMLTest:46 - =01.01 add flag=1
2019-08-20 14:30:56 DEBUG UserDaoXMLTest:47 - =================================
2019-08-20 14:30:56 DEBUG UserDaoXMLTest:50 - =================================
2019-08-20 14:30:56 DEBUG UserDaoXMLTest:51 - =01.02 단건등록 성공=j01_134
2019-08-20 14:30:56 DEBUG UserDaoXMLTest:52 - =================================
2019-08-20 14:30:56 DEBUG UserDaoXMLTest:55 - =================================
2019-08-20 14:30:56 DEBUG UserDaoXMLTest:56 - =02 단건조회=
2019-08-20 14:30:56 DEBUG UserDaoXMLTest:57 - =================================
2019-08-20 14:30:56 DEBUG UserDao:141 - =================================
2019-08-20 14:30:56 DEBUG UserDao:142 - 02. sql= SELECT      
     u_id,   
     name,   
     passwd  
 FROM        
     users   
 WHERE u_id = ?  

2019-08-20 14:30:56 DEBUG UserDao:143 - =================================
2019-08-20 14:30:56 DEBUG UserDao:150 - =============================
2019-08-20 14:30:56 DEBUG UserDao:151 - 03. id=j01_134
2019-08-20 14:30:56 DEBUG UserDao:152 - =============================
2019-08-20 14:30:56 DEBUG UserDao:166 - =============================
2019-08-20 14:30:56 DEBUG UserDao:167 - 04. Run outVO=User [u_id=j01_134, name=송영은, passwd=1234]
2019-08-20 14:30:56 DEBUG UserDao:168 - =============================
2019-08-20 14:30:56 DEBUG UserDaoXMLTest:63 - ******************************************
2019-08-20 14:30:56 DEBUG UserDaoXMLTest:64 - =02.01 단건조회 성공=j01_134
2019-08-20 14:30:56 DEBUG UserDaoXMLTest:65 - ******************************************
