2019-08-20 11:24:58,997 DEBUG [main] env.StandardEnvironment (MutablePropertySources.java:109)     - Adding [systemProperties] PropertySource with lowest search precedence
2019-08-20 11:24:59,002 DEBUG [main] env.StandardEnvironment (MutablePropertySources.java:109)     - Adding [systemEnvironment] PropertySource with lowest search precedence
2019-08-20 11:24:59,004 DEBUG [main] env.StandardEnvironment (AbstractEnvironment.java:124)     - Initialized StandardEnvironment with PropertySources [systemProperties,systemEnvironment]
2019-08-20 11:24:59,039 INFO  [main] annotation.AnnotationConfigApplicationContext (AbstractApplicationContext.java:583)     - Refreshing org.springframework.context.annotation.AnnotationConfigApplicationContext@61e4705b: startup date [Tue Aug 20 11:24:59 KST 2019]; root of context hierarchy
2019-08-20 11:24:59,040 DEBUG [main] annotation.AnnotationConfigApplicationContext (AbstractApplicationContext.java:617)     - Bean factory for org.springframework.context.annotation.AnnotationConfigApplicationContext@61e4705b: org.springframework.beans.factory.support.DefaultListableBeanFactory@2acf57e3: defining beans [org.springframework.context.annotation.internalConfigurationAnnotationProcessor,org.springframework.context.annotation.internalAutowiredAnnotationProcessor,org.springframework.context.annotation.internalRequiredAnnotationProcessor,org.springframework.context.annotation.internalCommonAnnotationProcessor,org.springframework.context.event.internalEventListenerProcessor,org.springframework.context.event.internalEventListenerFactory,daoFactory]; root of factory hierarchy
2019-08-20 11:24:59,048 DEBUG [main] support.DefaultListableBeanFactory (DefaultSingletonBeanRegistry.java:221)     - Creating shared instance of singleton bean 'org.springframework.context.annotation.internalConfigurationAnnotationProcessor'
2019-08-20 11:24:59,048 DEBUG [main] support.DefaultListableBeanFactory (AbstractAutowireCapableBeanFactory.java:449)     - Creating instance of bean 'org.springframework.context.annotation.internalConfigurationAnnotationProcessor'
2019-08-20 11:24:59,066 DEBUG [main] support.DefaultListableBeanFactory (AbstractAutowireCapableBeanFactory.java:539)     - Eagerly caching bean 'org.springframework.context.annotation.internalConfigurationAnnotationProcessor' to allow for resolving potential circular references
2019-08-20 11:24:59,067 DEBUG [main] support.DefaultListableBeanFactory (AbstractAutowireCapableBeanFactory.java:485)     - Finished creating instance of bean 'org.springframework.context.annotation.internalConfigurationAnnotationProcessor'
2019-08-20 11:24:59,082 DEBUG [main] annotation.ConfigurationClassBeanDefinitionReader (ConfigurationClassBeanDefinitionReader.java:262)     - Registering bean definition for @Bean method com.ehr.DaoFactory.userDao()
2019-08-20 11:24:59,125 DEBUG [main] annotation.ConfigurationClassEnhancer (ConfigurationClassEnhancer.java:112)     - Successfully enhanced com.ehr.DaoFactory; enhanced class name is: com.ehr.DaoFactory$$EnhancerBySpringCGLIB$$79427672
2019-08-20 11:24:59,125 DEBUG [main] annotation.ConfigurationClassPostProcessor (ConfigurationClassPostProcessor.java:396)     - Replacing bean definition 'daoFactory' existing class 'com.ehr.DaoFactory' with enhanced class 'com.ehr.DaoFactory$$EnhancerBySpringCGLIB$$79427672'
2019-08-20 11:24:59,126 DEBUG [main] support.DefaultListableBeanFactory (DefaultSingletonBeanRegistry.java:221)     - Creating shared instance of singleton bean 'org.springframework.context.annotation.internalAutowiredAnnotationProcessor'
2019-08-20 11:24:59,127 DEBUG [main] support.DefaultListableBeanFactory (AbstractAutowireCapableBeanFactory.java:449)     - Creating instance of bean 'org.springframework.context.annotation.internalAutowiredAnnotationProcessor'
2019-08-20 11:24:59,127 DEBUG [main] support.DefaultListableBeanFactory (AbstractAutowireCapableBeanFactory.java:539)     - Eagerly caching bean 'org.springframework.context.annotation.internalAutowiredAnnotationProcessor' to allow for resolving potential circular references
2019-08-20 11:24:59,138 DEBUG [main] support.DefaultListableBeanFactory (AbstractAutowireCapableBeanFactory.java:485)     - Finished creating instance of bean 'org.springframework.context.annotation.internalAutowiredAnnotationProcessor'
2019-08-20 11:24:59,138 DEBUG [main] support.DefaultListableBeanFactory (DefaultSingletonBeanRegistry.java:221)     - Creating shared instance of singleton bean 'org.springframework.context.annotation.internalRequiredAnnotationProcessor'
2019-08-20 11:24:59,139 DEBUG [main] support.DefaultListableBeanFactory (AbstractAutowireCapableBeanFactory.java:449)     - Creating instance of bean 'org.springframework.context.annotation.internalRequiredAnnotationProcessor'
2019-08-20 11:24:59,139 DEBUG [main] support.DefaultListableBeanFactory (AbstractAutowireCapableBeanFactory.java:539)     - Eagerly caching bean 'org.springframework.context.annotation.internalRequiredAnnotationProcessor' to allow for resolving potential circular references
2019-08-20 11:24:59,141 DEBUG [main] support.DefaultListableBeanFactory (AbstractAutowireCapableBeanFactory.java:485)     - Finished creating instance of bean 'org.springframework.context.annotation.internalRequiredAnnotationProcessor'
2019-08-20 11:24:59,141 DEBUG [main] support.DefaultListableBeanFactory (DefaultSingletonBeanRegistry.java:221)     - Creating shared instance of singleton bean 'org.springframework.context.annotation.internalCommonAnnotationProcessor'
2019-08-20 11:24:59,141 DEBUG [main] support.DefaultListableBeanFactory (AbstractAutowireCapableBeanFactory.java:449)     - Creating instance of bean 'org.springframework.context.annotation.internalCommonAnnotationProcessor'
2019-08-20 11:24:59,143 DEBUG [main] support.DefaultListableBeanFactory (AbstractAutowireCapableBeanFactory.java:539)     - Eagerly caching bean 'org.springframework.context.annotation.internalCommonAnnotationProcessor' to allow for resolving potential circular references
2019-08-20 11:24:59,146 DEBUG [main] support.DefaultListableBeanFactory (AbstractAutowireCapableBeanFactory.java:485)     - Finished creating instance of bean 'org.springframework.context.annotation.internalCommonAnnotationProcessor'
2019-08-20 11:24:59,147 DEBUG [main] annotation.AnnotationConfigApplicationContext (AbstractApplicationContext.java:734)     - Unable to locate MessageSource with name 'messageSource': using default [org.springframework.context.support.DelegatingMessageSource@2e3fc542]
2019-08-20 11:24:59,148 DEBUG [main] annotation.AnnotationConfigApplicationContext (AbstractApplicationContext.java:758)     - Unable to locate ApplicationEventMulticaster with name 'applicationEventMulticaster': using default [org.springframework.context.event.SimpleApplicationEventMulticaster@2eda0940]
2019-08-20 11:24:59,148 DEBUG [main] support.DefaultListableBeanFactory (DefaultListableBeanFactory.java:730)     - Pre-instantiating singletons in org.springframework.beans.factory.support.DefaultListableBeanFactory@2acf57e3: defining beans [org.springframework.context.annotation.internalConfigurationAnnotationProcessor,org.springframework.context.annotation.internalAutowiredAnnotationProcessor,org.springframework.context.annotation.internalRequiredAnnotationProcessor,org.springframework.context.annotation.internalCommonAnnotationProcessor,org.springframework.context.event.internalEventListenerProcessor,org.springframework.context.event.internalEventListenerFactory,daoFactory,userDao]; root of factory hierarchy
2019-08-20 11:24:59,149 DEBUG [main] support.DefaultListableBeanFactory (AbstractBeanFactory.java:251)     - Returning cached instance of singleton bean 'org.springframework.context.annotation.internalConfigurationAnnotationProcessor'
2019-08-20 11:24:59,149 DEBUG [main] support.DefaultListableBeanFactory (AbstractBeanFactory.java:251)     - Returning cached instance of singleton bean 'org.springframework.context.annotation.internalAutowiredAnnotationProcessor'
2019-08-20 11:24:59,149 DEBUG [main] support.DefaultListableBeanFactory (AbstractBeanFactory.java:251)     - Returning cached instance of singleton bean 'org.springframework.context.annotation.internalRequiredAnnotationProcessor'
2019-08-20 11:24:59,149 DEBUG [main] support.DefaultListableBeanFactory (AbstractBeanFactory.java:251)     - Returning cached instance of singleton bean 'org.springframework.context.annotation.internalCommonAnnotationProcessor'
2019-08-20 11:24:59,149 DEBUG [main] support.DefaultListableBeanFactory (DefaultSingletonBeanRegistry.java:221)     - Creating shared instance of singleton bean 'org.springframework.context.event.internalEventListenerProcessor'
2019-08-20 11:24:59,149 DEBUG [main] support.DefaultListableBeanFactory (AbstractAutowireCapableBeanFactory.java:449)     - Creating instance of bean 'org.springframework.context.event.internalEventListenerProcessor'
2019-08-20 11:24:59,152 DEBUG [main] support.DefaultListableBeanFactory (AbstractAutowireCapableBeanFactory.java:539)     - Eagerly caching bean 'org.springframework.context.event.internalEventListenerProcessor' to allow for resolving potential circular references
2019-08-20 11:24:59,153 DEBUG [main] support.DefaultListableBeanFactory (AbstractAutowireCapableBeanFactory.java:485)     - Finished creating instance of bean 'org.springframework.context.event.internalEventListenerProcessor'
2019-08-20 11:24:59,153 DEBUG [main] support.DefaultListableBeanFactory (DefaultSingletonBeanRegistry.java:221)     - Creating shared instance of singleton bean 'org.springframework.context.event.internalEventListenerFactory'
2019-08-20 11:24:59,153 DEBUG [main] support.DefaultListableBeanFactory (AbstractAutowireCapableBeanFactory.java:449)     - Creating instance of bean 'org.springframework.context.event.internalEventListenerFactory'
2019-08-20 11:24:59,153 DEBUG [main] support.DefaultListableBeanFactory (AbstractAutowireCapableBeanFactory.java:539)     - Eagerly caching bean 'org.springframework.context.event.internalEventListenerFactory' to allow for resolving potential circular references
2019-08-20 11:24:59,155 DEBUG [main] support.DefaultListableBeanFactory (AbstractAutowireCapableBeanFactory.java:485)     - Finished creating instance of bean 'org.springframework.context.event.internalEventListenerFactory'
2019-08-20 11:24:59,155 DEBUG [main] support.DefaultListableBeanFactory (DefaultSingletonBeanRegistry.java:221)     - Creating shared instance of singleton bean 'daoFactory'
2019-08-20 11:24:59,155 DEBUG [main] support.DefaultListableBeanFactory (AbstractAutowireCapableBeanFactory.java:449)     - Creating instance of bean 'daoFactory'
2019-08-20 11:24:59,155 DEBUG [main] support.DefaultListableBeanFactory (AbstractAutowireCapableBeanFactory.java:539)     - Eagerly caching bean 'daoFactory' to allow for resolving potential circular references
2019-08-20 11:24:59,156 DEBUG [main] support.DefaultListableBeanFactory (AbstractAutowireCapableBeanFactory.java:485)     - Finished creating instance of bean 'daoFactory'
2019-08-20 11:24:59,157 DEBUG [main] support.DefaultListableBeanFactory (DefaultSingletonBeanRegistry.java:221)     - Creating shared instance of singleton bean 'userDao'
2019-08-20 11:24:59,157 DEBUG [main] support.DefaultListableBeanFactory (AbstractAutowireCapableBeanFactory.java:449)     - Creating instance of bean 'userDao'
2019-08-20 11:24:59,158 DEBUG [main] support.DefaultListableBeanFactory (AbstractBeanFactory.java:251)     - Returning cached instance of singleton bean 'daoFactory'
2019-08-20 11:24:59,167 DEBUG [main] support.DefaultListableBeanFactory (AbstractAutowireCapableBeanFactory.java:539)     - Eagerly caching bean 'userDao' to allow for resolving potential circular references
2019-08-20 11:24:59,168 DEBUG [main] support.DefaultListableBeanFactory (AbstractAutowireCapableBeanFactory.java:485)     - Finished creating instance of bean 'userDao'
2019-08-20 11:24:59,168 DEBUG [main] support.DefaultListableBeanFactory (AbstractBeanFactory.java:251)     - Returning cached instance of singleton bean 'org.springframework.context.event.internalEventListenerFactory'
2019-08-20 11:24:59,180 DEBUG [main] annotation.AnnotationConfigApplicationContext (AbstractApplicationContext.java:785)     - Unable to locate LifecycleProcessor with name 'lifecycleProcessor': using default [org.springframework.context.support.DefaultLifecycleProcessor@1188e820]
2019-08-20 11:24:59,180 DEBUG [main] support.DefaultListableBeanFactory (AbstractBeanFactory.java:251)     - Returning cached instance of singleton bean 'lifecycleProcessor'
2019-08-20 11:24:59,181 DEBUG [main] env.PropertySourcesPropertyResolver (PropertySourcesPropertyResolver.java:91)     - Could not find key 'spring.liveBeansView.mbeanDomain' in any property source
2019-08-20 11:24:59,182 DEBUG [main] support.DefaultListableBeanFactory (AbstractBeanFactory.java:251)     - Returning cached instance of singleton bean 'userDao'
2019-08-20 11:24:59,182 DEBUG [main] ehr.UserDaoTest   (UserDaoTest.java:22)     - =================================
2019-08-20 11:24:59,182 DEBUG [main] ehr.UserDaoTest   (UserDaoTest.java:23)     - =01 dao=com.ehr.UserDao@4e4aea35
2019-08-20 11:24:59,182 DEBUG [main] ehr.UserDaoTest   (UserDaoTest.java:24)     - =================================
2019-08-20 11:26:56,749 DEBUG [main] env.StandardEnvironment (MutablePropertySources.java:109)     - Adding [systemProperties] PropertySource with lowest search precedence
2019-08-20 11:26:56,754 DEBUG [main] env.StandardEnvironment (MutablePropertySources.java:109)     - Adding [systemEnvironment] PropertySource with lowest search precedence
2019-08-20 11:26:56,755 DEBUG [main] env.StandardEnvironment (AbstractEnvironment.java:124)     - Initialized StandardEnvironment with PropertySources [systemProperties,systemEnvironment]
2019-08-20 11:26:56,790 INFO  [main] annotation.AnnotationConfigApplicationContext (AbstractApplicationContext.java:583)     - Refreshing org.springframework.context.annotation.AnnotationConfigApplicationContext@61e4705b: startup date [Tue Aug 20 11:26:56 KST 2019]; root of context hierarchy
2019-08-20 11:26:56,791 DEBUG [main] annotation.AnnotationConfigApplicationContext (AbstractApplicationContext.java:617)     - Bean factory for org.springframework.context.annotation.AnnotationConfigApplicationContext@61e4705b: org.springframework.beans.factory.support.DefaultListableBeanFactory@2acf57e3: defining beans [org.springframework.context.annotation.internalConfigurationAnnotationProcessor,org.springframework.context.annotation.internalAutowiredAnnotationProcessor,org.springframework.context.annotation.internalRequiredAnnotationProcessor,org.springframework.context.annotation.internalCommonAnnotationProcessor,org.springframework.context.event.internalEventListenerProcessor,org.springframework.context.event.internalEventListenerFactory,daoFactory]; root of factory hierarchy
2019-08-20 11:26:56,798 DEBUG [main] support.DefaultListableBeanFactory (DefaultSingletonBeanRegistry.java:221)     - Creating shared instance of singleton bean 'org.springframework.context.annotation.internalConfigurationAnnotationProcessor'
2019-08-20 11:26:56,798 DEBUG [main] support.DefaultListableBeanFactory (AbstractAutowireCapableBeanFactory.java:449)     - Creating instance of bean 'org.springframework.context.annotation.internalConfigurationAnnotationProcessor'
2019-08-20 11:26:56,817 DEBUG [main] support.DefaultListableBeanFactory (AbstractAutowireCapableBeanFactory.java:539)     - Eagerly caching bean 'org.springframework.context.annotation.internalConfigurationAnnotationProcessor' to allow for resolving potential circular references
2019-08-20 11:26:56,818 DEBUG [main] support.DefaultListableBeanFactory (AbstractAutowireCapableBeanFactory.java:485)     - Finished creating instance of bean 'org.springframework.context.annotation.internalConfigurationAnnotationProcessor'
2019-08-20 11:26:56,833 DEBUG [main] annotation.ConfigurationClassBeanDefinitionReader (ConfigurationClassBeanDefinitionReader.java:262)     - Registering bean definition for @Bean method com.ehr.DaoFactory.userDao()
2019-08-20 11:26:56,875 DEBUG [main] annotation.ConfigurationClassEnhancer (ConfigurationClassEnhancer.java:112)     - Successfully enhanced com.ehr.DaoFactory; enhanced class name is: com.ehr.DaoFactory$$EnhancerBySpringCGLIB$$79427672
2019-08-20 11:26:56,875 DEBUG [main] annotation.ConfigurationClassPostProcessor (ConfigurationClassPostProcessor.java:396)     - Replacing bean definition 'daoFactory' existing class 'com.ehr.DaoFactory' with enhanced class 'com.ehr.DaoFactory$$EnhancerBySpringCGLIB$$79427672'
2019-08-20 11:26:56,876 DEBUG [main] support.DefaultListableBeanFactory (DefaultSingletonBeanRegistry.java:221)     - Creating shared instance of singleton bean 'org.springframework.context.annotation.internalAutowiredAnnotationProcessor'
2019-08-20 11:26:56,876 DEBUG [main] support.DefaultListableBeanFactory (AbstractAutowireCapableBeanFactory.java:449)     - Creating instance of bean 'org.springframework.context.annotation.internalAutowiredAnnotationProcessor'
2019-08-20 11:26:56,876 DEBUG [main] support.DefaultListableBeanFactory (AbstractAutowireCapableBeanFactory.java:539)     - Eagerly caching bean 'org.springframework.context.annotation.internalAutowiredAnnotationProcessor' to allow for resolving potential circular references
2019-08-20 11:26:56,886 DEBUG [main] support.DefaultListableBeanFactory (AbstractAutowireCapableBeanFactory.java:485)     - Finished creating instance of bean 'org.springframework.context.annotation.internalAutowiredAnnotationProcessor'
2019-08-20 11:26:56,887 DEBUG [main] support.DefaultListableBeanFactory (DefaultSingletonBeanRegistry.java:221)     - Creating shared instance of singleton bean 'org.springframework.context.annotation.internalRequiredAnnotationProcessor'
2019-08-20 11:26:56,887 DEBUG [main] support.DefaultListableBeanFactory (AbstractAutowireCapableBeanFactory.java:449)     - Creating instance of bean 'org.springframework.context.annotation.internalRequiredAnnotationProcessor'
2019-08-20 11:26:56,888 DEBUG [main] support.DefaultListableBeanFactory (AbstractAutowireCapableBeanFactory.java:539)     - Eagerly caching bean 'org.springframework.context.annotation.internalRequiredAnnotationProcessor' to allow for resolving potential circular references
2019-08-20 11:26:56,889 DEBUG [main] support.DefaultListableBeanFactory (AbstractAutowireCapableBeanFactory.java:485)     - Finished creating instance of bean 'org.springframework.context.annotation.internalRequiredAnnotationProcessor'
2019-08-20 11:26:56,889 DEBUG [main] support.DefaultListableBeanFactory (DefaultSingletonBeanRegistry.java:221)     - Creating shared instance of singleton bean 'org.springframework.context.annotation.internalCommonAnnotationProcessor'
2019-08-20 11:26:56,890 DEBUG [main] support.DefaultListableBeanFactory (AbstractAutowireCapableBeanFactory.java:449)     - Creating instance of bean 'org.springframework.context.annotation.internalCommonAnnotationProcessor'
2019-08-20 11:26:56,892 DEBUG [main] support.DefaultListableBeanFactory (AbstractAutowireCapableBeanFactory.java:539)     - Eagerly caching bean 'org.springframework.context.annotation.internalCommonAnnotationProcessor' to allow for resolving potential circular references
2019-08-20 11:26:56,894 DEBUG [main] support.DefaultListableBeanFactory (AbstractAutowireCapableBeanFactory.java:485)     - Finished creating instance of bean 'org.springframework.context.annotation.internalCommonAnnotationProcessor'
2019-08-20 11:26:56,895 DEBUG [main] annotation.AnnotationConfigApplicationContext (AbstractApplicationContext.java:734)     - Unable to locate MessageSource with name 'messageSource': using default [org.springframework.context.support.DelegatingMessageSource@2e3fc542]
2019-08-20 11:26:56,896 DEBUG [main] annotation.AnnotationConfigApplicationContext (AbstractApplicationContext.java:758)     - Unable to locate ApplicationEventMulticaster with name 'applicationEventMulticaster': using default [org.springframework.context.event.SimpleApplicationEventMulticaster@2eda0940]
2019-08-20 11:26:56,897 DEBUG [main] support.DefaultListableBeanFactory (DefaultListableBeanFactory.java:730)     - Pre-instantiating singletons in org.springframework.beans.factory.support.DefaultListableBeanFactory@2acf57e3: defining beans [org.springframework.context.annotation.internalConfigurationAnnotationProcessor,org.springframework.context.annotation.internalAutowiredAnnotationProcessor,org.springframework.context.annotation.internalRequiredAnnotationProcessor,org.springframework.context.annotation.internalCommonAnnotationProcessor,org.springframework.context.event.internalEventListenerProcessor,org.springframework.context.event.internalEventListenerFactory,daoFactory,userDao]; root of factory hierarchy
2019-08-20 11:26:56,897 DEBUG [main] support.DefaultListableBeanFactory (AbstractBeanFactory.java:251)     - Returning cached instance of singleton bean 'org.springframework.context.annotation.internalConfigurationAnnotationProcessor'
2019-08-20 11:26:56,897 DEBUG [main] support.DefaultListableBeanFactory (AbstractBeanFactory.java:251)     - Returning cached instance of singleton bean 'org.springframework.context.annotation.internalAutowiredAnnotationProcessor'
2019-08-20 11:26:56,897 DEBUG [main] support.DefaultListableBeanFactory (AbstractBeanFactory.java:251)     - Returning cached instance of singleton bean 'org.springframework.context.annotation.internalRequiredAnnotationProcessor'
2019-08-20 11:26:56,897 DEBUG [main] support.DefaultListableBeanFactory (AbstractBeanFactory.java:251)     - Returning cached instance of singleton bean 'org.springframework.context.annotation.internalCommonAnnotationProcessor'
2019-08-20 11:26:56,898 DEBUG [main] support.DefaultListableBeanFactory (DefaultSingletonBeanRegistry.java:221)     - Creating shared instance of singleton bean 'org.springframework.context.event.internalEventListenerProcessor'
2019-08-20 11:26:56,898 DEBUG [main] support.DefaultListableBeanFactory (AbstractAutowireCapableBeanFactory.java:449)     - Creating instance of bean 'org.springframework.context.event.internalEventListenerProcessor'
2019-08-20 11:26:56,900 DEBUG [main] support.DefaultListableBeanFactory (AbstractAutowireCapableBeanFactory.java:539)     - Eagerly caching bean 'org.springframework.context.event.internalEventListenerProcessor' to allow for resolving potential circular references
2019-08-20 11:26:56,901 DEBUG [main] support.DefaultListableBeanFactory (AbstractAutowireCapableBeanFactory.java:485)     - Finished creating instance of bean 'org.springframework.context.event.internalEventListenerProcessor'
2019-08-20 11:26:56,902 DEBUG [main] support.DefaultListableBeanFactory (DefaultSingletonBeanRegistry.java:221)     - Creating shared instance of singleton bean 'org.springframework.context.event.internalEventListenerFactory'
2019-08-20 11:26:56,902 DEBUG [main] support.DefaultListableBeanFactory (AbstractAutowireCapableBeanFactory.java:449)     - Creating instance of bean 'org.springframework.context.event.internalEventListenerFactory'
2019-08-20 11:26:56,902 DEBUG [main] support.DefaultListableBeanFactory (AbstractAutowireCapableBeanFactory.java:539)     - Eagerly caching bean 'org.springframework.context.event.internalEventListenerFactory' to allow for resolving potential circular references
2019-08-20 11:26:56,903 DEBUG [main] support.DefaultListableBeanFactory (AbstractAutowireCapableBeanFactory.java:485)     - Finished creating instance of bean 'org.springframework.context.event.internalEventListenerFactory'
2019-08-20 11:26:56,903 DEBUG [main] support.DefaultListableBeanFactory (DefaultSingletonBeanRegistry.java:221)     - Creating shared instance of singleton bean 'daoFactory'
2019-08-20 11:26:56,903 DEBUG [main] support.DefaultListableBeanFactory (AbstractAutowireCapableBeanFactory.java:449)     - Creating instance of bean 'daoFactory'
2019-08-20 11:26:56,904 DEBUG [main] support.DefaultListableBeanFactory (AbstractAutowireCapableBeanFactory.java:539)     - Eagerly caching bean 'daoFactory' to allow for resolving potential circular references
2019-08-20 11:26:56,905 DEBUG [main] support.DefaultListableBeanFactory (AbstractAutowireCapableBeanFactory.java:485)     - Finished creating instance of bean 'daoFactory'
2019-08-20 11:26:56,905 DEBUG [main] support.DefaultListableBeanFactory (DefaultSingletonBeanRegistry.java:221)     - Creating shared instance of singleton bean 'userDao'
2019-08-20 11:26:56,905 DEBUG [main] support.DefaultListableBeanFactory (AbstractAutowireCapableBeanFactory.java:449)     - Creating instance of bean 'userDao'
2019-08-20 11:26:56,906 DEBUG [main] support.DefaultListableBeanFactory (AbstractBeanFactory.java:251)     - Returning cached instance of singleton bean 'daoFactory'
2019-08-20 11:26:56,915 DEBUG [main] support.DefaultListableBeanFactory (AbstractAutowireCapableBeanFactory.java:539)     - Eagerly caching bean 'userDao' to allow for resolving potential circular references
2019-08-20 11:26:56,916 DEBUG [main] support.DefaultListableBeanFactory (AbstractAutowireCapableBeanFactory.java:485)     - Finished creating instance of bean 'userDao'
2019-08-20 11:26:56,916 DEBUG [main] support.DefaultListableBeanFactory (AbstractBeanFactory.java:251)     - Returning cached instance of singleton bean 'org.springframework.context.event.internalEventListenerFactory'
2019-08-20 11:26:56,927 DEBUG [main] annotation.AnnotationConfigApplicationContext (AbstractApplicationContext.java:785)     - Unable to locate LifecycleProcessor with name 'lifecycleProcessor': using default [org.springframework.context.support.DefaultLifecycleProcessor@1188e820]
2019-08-20 11:26:56,927 DEBUG [main] support.DefaultListableBeanFactory (AbstractBeanFactory.java:251)     - Returning cached instance of singleton bean 'lifecycleProcessor'
2019-08-20 11:26:56,928 DEBUG [main] env.PropertySourcesPropertyResolver (PropertySourcesPropertyResolver.java:91)     - Could not find key 'spring.liveBeansView.mbeanDomain' in any property source
2019-08-20 11:26:56,929 DEBUG [main] support.DefaultListableBeanFactory (AbstractBeanFactory.java:251)     - Returning cached instance of singleton bean 'userDao'
2019-08-20 11:26:56,929 DEBUG [main] ehr.UserDaoTest   (UserDaoTest.java:22)     - =================================
2019-08-20 11:26:56,929 DEBUG [main] ehr.UserDaoTest   (UserDaoTest.java:23)     - =01 dao=com.ehr.UserDao@4e4aea35
2019-08-20 11:26:56,929 DEBUG [main] ehr.UserDaoTest   (UserDaoTest.java:24)     - =================================
2019-08-20 11:26:56,929 DEBUG [main] ehr.UserDaoTest   (UserDaoTest.java:28)     - =================================
2019-08-20 11:26:56,929 DEBUG [main] ehr.UserDaoTest   (UserDaoTest.java:28)     - =01 단건등록=
2019-08-20 11:26:56,929 DEBUG [main] ehr.UserDaoTest   (UserDaoTest.java:29)     - =================================
2019-08-20 11:26:57,197 DEBUG [main] ehr.UserDao       ( UserDao.java:72)     - =================================
2019-08-20 11:26:57,197 DEBUG [main] ehr.UserDao       ( UserDao.java:73)     - 02. sql= INSERT INTO users ( 
     u_id,           
     name,           
     passwd          
 ) VALUES (          
     ?,              
     ?,              
     ?               
 )                   

2019-08-20 11:26:57,197 DEBUG [main] ehr.UserDao       ( UserDao.java:74)     - =================================
2019-08-20 11:26:57,237 DEBUG [main] ehr.UserDao       ( UserDao.java:83)     - =================================
2019-08-20 11:26:57,237 DEBUG [main] ehr.UserDao       ( UserDao.java:84)     - 03. paam=User [u_id=j01_134, name=송영은, passwd=1234]
2019-08-20 11:26:57,237 DEBUG [main] ehr.UserDao       ( UserDao.java:85)     - =================================
2019-08-20 11:26:57,244 DEBUG [main] ehr.UserDao       ( UserDao.java:91)     - =================================
2019-08-20 11:26:57,244 DEBUG [main] ehr.UserDao       ( UserDao.java:92)     - 04. Run flag=1
2019-08-20 11:26:57,245 DEBUG [main] ehr.UserDao       ( UserDao.java:93)     - =================================
2019-08-20 11:26:57,247 DEBUG [main] ehr.UserDaoTest   (UserDaoTest.java:31)     - =================================
2019-08-20 11:26:57,247 DEBUG [main] ehr.UserDaoTest   (UserDaoTest.java:32)     - =01.01 add flag=1
2019-08-20 11:26:57,247 DEBUG [main] ehr.UserDaoTest   (UserDaoTest.java:33)     - =================================
2019-08-20 11:26:57,247 DEBUG [main] ehr.UserDaoTest   (UserDaoTest.java:35)     - =================================
2019-08-20 11:26:57,247 DEBUG [main] ehr.UserDaoTest   (UserDaoTest.java:36)     - =01.02 단건등록 성공=j01_134
2019-08-20 11:26:57,248 DEBUG [main] ehr.UserDaoTest   (UserDaoTest.java:37)     - =================================
2019-08-20 11:26:57,248 DEBUG [main] ehr.UserDaoTest   (UserDaoTest.java:39)     - =================================
2019-08-20 11:26:57,248 DEBUG [main] ehr.UserDaoTest   (UserDaoTest.java:39)     - =02 단건조회=
2019-08-20 11:26:57,248 DEBUG [main] ehr.UserDaoTest   (UserDaoTest.java:40)     - =================================
2019-08-20 11:26:57,280 DEBUG [main] ehr.UserDao       ( UserDao.java:136)     - =================================
2019-08-20 11:26:57,280 DEBUG [main] ehr.UserDao       ( UserDao.java:137)     - 02. sql= SELECT      
     u_id,   
     name,   
     passwd  
 FROM        
     users   
 WHERE u_id = ?  

2019-08-20 11:26:57,280 DEBUG [main] ehr.UserDao       ( UserDao.java:138)     - =================================
2019-08-20 11:26:57,280 DEBUG [main] ehr.UserDao       ( UserDao.java:145)     - =============================
2019-08-20 11:26:57,280 DEBUG [main] ehr.UserDao       ( UserDao.java:146)     - 03. id=j01_134
2019-08-20 11:26:57,280 DEBUG [main] ehr.UserDao       ( UserDao.java:147)     - =============================
2019-08-20 11:26:57,289 DEBUG [main] ehr.UserDao       ( UserDao.java:161)     - =============================
2019-08-20 11:26:57,289 DEBUG [main] ehr.UserDao       ( UserDao.java:162)     - 04. Run outVO=User [u_id=j01_134, name=송영은, passwd=1234]
2019-08-20 11:26:57,289 DEBUG [main] ehr.UserDao       ( UserDao.java:163)     - =============================
2019-08-20 11:26:57,292 DEBUG [main] ehr.UserDaoTest   (UserDaoTest.java:46)     - ******************************************
2019-08-20 11:26:57,292 DEBUG [main] ehr.UserDaoTest   (UserDaoTest.java:47)     - =02.01 단건조회 성공=j01_134
2019-08-20 11:26:57,292 DEBUG [main] ehr.UserDaoTest   (UserDaoTest.java:48)     - ******************************************
2019-08-20 11:43:03,599 DEBUG [main] env.StandardEnvironment (MutablePropertySources.java:109)     - Adding [systemProperties] PropertySource with lowest search precedence
2019-08-20 11:43:03,604 DEBUG [main] env.StandardEnvironment (MutablePropertySources.java:109)     - Adding [systemEnvironment] PropertySource with lowest search precedence
2019-08-20 11:43:03,606 DEBUG [main] env.StandardEnvironment (AbstractEnvironment.java:124)     - Initialized StandardEnvironment with PropertySources [systemProperties,systemEnvironment]
2019-08-20 11:43:03,641 INFO  [main] annotation.AnnotationConfigApplicationContext (AbstractApplicationContext.java:583)     - Refreshing org.springframework.context.annotation.AnnotationConfigApplicationContext@61e4705b: startup date [Tue Aug 20 11:43:03 KST 2019]; root of context hierarchy
2019-08-20 11:43:03,641 DEBUG [main] annotation.AnnotationConfigApplicationContext (AbstractApplicationContext.java:617)     - Bean factory for org.springframework.context.annotation.AnnotationConfigApplicationContext@61e4705b: org.springframework.beans.factory.support.DefaultListableBeanFactory@2acf57e3: defining beans [org.springframework.context.annotation.internalConfigurationAnnotationProcessor,org.springframework.context.annotation.internalAutowiredAnnotationProcessor,org.springframework.context.annotation.internalRequiredAnnotationProcessor,org.springframework.context.annotation.internalCommonAnnotationProcessor,org.springframework.context.event.internalEventListenerProcessor,org.springframework.context.event.internalEventListenerFactory,daoFactory]; root of factory hierarchy
2019-08-20 11:43:03,649 DEBUG [main] support.DefaultListableBeanFactory (DefaultSingletonBeanRegistry.java:221)     - Creating shared instance of singleton bean 'org.springframework.context.annotation.internalConfigurationAnnotationProcessor'
2019-08-20 11:43:03,649 DEBUG [main] support.DefaultListableBeanFactory (AbstractAutowireCapableBeanFactory.java:449)     - Creating instance of bean 'org.springframework.context.annotation.internalConfigurationAnnotationProcessor'
2019-08-20 11:43:03,668 DEBUG [main] support.DefaultListableBeanFactory (AbstractAutowireCapableBeanFactory.java:539)     - Eagerly caching bean 'org.springframework.context.annotation.internalConfigurationAnnotationProcessor' to allow for resolving potential circular references
2019-08-20 11:43:03,669 DEBUG [main] support.DefaultListableBeanFactory (AbstractAutowireCapableBeanFactory.java:485)     - Finished creating instance of bean 'org.springframework.context.annotation.internalConfigurationAnnotationProcessor'
2019-08-20 11:43:03,684 DEBUG [main] annotation.ConfigurationClassBeanDefinitionReader (ConfigurationClassBeanDefinitionReader.java:262)     - Registering bean definition for @Bean method com.ehr.DaoFactory.userDao()
2019-08-20 11:43:03,726 DEBUG [main] annotation.ConfigurationClassEnhancer (ConfigurationClassEnhancer.java:112)     - Successfully enhanced com.ehr.DaoFactory; enhanced class name is: com.ehr.DaoFactory$$EnhancerBySpringCGLIB$$79427672
2019-08-20 11:43:03,727 DEBUG [main] annotation.ConfigurationClassPostProcessor (ConfigurationClassPostProcessor.java:396)     - Replacing bean definition 'daoFactory' existing class 'com.ehr.DaoFactory' with enhanced class 'com.ehr.DaoFactory$$EnhancerBySpringCGLIB$$79427672'
2019-08-20 11:43:03,728 DEBUG [main] support.DefaultListableBeanFactory (DefaultSingletonBeanRegistry.java:221)     - Creating shared instance of singleton bean 'org.springframework.context.annotation.internalAutowiredAnnotationProcessor'
2019-08-20 11:43:03,728 DEBUG [main] support.DefaultListableBeanFactory (AbstractAutowireCapableBeanFactory.java:449)     - Creating instance of bean 'org.springframework.context.annotation.internalAutowiredAnnotationProcessor'
2019-08-20 11:43:03,729 DEBUG [main] support.DefaultListableBeanFactory (AbstractAutowireCapableBeanFactory.java:539)     - Eagerly caching bean 'org.springframework.context.annotation.internalAutowiredAnnotationProcessor' to allow for resolving potential circular references
2019-08-20 11:43:03,739 DEBUG [main] support.DefaultListableBeanFactory (AbstractAutowireCapableBeanFactory.java:485)     - Finished creating instance of bean 'org.springframework.context.annotation.internalAutowiredAnnotationProcessor'
2019-08-20 11:43:03,740 DEBUG [main] support.DefaultListableBeanFactory (DefaultSingletonBeanRegistry.java:221)     - Creating shared instance of singleton bean 'org.springframework.context.annotation.internalRequiredAnnotationProcessor'
2019-08-20 11:43:03,740 DEBUG [main] support.DefaultListableBeanFactory (AbstractAutowireCapableBeanFactory.java:449)     - Creating instance of bean 'org.springframework.context.annotation.internalRequiredAnnotationProcessor'
2019-08-20 11:43:03,740 DEBUG [main] support.DefaultListableBeanFactory (AbstractAutowireCapableBeanFactory.java:539)     - Eagerly caching bean 'org.springframework.context.annotation.internalRequiredAnnotationProcessor' to allow for resolving potential circular references
2019-08-20 11:43:03,742 DEBUG [main] support.DefaultListableBeanFactory (AbstractAutowireCapableBeanFactory.java:485)     - Finished creating instance of bean 'org.springframework.context.annotation.internalRequiredAnnotationProcessor'
2019-08-20 11:43:03,742 DEBUG [main] support.DefaultListableBeanFactory (DefaultSingletonBeanRegistry.java:221)     - Creating shared instance of singleton bean 'org.springframework.context.annotation.internalCommonAnnotationProcessor'
2019-08-20 11:43:03,742 DEBUG [main] support.DefaultListableBeanFactory (AbstractAutowireCapableBeanFactory.java:449)     - Creating instance of bean 'org.springframework.context.annotation.internalCommonAnnotationProcessor'
2019-08-20 11:43:03,744 DEBUG [main] support.DefaultListableBeanFactory (AbstractAutowireCapableBeanFactory.java:539)     - Eagerly caching bean 'org.springframework.context.annotation.internalCommonAnnotationProcessor' to allow for resolving potential circular references
2019-08-20 11:43:03,746 DEBUG [main] support.DefaultListableBeanFactory (AbstractAutowireCapableBeanFactory.java:485)     - Finished creating instance of bean 'org.springframework.context.annotation.internalCommonAnnotationProcessor'
2019-08-20 11:43:03,749 DEBUG [main] annotation.AnnotationConfigApplicationContext (AbstractApplicationContext.java:734)     - Unable to locate MessageSource with name 'messageSource': using default [org.springframework.context.support.DelegatingMessageSource@2e3fc542]
2019-08-20 11:43:03,750 DEBUG [main] annotation.AnnotationConfigApplicationContext (AbstractApplicationContext.java:758)     - Unable to locate ApplicationEventMulticaster with name 'applicationEventMulticaster': using default [org.springframework.context.event.SimpleApplicationEventMulticaster@2eda0940]
2019-08-20 11:43:03,750 DEBUG [main] support.DefaultListableBeanFactory (DefaultListableBeanFactory.java:730)     - Pre-instantiating singletons in org.springframework.beans.factory.support.DefaultListableBeanFactory@2acf57e3: defining beans [org.springframework.context.annotation.internalConfigurationAnnotationProcessor,org.springframework.context.annotation.internalAutowiredAnnotationProcessor,org.springframework.context.annotation.internalRequiredAnnotationProcessor,org.springframework.context.annotation.internalCommonAnnotationProcessor,org.springframework.context.event.internalEventListenerProcessor,org.springframework.context.event.internalEventListenerFactory,daoFactory,userDao]; root of factory hierarchy
2019-08-20 11:43:03,750 DEBUG [main] support.DefaultListableBeanFactory (AbstractBeanFactory.java:251)     - Returning cached instance of singleton bean 'org.springframework.context.annotation.internalConfigurationAnnotationProcessor'
2019-08-20 11:43:03,750 DEBUG [main] support.DefaultListableBeanFactory (AbstractBeanFactory.java:251)     - Returning cached instance of singleton bean 'org.springframework.context.annotation.internalAutowiredAnnotationProcessor'
2019-08-20 11:43:03,750 DEBUG [main] support.DefaultListableBeanFactory (AbstractBeanFactory.java:251)     - Returning cached instance of singleton bean 'org.springframework.context.annotation.internalRequiredAnnotationProcessor'
2019-08-20 11:43:03,750 DEBUG [main] support.DefaultListableBeanFactory (AbstractBeanFactory.java:251)     - Returning cached instance of singleton bean 'org.springframework.context.annotation.internalCommonAnnotationProcessor'
2019-08-20 11:43:03,750 DEBUG [main] support.DefaultListableBeanFactory (DefaultSingletonBeanRegistry.java:221)     - Creating shared instance of singleton bean 'org.springframework.context.event.internalEventListenerProcessor'
2019-08-20 11:43:03,750 DEBUG [main] support.DefaultListableBeanFactory (AbstractAutowireCapableBeanFactory.java:449)     - Creating instance of bean 'org.springframework.context.event.internalEventListenerProcessor'
2019-08-20 11:43:03,754 DEBUG [main] support.DefaultListableBeanFactory (AbstractAutowireCapableBeanFactory.java:539)     - Eagerly caching bean 'org.springframework.context.event.internalEventListenerProcessor' to allow for resolving potential circular references
2019-08-20 11:43:03,754 DEBUG [main] support.DefaultListableBeanFactory (AbstractAutowireCapableBeanFactory.java:485)     - Finished creating instance of bean 'org.springframework.context.event.internalEventListenerProcessor'
2019-08-20 11:43:03,754 DEBUG [main] support.DefaultListableBeanFactory (DefaultSingletonBeanRegistry.java:221)     - Creating shared instance of singleton bean 'org.springframework.context.event.internalEventListenerFactory'
2019-08-20 11:43:03,754 DEBUG [main] support.DefaultListableBeanFactory (AbstractAutowireCapableBeanFactory.java:449)     - Creating instance of bean 'org.springframework.context.event.internalEventListenerFactory'
2019-08-20 11:43:03,754 DEBUG [main] support.DefaultListableBeanFactory (AbstractAutowireCapableBeanFactory.java:539)     - Eagerly caching bean 'org.springframework.context.event.internalEventListenerFactory' to allow for resolving potential circular references
2019-08-20 11:43:03,755 DEBUG [main] support.DefaultListableBeanFactory (AbstractAutowireCapableBeanFactory.java:485)     - Finished creating instance of bean 'org.springframework.context.event.internalEventListenerFactory'
2019-08-20 11:43:03,756 DEBUG [main] support.DefaultListableBeanFactory (DefaultSingletonBeanRegistry.java:221)     - Creating shared instance of singleton bean 'daoFactory'
2019-08-20 11:43:03,756 DEBUG [main] support.DefaultListableBeanFactory (AbstractAutowireCapableBeanFactory.java:449)     - Creating instance of bean 'daoFactory'
2019-08-20 11:43:03,756 DEBUG [main] support.DefaultListableBeanFactory (AbstractAutowireCapableBeanFactory.java:539)     - Eagerly caching bean 'daoFactory' to allow for resolving potential circular references
2019-08-20 11:43:03,758 DEBUG [main] support.DefaultListableBeanFactory (AbstractAutowireCapableBeanFactory.java:485)     - Finished creating instance of bean 'daoFactory'
2019-08-20 11:43:03,758 DEBUG [main] support.DefaultListableBeanFactory (DefaultSingletonBeanRegistry.java:221)     - Creating shared instance of singleton bean 'userDao'
2019-08-20 11:43:03,758 DEBUG [main] support.DefaultListableBeanFactory (AbstractAutowireCapableBeanFactory.java:449)     - Creating instance of bean 'userDao'
2019-08-20 11:43:03,759 DEBUG [main] support.DefaultListableBeanFactory (AbstractBeanFactory.java:251)     - Returning cached instance of singleton bean 'daoFactory'
2019-08-20 11:43:03,768 DEBUG [main] support.DefaultListableBeanFactory (AbstractAutowireCapableBeanFactory.java:539)     - Eagerly caching bean 'userDao' to allow for resolving potential circular references
2019-08-20 11:43:03,769 DEBUG [main] support.DefaultListableBeanFactory (AbstractAutowireCapableBeanFactory.java:485)     - Finished creating instance of bean 'userDao'
2019-08-20 11:43:03,769 DEBUG [main] support.DefaultListableBeanFactory (AbstractBeanFactory.java:251)     - Returning cached instance of singleton bean 'org.springframework.context.event.internalEventListenerFactory'
2019-08-20 11:43:03,780 DEBUG [main] annotation.AnnotationConfigApplicationContext (AbstractApplicationContext.java:785)     - Unable to locate LifecycleProcessor with name 'lifecycleProcessor': using default [org.springframework.context.support.DefaultLifecycleProcessor@1188e820]
2019-08-20 11:43:03,780 DEBUG [main] support.DefaultListableBeanFactory (AbstractBeanFactory.java:251)     - Returning cached instance of singleton bean 'lifecycleProcessor'
2019-08-20 11:43:03,781 DEBUG [main] env.PropertySourcesPropertyResolver (PropertySourcesPropertyResolver.java:91)     - Could not find key 'spring.liveBeansView.mbeanDomain' in any property source
2019-08-20 11:43:03,782 DEBUG [main] support.DefaultListableBeanFactory (AbstractBeanFactory.java:251)     - Returning cached instance of singleton bean 'userDao'
2019-08-20 11:43:03,782 DEBUG [main] support.DefaultListableBeanFactory (AbstractBeanFactory.java:251)     - Returning cached instance of singleton bean 'userDao'
2019-08-20 11:43:03,782 DEBUG [main] support.DefaultListableBeanFactory (AbstractBeanFactory.java:251)     - Returning cached instance of singleton bean 'userDao'
2019-08-20 11:43:03,782 DEBUG [main] ehr.UserDaoTest   (UserDaoTest.java:24)     - =================================
2019-08-20 11:43:03,782 DEBUG [main] ehr.UserDaoTest   (UserDaoTest.java:25)     - =01 dao=com.ehr.UserDao@4e4aea35
2019-08-20 11:43:03,782 DEBUG [main] ehr.UserDaoTest   (UserDaoTest.java:26)     - =01 dao02=com.ehr.UserDao@4e4aea35
2019-08-20 11:43:03,782 DEBUG [main] ehr.UserDaoTest   (UserDaoTest.java:27)     - =01 dao03=com.ehr.UserDao@4e4aea35
2019-08-20 11:43:03,782 DEBUG [main] ehr.UserDaoTest   (UserDaoTest.java:28)     - =================================
2019-08-20 14:25:27,184 DEBUG [main] env.StandardEnvironment (MutablePropertySources.java:109)     - Adding [systemProperties] PropertySource with lowest search precedence
2019-08-20 14:25:27,192 DEBUG [main] env.StandardEnvironment (MutablePropertySources.java:109)     - Adding [systemEnvironment] PropertySource with lowest search precedence
2019-08-20 14:25:27,194 DEBUG [main] env.StandardEnvironment (AbstractEnvironment.java:124)     - Initialized StandardEnvironment with PropertySources [systemProperties,systemEnvironment]
2019-08-20 14:25:27,198 INFO  [main] xml.XmlBeanDefinitionReader (XmlBeanDefinitionReader.java:317)     - Loading XML bean definitions from class path resource [applicationContext.xml]
2019-08-20 14:25:27,210 DEBUG [main] xml.DefaultDocumentLoader (DefaultDocumentLoader.java:73)     - Using JAXP provider [com.sun.org.apache.xerces.internal.jaxp.DocumentBuilderFactoryImpl]
2019-08-20 14:25:27,230 DEBUG [main] xml.PluggableSchemaResolver (PluggableSchemaResolver.java:141)     - Loading schema mappings from [META-INF/spring.schemas]
2019-08-20 14:25:27,231 DEBUG [main] xml.PluggableSchemaResolver (PluggableSchemaResolver.java:147)     - Loaded schema mappings: {http://www.springframework.org/schema/cache/spring-cache-4.2.xsd=org/springframework/cache/config/spring-cache-4.2.xsd, http://www.springframework.org/schema/aop/spring-aop-4.1.xsd=org/springframework/aop/config/spring-aop-4.1.xsd, http://www.springframework.org/schema/context/spring-context-3.1.xsd=org/springframework/context/config/spring-context-3.1.xsd, http://www.springframework.org/schema/util/spring-util-3.0.xsd=org/springframework/beans/factory/xml/spring-util-3.0.xsd, http://www.springframework.org/schema/tool/spring-tool.xsd=org/springframework/beans/factory/xml/spring-tool-4.3.xsd, http://www.springframework.org/schema/aop/spring-aop-3.2.xsd=org/springframework/aop/config/spring-aop-3.2.xsd, http://www.springframework.org/schema/lang/spring-lang-4.1.xsd=org/springframework/scripting/config/spring-lang-4.1.xsd, http://www.springframework.org/schema/context/spring-context-4.0.xsd=org/springframework/context/config/spring-context-4.0.xsd, http://www.springframework.org/schema/beans/spring-beans-4.2.xsd=org/springframework/beans/factory/xml/spring-beans-4.2.xsd, http://www.springframework.org/schema/tool/spring-tool-4.1.xsd=org/springframework/beans/factory/xml/spring-tool-4.1.xsd, http://www.springframework.org/schema/lang/spring-lang-3.2.xsd=org/springframework/scripting/config/spring-lang-3.2.xsd, http://www.springframework.org/schema/cache/spring-cache-3.2.xsd=org/springframework/cache/config/spring-cache-3.2.xsd, http://www.springframework.org/schema/jee/spring-jee-4.1.xsd=org/springframework/ejb/config/spring-jee-4.1.xsd, http://www.springframework.org/schema/util/spring-util-2.0.xsd=org/springframework/beans/factory/xml/spring-util-2.0.xsd, http://www.springframework.org/schema/task/spring-task-4.2.xsd=org/springframework/scheduling/config/spring-task-4.2.xsd, http://www.springframework.org/schema/tool/spring-tool-3.2.xsd=org/springframework/beans/factory/xml/spring-tool-3.2.xsd, http://www.springframework.org/schema/context/spring-context.xsd=org/springframework/context/config/spring-context-4.3.xsd, http://www.springframework.org/schema/cache/spring-cache-4.1.xsd=org/springframework/cache/config/spring-cache-4.1.xsd, http://www.springframework.org/schema/aop/spring-aop-4.0.xsd=org/springframework/aop/config/spring-aop-4.0.xsd, http://www.springframework.org/schema/jee/spring-jee-3.2.xsd=org/springframework/ejb/config/spring-jee-3.2.xsd, http://www.springframework.org/schema/context/spring-context-3.0.xsd=org/springframework/context/config/spring-context-3.0.xsd, http://www.springframework.org/schema/util/spring-util-4.3.xsd=org/springframework/beans/factory/xml/spring-util-4.3.xsd, http://www.springframework.org/schema/util/spring-util-2.5.xsd=org/springframework/beans/factory/xml/spring-util-2.5.xsd, http://www.springframework.org/schema/beans/spring-beans-3.2.xsd=org/springframework/beans/factory/xml/spring-beans-3.2.xsd, http://www.springframework.org/schema/aop/spring-aop-3.1.xsd=org/springframework/aop/config/spring-aop-3.1.xsd, http://www.springframework.org/schema/lang/spring-lang-4.0.xsd=org/springframework/scripting/config/spring-lang-4.0.xsd, http://www.springframework.org/schema/beans/spring-beans-4.1.xsd=org/springframework/beans/factory/xml/spring-beans-4.1.xsd, http://www.springframework.org/schema/tool/spring-tool-4.0.xsd=org/springframework/beans/factory/xml/spring-tool-4.0.xsd, http://www.springframework.org/schema/lang/spring-lang-3.1.xsd=org/springframework/scripting/config/spring-lang-3.1.xsd, http://www.springframework.org/schema/cache/spring-cache-3.1.xsd=org/springframework/cache/config/spring-cache-3.1.xsd, http://www.springframework.org/schema/jee/spring-jee-4.0.xsd=org/springframework/ejb/config/spring-jee-4.0.xsd, http://www.springframework.org/schema/task/spring-task-4.1.xsd=org/springframework/scheduling/config/spring-task-4.1.xsd, http://www.springframework.org/schema/tool/spring-tool-3.1.xsd=org/springframework/beans/factory/xml/spring-tool-3.1.xsd, http://www.springframework.org/schema/cache/spring-cache-4.0.xsd=org/springframework/cache/config/spring-cache-4.0.xsd, http://www.springframework.org/schema/jee/spring-jee-3.1.xsd=org/springframework/ejb/config/spring-jee-3.1.xsd, http://www.springframework.org/schema/util/spring-util-4.2.xsd=org/springframework/beans/factory/xml/spring-util-4.2.xsd, http://www.springframework.org/schema/task/spring-task-3.2.xsd=org/springframework/scheduling/config/spring-task-3.2.xsd, http://www.springframework.org/schema/beans/spring-beans-3.1.xsd=org/springframework/beans/factory/xml/spring-beans-3.1.xsd, http://www.springframework.org/schema/util/spring-util.xsd=org/springframework/beans/factory/xml/spring-util-4.3.xsd, http://www.springframework.org/schema/aop/spring-aop-3.0.xsd=org/springframework/aop/config/spring-aop-3.0.xsd, http://www.springframework.org/schema/beans/spring-beans-4.0.xsd=org/springframework/beans/factory/xml/spring-beans-4.0.xsd, http://www.springframework.org/schema/beans/spring-beans.xsd=org/springframework/beans/factory/xml/spring-beans-4.3.xsd, http://www.springframework.org/schema/lang/spring-lang-3.0.xsd=org/springframework/scripting/config/spring-lang-3.0.xsd, http://www.springframework.org/schema/context/spring-context-2.5.xsd=org/springframework/context/config/spring-context-2.5.xsd, http://www.springframework.org/schema/context/spring-context-4.3.xsd=org/springframework/context/config/spring-context-4.3.xsd, http://www.springframework.org/schema/task/spring-task-4.0.xsd=org/springframework/scheduling/config/spring-task-4.0.xsd, http://www.springframework.org/schema/tool/spring-tool-3.0.xsd=org/springframework/beans/factory/xml/spring-tool-3.0.xsd, http://www.springframework.org/schema/aop/spring-aop-2.0.xsd=org/springframework/aop/config/spring-aop-2.0.xsd, http://www.springframework.org/schema/jee/spring-jee-3.0.xsd=org/springframework/ejb/config/spring-jee-3.0.xsd, http://www.springframework.org/schema/util/spring-util-4.1.xsd=org/springframework/beans/factory/xml/spring-util-4.1.xsd, http://www.springframework.org/schema/task/spring-task-3.1.xsd=org/springframework/scheduling/config/spring-task-3.1.xsd, http://www.springframework.org/schema/beans/spring-beans-3.0.xsd=org/springframework/beans/factory/xml/spring-beans-3.0.xsd, http://www.springframework.org/schema/jee/spring-jee.xsd=org/springframework/ejb/config/spring-jee-4.3.xsd, http://www.springframework.org/schema/aop/spring-aop-2.5.xsd=org/springframework/aop/config/spring-aop-2.5.xsd, http://www.springframework.org/schema/aop/spring-aop-4.3.xsd=org/springframework/aop/config/spring-aop-4.3.xsd, http://www.springframework.org/schema/lang/spring-lang-2.0.xsd=org/springframework/scripting/config/spring-lang-2.0.xsd, http://www.springframework.org/schema/util/spring-util-3.2.xsd=org/springframework/beans/factory/xml/spring-util-3.2.xsd, http://www.springframework.org/schema/task/spring-task.xsd=org/springframework/scheduling/config/spring-task-4.3.xsd, http://www.springframework.org/schema/tool/spring-tool-2.0.xsd=org/springframework/beans/factory/xml/spring-tool-2.0.xsd, http://www.springframework.org/schema/lang/spring-lang-2.5.xsd=org/springframework/scripting/config/spring-lang-2.5.xsd, http://www.springframework.org/schema/lang/spring-lang-4.3.xsd=org/springframework/scripting/config/spring-lang-4.3.xsd, http://www.springframework.org/schema/context/spring-context-4.2.xsd=org/springframework/context/config/spring-context-4.2.xsd, http://www.springframework.org/schema/jee/spring-jee-2.0.xsd=org/springframework/ejb/config/spring-jee-2.0.xsd, http://www.springframework.org/schema/tool/spring-tool-4.3.xsd=org/springframework/beans/factory/xml/spring-tool-4.3.xsd, http://www.springframework.org/schema/tool/spring-tool-2.5.xsd=org/springframework/beans/factory/xml/spring-tool-2.5.xsd, http://www.springframework.org/schema/jee/spring-jee-4.3.xsd=org/springframework/ejb/config/spring-jee-4.3.xsd, http://www.springframework.org/schema/jee/spring-jee-2.5.xsd=org/springframework/ejb/config/spring-jee-2.5.xsd, http://www.springframework.org/schema/util/spring-util-4.0.xsd=org/springframework/beans/factory/xml/spring-util-4.0.xsd, http://www.springframework.org/schema/task/spring-task-3.0.xsd=org/springframework/scheduling/config/spring-task-3.0.xsd, http://www.springframework.org/schema/cache/spring-cache-4.3.xsd=org/springframework/cache/config/spring-cache-4.3.xsd, http://www.springframework.org/schema/aop/spring-aop-4.2.xsd=org/springframework/aop/config/spring-aop-4.2.xsd, http://www.springframework.org/schema/lang/spring-lang.xsd=org/springframework/scripting/config/spring-lang-4.3.xsd, http://www.springframework.org/schema/context/spring-context-3.2.xsd=org/springframework/context/config/spring-context-3.2.xsd, http://www.springframework.org/schema/util/spring-util-3.1.xsd=org/springframework/beans/factory/xml/spring-util-3.1.xsd, http://www.springframework.org/schema/beans/spring-beans-2.0.xsd=org/springframework/beans/factory/xml/spring-beans-2.0.xsd, http://www.springframework.org/schema/cache/spring-cache.xsd=org/springframework/cache/config/spring-cache-4.3.xsd, http://www.springframework.org/schema/lang/spring-lang-4.2.xsd=org/springframework/scripting/config/spring-lang-4.2.xsd, http://www.springframework.org/schema/context/spring-context-4.1.xsd=org/springframework/context/config/spring-context-4.1.xsd, http://www.springframework.org/schema/beans/spring-beans-2.5.xsd=org/springframework/beans/factory/xml/spring-beans-2.5.xsd, http://www.springframework.org/schema/beans/spring-beans-4.3.xsd=org/springframework/beans/factory/xml/spring-beans-4.3.xsd, http://www.springframework.org/schema/tool/spring-tool-4.2.xsd=org/springframework/beans/factory/xml/spring-tool-4.2.xsd, http://www.springframework.org/schema/jee/spring-jee-4.2.xsd=org/springframework/ejb/config/spring-jee-4.2.xsd, http://www.springframework.org/schema/task/spring-task-4.3.xsd=org/springframework/scheduling/config/spring-task-4.3.xsd, http://www.springframework.org/schema/aop/spring-aop.xsd=org/springframework/aop/config/spring-aop-4.3.xsd}
2019-08-20 14:25:27,232 DEBUG [main] xml.PluggableSchemaResolver (PluggableSchemaResolver.java:119)     - Found XML schema [http://www.springframework.org/schema/beans/spring-beans.xsd] in classpath: org/springframework/beans/factory/xml/spring-beans-4.3.xsd
2019-08-20 14:25:27,257 DEBUG [main] xml.DefaultBeanDefinitionDocumentReader (DefaultBeanDefinitionDocumentReader.java:92)     - Loading bean definitions
2019-08-20 14:25:27,266 DEBUG [main] xml.XmlBeanDefinitionReader (AbstractBeanDefinitionReader.java:224)     - Loaded 2 bean definitions from location pattern [/applicationContext.xml]
2019-08-20 14:25:27,268 INFO  [main] support.GenericXmlApplicationContext (AbstractApplicationContext.java:583)     - Refreshing org.springframework.context.support.GenericXmlApplicationContext@78e03bb5: startup date [Tue Aug 20 14:25:27 KST 2019]; root of context hierarchy
2019-08-20 14:25:27,268 DEBUG [main] support.GenericXmlApplicationContext (AbstractApplicationContext.java:617)     - Bean factory for org.springframework.context.support.GenericXmlApplicationContext@78e03bb5: org.springframework.beans.factory.support.DefaultListableBeanFactory@2c8d66b2: defining beans [connectionMaker,userDao]; root of factory hierarchy
2019-08-20 14:25:27,289 DEBUG [main] support.GenericXmlApplicationContext (AbstractApplicationContext.java:734)     - Unable to locate MessageSource with name 'messageSource': using default [org.springframework.context.support.DelegatingMessageSource@50f8360d]
2019-08-20 14:25:27,293 DEBUG [main] support.GenericXmlApplicationContext (AbstractApplicationContext.java:758)     - Unable to locate ApplicationEventMulticaster with name 'applicationEventMulticaster': using default [org.springframework.context.event.SimpleApplicationEventMulticaster@59e84876]
2019-08-20 14:25:27,293 DEBUG [main] support.DefaultListableBeanFactory (DefaultListableBeanFactory.java:730)     - Pre-instantiating singletons in org.springframework.beans.factory.support.DefaultListableBeanFactory@2c8d66b2: defining beans [connectionMaker,userDao]; root of factory hierarchy
2019-08-20 14:25:27,294 DEBUG [main] support.DefaultListableBeanFactory (DefaultSingletonBeanRegistry.java:221)     - Creating shared instance of singleton bean 'connectionMaker'
2019-08-20 14:25:27,294 DEBUG [main] support.DefaultListableBeanFactory (AbstractAutowireCapableBeanFactory.java:449)     - Creating instance of bean 'connectionMaker'
2019-08-20 14:25:27,302 DEBUG [main] support.DefaultListableBeanFactory (AbstractAutowireCapableBeanFactory.java:539)     - Eagerly caching bean 'connectionMaker' to allow for resolving potential circular references
2019-08-20 14:25:27,303 DEBUG [main] support.DefaultListableBeanFactory (AbstractAutowireCapableBeanFactory.java:485)     - Finished creating instance of bean 'connectionMaker'
2019-08-20 14:25:27,303 DEBUG [main] support.DefaultListableBeanFactory (DefaultSingletonBeanRegistry.java:221)     - Creating shared instance of singleton bean 'userDao'
2019-08-20 14:25:27,303 DEBUG [main] support.DefaultListableBeanFactory (AbstractAutowireCapableBeanFactory.java:449)     - Creating instance of bean 'userDao'
2019-08-20 14:25:27,304 DEBUG [main] support.DefaultListableBeanFactory (AbstractAutowireCapableBeanFactory.java:539)     - Eagerly caching bean 'userDao' to allow for resolving potential circular references
2019-08-20 14:25:27,304 DEBUG [main] support.DefaultListableBeanFactory (AbstractBeanFactory.java:251)     - Returning cached instance of singleton bean 'connectionMaker'
2019-08-20 14:25:27,316 DEBUG [main] support.DefaultListableBeanFactory (AbstractAutowireCapableBeanFactory.java:485)     - Finished creating instance of bean 'userDao'
2019-08-20 14:25:27,317 DEBUG [main] support.GenericXmlApplicationContext (AbstractApplicationContext.java:785)     - Unable to locate LifecycleProcessor with name 'lifecycleProcessor': using default [org.springframework.context.support.DefaultLifecycleProcessor@3c0ecd4b]
2019-08-20 14:25:27,317 DEBUG [main] support.DefaultListableBeanFactory (AbstractBeanFactory.java:251)     - Returning cached instance of singleton bean 'lifecycleProcessor'
2019-08-20 14:25:27,318 DEBUG [main] env.PropertySourcesPropertyResolver (PropertySourcesPropertyResolver.java:91)     - Could not find key 'spring.liveBeansView.mbeanDomain' in any property source
2019-08-20 14:25:27,319 DEBUG [main] ehr.UserDaoXMLTest (UserDaoXMLTest.java:23)     - =================================
2019-08-20 14:25:27,319 DEBUG [main] ehr.UserDaoXMLTest (UserDaoXMLTest.java:24)     - =context=org.springframework.context.support.GenericXmlApplicationContext@78e03bb5: startup date [Tue Aug 20 14:25:27 KST 2019]; root of context hierarchy
2019-08-20 14:25:27,319 DEBUG [main] ehr.UserDaoXMLTest (UserDaoXMLTest.java:25)     - =================================
2019-08-20 14:29:58,727 DEBUG [main] env.StandardEnvironment (MutablePropertySources.java:109)     - Adding [systemProperties] PropertySource with lowest search precedence
2019-08-20 14:29:58,730 DEBUG [main] env.StandardEnvironment (MutablePropertySources.java:109)     - Adding [systemEnvironment] PropertySource with lowest search precedence
2019-08-20 14:29:58,732 DEBUG [main] env.StandardEnvironment (AbstractEnvironment.java:124)     - Initialized StandardEnvironment with PropertySources [systemProperties,systemEnvironment]
2019-08-20 14:29:58,736 INFO  [main] xml.XmlBeanDefinitionReader (XmlBeanDefinitionReader.java:317)     - Loading XML bean definitions from class path resource [applicationContext.xml]
2019-08-20 14:29:58,748 DEBUG [main] xml.DefaultDocumentLoader (DefaultDocumentLoader.java:73)     - Using JAXP provider [com.sun.org.apache.xerces.internal.jaxp.DocumentBuilderFactoryImpl]
2019-08-20 14:29:58,768 DEBUG [main] xml.PluggableSchemaResolver (PluggableSchemaResolver.java:141)     - Loading schema mappings from [META-INF/spring.schemas]
2019-08-20 14:29:58,771 DEBUG [main] xml.PluggableSchemaResolver (PluggableSchemaResolver.java:147)     - Loaded schema mappings: {http://www.springframework.org/schema/cache/spring-cache-4.2.xsd=org/springframework/cache/config/spring-cache-4.2.xsd, http://www.springframework.org/schema/aop/spring-aop-4.1.xsd=org/springframework/aop/config/spring-aop-4.1.xsd, http://www.springframework.org/schema/context/spring-context-3.1.xsd=org/springframework/context/config/spring-context-3.1.xsd, http://www.springframework.org/schema/util/spring-util-3.0.xsd=org/springframework/beans/factory/xml/spring-util-3.0.xsd, http://www.springframework.org/schema/tool/spring-tool.xsd=org/springframework/beans/factory/xml/spring-tool-4.3.xsd, http://www.springframework.org/schema/aop/spring-aop-3.2.xsd=org/springframework/aop/config/spring-aop-3.2.xsd, http://www.springframework.org/schema/lang/spring-lang-4.1.xsd=org/springframework/scripting/config/spring-lang-4.1.xsd, http://www.springframework.org/schema/context/spring-context-4.0.xsd=org/springframework/context/config/spring-context-4.0.xsd, http://www.springframework.org/schema/beans/spring-beans-4.2.xsd=org/springframework/beans/factory/xml/spring-beans-4.2.xsd, http://www.springframework.org/schema/tool/spring-tool-4.1.xsd=org/springframework/beans/factory/xml/spring-tool-4.1.xsd, http://www.springframework.org/schema/lang/spring-lang-3.2.xsd=org/springframework/scripting/config/spring-lang-3.2.xsd, http://www.springframework.org/schema/cache/spring-cache-3.2.xsd=org/springframework/cache/config/spring-cache-3.2.xsd, http://www.springframework.org/schema/jee/spring-jee-4.1.xsd=org/springframework/ejb/config/spring-jee-4.1.xsd, http://www.springframework.org/schema/util/spring-util-2.0.xsd=org/springframework/beans/factory/xml/spring-util-2.0.xsd, http://www.springframework.org/schema/task/spring-task-4.2.xsd=org/springframework/scheduling/config/spring-task-4.2.xsd, http://www.springframework.org/schema/tool/spring-tool-3.2.xsd=org/springframework/beans/factory/xml/spring-tool-3.2.xsd, http://www.springframework.org/schema/context/spring-context.xsd=org/springframework/context/config/spring-context-4.3.xsd, http://www.springframework.org/schema/cache/spring-cache-4.1.xsd=org/springframework/cache/config/spring-cache-4.1.xsd, http://www.springframework.org/schema/aop/spring-aop-4.0.xsd=org/springframework/aop/config/spring-aop-4.0.xsd, http://www.springframework.org/schema/jee/spring-jee-3.2.xsd=org/springframework/ejb/config/spring-jee-3.2.xsd, http://www.springframework.org/schema/context/spring-context-3.0.xsd=org/springframework/context/config/spring-context-3.0.xsd, http://www.springframework.org/schema/util/spring-util-4.3.xsd=org/springframework/beans/factory/xml/spring-util-4.3.xsd, http://www.springframework.org/schema/util/spring-util-2.5.xsd=org/springframework/beans/factory/xml/spring-util-2.5.xsd, http://www.springframework.org/schema/beans/spring-beans-3.2.xsd=org/springframework/beans/factory/xml/spring-beans-3.2.xsd, http://www.springframework.org/schema/aop/spring-aop-3.1.xsd=org/springframework/aop/config/spring-aop-3.1.xsd, http://www.springframework.org/schema/lang/spring-lang-4.0.xsd=org/springframework/scripting/config/spring-lang-4.0.xsd, http://www.springframework.org/schema/beans/spring-beans-4.1.xsd=org/springframework/beans/factory/xml/spring-beans-4.1.xsd, http://www.springframework.org/schema/tool/spring-tool-4.0.xsd=org/springframework/beans/factory/xml/spring-tool-4.0.xsd, http://www.springframework.org/schema/lang/spring-lang-3.1.xsd=org/springframework/scripting/config/spring-lang-3.1.xsd, http://www.springframework.org/schema/cache/spring-cache-3.1.xsd=org/springframework/cache/config/spring-cache-3.1.xsd, http://www.springframework.org/schema/jee/spring-jee-4.0.xsd=org/springframework/ejb/config/spring-jee-4.0.xsd, http://www.springframework.org/schema/task/spring-task-4.1.xsd=org/springframework/scheduling/config/spring-task-4.1.xsd, http://www.springframework.org/schema/tool/spring-tool-3.1.xsd=org/springframework/beans/factory/xml/spring-tool-3.1.xsd, http://www.springframework.org/schema/cache/spring-cache-4.0.xsd=org/springframework/cache/config/spring-cache-4.0.xsd, http://www.springframework.org/schema/jee/spring-jee-3.1.xsd=org/springframework/ejb/config/spring-jee-3.1.xsd, http://www.springframework.org/schema/util/spring-util-4.2.xsd=org/springframework/beans/factory/xml/spring-util-4.2.xsd, http://www.springframework.org/schema/task/spring-task-3.2.xsd=org/springframework/scheduling/config/spring-task-3.2.xsd, http://www.springframework.org/schema/beans/spring-beans-3.1.xsd=org/springframework/beans/factory/xml/spring-beans-3.1.xsd, http://www.springframework.org/schema/util/spring-util.xsd=org/springframework/beans/factory/xml/spring-util-4.3.xsd, http://www.springframework.org/schema/aop/spring-aop-3.0.xsd=org/springframework/aop/config/spring-aop-3.0.xsd, http://www.springframework.org/schema/beans/spring-beans-4.0.xsd=org/springframework/beans/factory/xml/spring-beans-4.0.xsd, http://www.springframework.org/schema/beans/spring-beans.xsd=org/springframework/beans/factory/xml/spring-beans-4.3.xsd, http://www.springframework.org/schema/lang/spring-lang-3.0.xsd=org/springframework/scripting/config/spring-lang-3.0.xsd, http://www.springframework.org/schema/context/spring-context-2.5.xsd=org/springframework/context/config/spring-context-2.5.xsd, http://www.springframework.org/schema/context/spring-context-4.3.xsd=org/springframework/context/config/spring-context-4.3.xsd, http://www.springframework.org/schema/task/spring-task-4.0.xsd=org/springframework/scheduling/config/spring-task-4.0.xsd, http://www.springframework.org/schema/tool/spring-tool-3.0.xsd=org/springframework/beans/factory/xml/spring-tool-3.0.xsd, http://www.springframework.org/schema/aop/spring-aop-2.0.xsd=org/springframework/aop/config/spring-aop-2.0.xsd, http://www.springframework.org/schema/jee/spring-jee-3.0.xsd=org/springframework/ejb/config/spring-jee-3.0.xsd, http://www.springframework.org/schema/util/spring-util-4.1.xsd=org/springframework/beans/factory/xml/spring-util-4.1.xsd, http://www.springframework.org/schema/task/spring-task-3.1.xsd=org/springframework/scheduling/config/spring-task-3.1.xsd, http://www.springframework.org/schema/beans/spring-beans-3.0.xsd=org/springframework/beans/factory/xml/spring-beans-3.0.xsd, http://www.springframework.org/schema/jee/spring-jee.xsd=org/springframework/ejb/config/spring-jee-4.3.xsd, http://www.springframework.org/schema/aop/spring-aop-2.5.xsd=org/springframework/aop/config/spring-aop-2.5.xsd, http://www.springframework.org/schema/aop/spring-aop-4.3.xsd=org/springframework/aop/config/spring-aop-4.3.xsd, http://www.springframework.org/schema/lang/spring-lang-2.0.xsd=org/springframework/scripting/config/spring-lang-2.0.xsd, http://www.springframework.org/schema/util/spring-util-3.2.xsd=org/springframework/beans/factory/xml/spring-util-3.2.xsd, http://www.springframework.org/schema/task/spring-task.xsd=org/springframework/scheduling/config/spring-task-4.3.xsd, http://www.springframework.org/schema/tool/spring-tool-2.0.xsd=org/springframework/beans/factory/xml/spring-tool-2.0.xsd, http://www.springframework.org/schema/lang/spring-lang-2.5.xsd=org/springframework/scripting/config/spring-lang-2.5.xsd, http://www.springframework.org/schema/lang/spring-lang-4.3.xsd=org/springframework/scripting/config/spring-lang-4.3.xsd, http://www.springframework.org/schema/context/spring-context-4.2.xsd=org/springframework/context/config/spring-context-4.2.xsd, http://www.springframework.org/schema/jee/spring-jee-2.0.xsd=org/springframework/ejb/config/spring-jee-2.0.xsd, http://www.springframework.org/schema/tool/spring-tool-4.3.xsd=org/springframework/beans/factory/xml/spring-tool-4.3.xsd, http://www.springframework.org/schema/tool/spring-tool-2.5.xsd=org/springframework/beans/factory/xml/spring-tool-2.5.xsd, http://www.springframework.org/schema/jee/spring-jee-4.3.xsd=org/springframework/ejb/config/spring-jee-4.3.xsd, http://www.springframework.org/schema/jee/spring-jee-2.5.xsd=org/springframework/ejb/config/spring-jee-2.5.xsd, http://www.springframework.org/schema/util/spring-util-4.0.xsd=org/springframework/beans/factory/xml/spring-util-4.0.xsd, http://www.springframework.org/schema/task/spring-task-3.0.xsd=org/springframework/scheduling/config/spring-task-3.0.xsd, http://www.springframework.org/schema/cache/spring-cache-4.3.xsd=org/springframework/cache/config/spring-cache-4.3.xsd, http://www.springframework.org/schema/aop/spring-aop-4.2.xsd=org/springframework/aop/config/spring-aop-4.2.xsd, http://www.springframework.org/schema/lang/spring-lang.xsd=org/springframework/scripting/config/spring-lang-4.3.xsd, http://www.springframework.org/schema/context/spring-context-3.2.xsd=org/springframework/context/config/spring-context-3.2.xsd, http://www.springframework.org/schema/util/spring-util-3.1.xsd=org/springframework/beans/factory/xml/spring-util-3.1.xsd, http://www.springframework.org/schema/beans/spring-beans-2.0.xsd=org/springframework/beans/factory/xml/spring-beans-2.0.xsd, http://www.springframework.org/schema/cache/spring-cache.xsd=org/springframework/cache/config/spring-cache-4.3.xsd, http://www.springframework.org/schema/lang/spring-lang-4.2.xsd=org/springframework/scripting/config/spring-lang-4.2.xsd, http://www.springframework.org/schema/context/spring-context-4.1.xsd=org/springframework/context/config/spring-context-4.1.xsd, http://www.springframework.org/schema/beans/spring-beans-2.5.xsd=org/springframework/beans/factory/xml/spring-beans-2.5.xsd, http://www.springframework.org/schema/beans/spring-beans-4.3.xsd=org/springframework/beans/factory/xml/spring-beans-4.3.xsd, http://www.springframework.org/schema/tool/spring-tool-4.2.xsd=org/springframework/beans/factory/xml/spring-tool-4.2.xsd, http://www.springframework.org/schema/jee/spring-jee-4.2.xsd=org/springframework/ejb/config/spring-jee-4.2.xsd, http://www.springframework.org/schema/task/spring-task-4.3.xsd=org/springframework/scheduling/config/spring-task-4.3.xsd, http://www.springframework.org/schema/aop/spring-aop.xsd=org/springframework/aop/config/spring-aop-4.3.xsd}
2019-08-20 14:29:58,772 DEBUG [main] xml.PluggableSchemaResolver (PluggableSchemaResolver.java:119)     - Found XML schema [http://www.springframework.org/schema/beans/spring-beans.xsd] in classpath: org/springframework/beans/factory/xml/spring-beans-4.3.xsd
2019-08-20 14:29:58,797 DEBUG [main] xml.DefaultBeanDefinitionDocumentReader (DefaultBeanDefinitionDocumentReader.java:92)     - Loading bean definitions
2019-08-20 14:29:58,805 DEBUG [main] xml.XmlBeanDefinitionReader (AbstractBeanDefinitionReader.java:224)     - Loaded 2 bean definitions from location pattern [/applicationContext.xml]
2019-08-20 14:29:58,807 INFO  [main] support.GenericXmlApplicationContext (AbstractApplicationContext.java:583)     - Refreshing org.springframework.context.support.GenericXmlApplicationContext@78e03bb5: startup date [Tue Aug 20 14:29:58 KST 2019]; root of context hierarchy
2019-08-20 14:29:58,807 DEBUG [main] support.GenericXmlApplicationContext (AbstractApplicationContext.java:617)     - Bean factory for org.springframework.context.support.GenericXmlApplicationContext@78e03bb5: org.springframework.beans.factory.support.DefaultListableBeanFactory@2c8d66b2: defining beans [connectionMaker,userDao]; root of factory hierarchy
2019-08-20 14:29:58,826 DEBUG [main] support.GenericXmlApplicationContext (AbstractApplicationContext.java:734)     - Unable to locate MessageSource with name 'messageSource': using default [org.springframework.context.support.DelegatingMessageSource@50f8360d]
2019-08-20 14:29:58,829 DEBUG [main] support.GenericXmlApplicationContext (AbstractApplicationContext.java:758)     - Unable to locate ApplicationEventMulticaster with name 'applicationEventMulticaster': using default [org.springframework.context.event.SimpleApplicationEventMulticaster@59e84876]
2019-08-20 14:29:58,830 DEBUG [main] support.DefaultListableBeanFactory (DefaultListableBeanFactory.java:730)     - Pre-instantiating singletons in org.springframework.beans.factory.support.DefaultListableBeanFactory@2c8d66b2: defining beans [connectionMaker,userDao]; root of factory hierarchy
2019-08-20 14:29:58,830 DEBUG [main] support.DefaultListableBeanFactory (DefaultSingletonBeanRegistry.java:221)     - Creating shared instance of singleton bean 'connectionMaker'
2019-08-20 14:29:58,831 DEBUG [main] support.DefaultListableBeanFactory (AbstractAutowireCapableBeanFactory.java:449)     - Creating instance of bean 'connectionMaker'
2019-08-20 14:29:58,839 DEBUG [main] support.DefaultListableBeanFactory (AbstractAutowireCapableBeanFactory.java:539)     - Eagerly caching bean 'connectionMaker' to allow for resolving potential circular references
2019-08-20 14:29:58,840 DEBUG [main] support.DefaultListableBeanFactory (AbstractAutowireCapableBeanFactory.java:485)     - Finished creating instance of bean 'connectionMaker'
2019-08-20 14:29:58,840 DEBUG [main] support.DefaultListableBeanFactory (DefaultSingletonBeanRegistry.java:221)     - Creating shared instance of singleton bean 'userDao'
2019-08-20 14:29:58,840 DEBUG [main] support.DefaultListableBeanFactory (AbstractAutowireCapableBeanFactory.java:449)     - Creating instance of bean 'userDao'
2019-08-20 14:29:58,840 DEBUG [main] support.DefaultListableBeanFactory (AbstractAutowireCapableBeanFactory.java:539)     - Eagerly caching bean 'userDao' to allow for resolving potential circular references
2019-08-20 14:29:58,841 DEBUG [main] support.DefaultListableBeanFactory (AbstractBeanFactory.java:251)     - Returning cached instance of singleton bean 'connectionMaker'
2019-08-20 14:29:58,853 DEBUG [main] support.DefaultListableBeanFactory (AbstractAutowireCapableBeanFactory.java:485)     - Finished creating instance of bean 'userDao'
2019-08-20 14:29:58,854 DEBUG [main] support.GenericXmlApplicationContext (AbstractApplicationContext.java:785)     - Unable to locate LifecycleProcessor with name 'lifecycleProcessor': using default [org.springframework.context.support.DefaultLifecycleProcessor@3c0ecd4b]
2019-08-20 14:29:58,854 DEBUG [main] support.DefaultListableBeanFactory (AbstractBeanFactory.java:251)     - Returning cached instance of singleton bean 'lifecycleProcessor'
2019-08-20 14:29:58,855 DEBUG [main] env.PropertySourcesPropertyResolver (PropertySourcesPropertyResolver.java:91)     - Could not find key 'spring.liveBeansView.mbeanDomain' in any property source
2019-08-20 14:29:58,856 DEBUG [main] ehr.UserDaoXMLTest (UserDaoXMLTest.java:23)     - =================================
2019-08-20 14:29:58,856 DEBUG [main] ehr.UserDaoXMLTest (UserDaoXMLTest.java:24)     - =context=org.springframework.context.support.GenericXmlApplicationContext@78e03bb5: startup date [Tue Aug 20 14:29:58 KST 2019]; root of context hierarchy
2019-08-20 14:29:58,856 DEBUG [main] ehr.UserDaoXMLTest (UserDaoXMLTest.java:25)     - =================================
2019-08-20 14:29:58,856 DEBUG [main] support.DefaultListableBeanFactory (AbstractBeanFactory.java:251)     - Returning cached instance of singleton bean 'userDao'
2019-08-20 14:29:58,857 DEBUG [main] support.DefaultListableBeanFactory (AbstractBeanFactory.java:251)     - Returning cached instance of singleton bean 'userDao'
2019-08-20 14:29:58,857 DEBUG [main] support.DefaultListableBeanFactory (AbstractBeanFactory.java:251)     - Returning cached instance of singleton bean 'userDao'
2019-08-20 14:29:58,857 DEBUG [main] ehr.UserDaoXMLTest (UserDaoXMLTest.java:31)     - =================================
2019-08-20 14:29:58,857 DEBUG [main] ehr.UserDaoXMLTest (UserDaoXMLTest.java:32)     - =01 dao=com.ehr.UserDao@3fee9989
2019-08-20 14:29:58,857 DEBUG [main] ehr.UserDaoXMLTest (UserDaoXMLTest.java:33)     - =01 dao02=com.ehr.UserDao@3fee9989
2019-08-20 14:29:58,857 DEBUG [main] ehr.UserDaoXMLTest (UserDaoXMLTest.java:34)     - =01 dao03=com.ehr.UserDao@3fee9989
2019-08-20 14:29:58,857 DEBUG [main] ehr.UserDaoXMLTest (UserDaoXMLTest.java:35)     - =================================
2019-08-20 14:30:55,783 DEBUG [main] env.StandardEnvironment (MutablePropertySources.java:109)     - Adding [systemProperties] PropertySource with lowest search precedence
2019-08-20 14:30:55,786 DEBUG [main] env.StandardEnvironment (MutablePropertySources.java:109)     - Adding [systemEnvironment] PropertySource with lowest search precedence
2019-08-20 14:30:55,788 DEBUG [main] env.StandardEnvironment (AbstractEnvironment.java:124)     - Initialized StandardEnvironment with PropertySources [systemProperties,systemEnvironment]
2019-08-20 14:30:55,792 INFO  [main] xml.XmlBeanDefinitionReader (XmlBeanDefinitionReader.java:317)     - Loading XML bean definitions from class path resource [applicationContext.xml]
2019-08-20 14:30:55,805 DEBUG [main] xml.DefaultDocumentLoader (DefaultDocumentLoader.java:73)     - Using JAXP provider [com.sun.org.apache.xerces.internal.jaxp.DocumentBuilderFactoryImpl]
2019-08-20 14:30:55,824 DEBUG [main] xml.PluggableSchemaResolver (PluggableSchemaResolver.java:141)     - Loading schema mappings from [META-INF/spring.schemas]
2019-08-20 14:30:55,827 DEBUG [main] xml.PluggableSchemaResolver (PluggableSchemaResolver.java:147)     - Loaded schema mappings: {http://www.springframework.org/schema/cache/spring-cache-4.2.xsd=org/springframework/cache/config/spring-cache-4.2.xsd, http://www.springframework.org/schema/aop/spring-aop-4.1.xsd=org/springframework/aop/config/spring-aop-4.1.xsd, http://www.springframework.org/schema/context/spring-context-3.1.xsd=org/springframework/context/config/spring-context-3.1.xsd, http://www.springframework.org/schema/util/spring-util-3.0.xsd=org/springframework/beans/factory/xml/spring-util-3.0.xsd, http://www.springframework.org/schema/tool/spring-tool.xsd=org/springframework/beans/factory/xml/spring-tool-4.3.xsd, http://www.springframework.org/schema/aop/spring-aop-3.2.xsd=org/springframework/aop/config/spring-aop-3.2.xsd, http://www.springframework.org/schema/lang/spring-lang-4.1.xsd=org/springframework/scripting/config/spring-lang-4.1.xsd, http://www.springframework.org/schema/context/spring-context-4.0.xsd=org/springframework/context/config/spring-context-4.0.xsd, http://www.springframework.org/schema/beans/spring-beans-4.2.xsd=org/springframework/beans/factory/xml/spring-beans-4.2.xsd, http://www.springframework.org/schema/tool/spring-tool-4.1.xsd=org/springframework/beans/factory/xml/spring-tool-4.1.xsd, http://www.springframework.org/schema/lang/spring-lang-3.2.xsd=org/springframework/scripting/config/spring-lang-3.2.xsd, http://www.springframework.org/schema/cache/spring-cache-3.2.xsd=org/springframework/cache/config/spring-cache-3.2.xsd, http://www.springframework.org/schema/jee/spring-jee-4.1.xsd=org/springframework/ejb/config/spring-jee-4.1.xsd, http://www.springframework.org/schema/util/spring-util-2.0.xsd=org/springframework/beans/factory/xml/spring-util-2.0.xsd, http://www.springframework.org/schema/task/spring-task-4.2.xsd=org/springframework/scheduling/config/spring-task-4.2.xsd, http://www.springframework.org/schema/tool/spring-tool-3.2.xsd=org/springframework/beans/factory/xml/spring-tool-3.2.xsd, http://www.springframework.org/schema/context/spring-context.xsd=org/springframework/context/config/spring-context-4.3.xsd, http://www.springframework.org/schema/cache/spring-cache-4.1.xsd=org/springframework/cache/config/spring-cache-4.1.xsd, http://www.springframework.org/schema/aop/spring-aop-4.0.xsd=org/springframework/aop/config/spring-aop-4.0.xsd, http://www.springframework.org/schema/jee/spring-jee-3.2.xsd=org/springframework/ejb/config/spring-jee-3.2.xsd, http://www.springframework.org/schema/context/spring-context-3.0.xsd=org/springframework/context/config/spring-context-3.0.xsd, http://www.springframework.org/schema/util/spring-util-4.3.xsd=org/springframework/beans/factory/xml/spring-util-4.3.xsd, http://www.springframework.org/schema/util/spring-util-2.5.xsd=org/springframework/beans/factory/xml/spring-util-2.5.xsd, http://www.springframework.org/schema/beans/spring-beans-3.2.xsd=org/springframework/beans/factory/xml/spring-beans-3.2.xsd, http://www.springframework.org/schema/aop/spring-aop-3.1.xsd=org/springframework/aop/config/spring-aop-3.1.xsd, http://www.springframework.org/schema/lang/spring-lang-4.0.xsd=org/springframework/scripting/config/spring-lang-4.0.xsd, http://www.springframework.org/schema/beans/spring-beans-4.1.xsd=org/springframework/beans/factory/xml/spring-beans-4.1.xsd, http://www.springframework.org/schema/tool/spring-tool-4.0.xsd=org/springframework/beans/factory/xml/spring-tool-4.0.xsd, http://www.springframework.org/schema/lang/spring-lang-3.1.xsd=org/springframework/scripting/config/spring-lang-3.1.xsd, http://www.springframework.org/schema/cache/spring-cache-3.1.xsd=org/springframework/cache/config/spring-cache-3.1.xsd, http://www.springframework.org/schema/jee/spring-jee-4.0.xsd=org/springframework/ejb/config/spring-jee-4.0.xsd, http://www.springframework.org/schema/task/spring-task-4.1.xsd=org/springframework/scheduling/config/spring-task-4.1.xsd, http://www.springframework.org/schema/tool/spring-tool-3.1.xsd=org/springframework/beans/factory/xml/spring-tool-3.1.xsd, http://www.springframework.org/schema/cache/spring-cache-4.0.xsd=org/springframework/cache/config/spring-cache-4.0.xsd, http://www.springframework.org/schema/jee/spring-jee-3.1.xsd=org/springframework/ejb/config/spring-jee-3.1.xsd, http://www.springframework.org/schema/util/spring-util-4.2.xsd=org/springframework/beans/factory/xml/spring-util-4.2.xsd, http://www.springframework.org/schema/task/spring-task-3.2.xsd=org/springframework/scheduling/config/spring-task-3.2.xsd, http://www.springframework.org/schema/beans/spring-beans-3.1.xsd=org/springframework/beans/factory/xml/spring-beans-3.1.xsd, http://www.springframework.org/schema/util/spring-util.xsd=org/springframework/beans/factory/xml/spring-util-4.3.xsd, http://www.springframework.org/schema/aop/spring-aop-3.0.xsd=org/springframework/aop/config/spring-aop-3.0.xsd, http://www.springframework.org/schema/beans/spring-beans-4.0.xsd=org/springframework/beans/factory/xml/spring-beans-4.0.xsd, http://www.springframework.org/schema/beans/spring-beans.xsd=org/springframework/beans/factory/xml/spring-beans-4.3.xsd, http://www.springframework.org/schema/lang/spring-lang-3.0.xsd=org/springframework/scripting/config/spring-lang-3.0.xsd, http://www.springframework.org/schema/context/spring-context-2.5.xsd=org/springframework/context/config/spring-context-2.5.xsd, http://www.springframework.org/schema/context/spring-context-4.3.xsd=org/springframework/context/config/spring-context-4.3.xsd, http://www.springframework.org/schema/task/spring-task-4.0.xsd=org/springframework/scheduling/config/spring-task-4.0.xsd, http://www.springframework.org/schema/tool/spring-tool-3.0.xsd=org/springframework/beans/factory/xml/spring-tool-3.0.xsd, http://www.springframework.org/schema/aop/spring-aop-2.0.xsd=org/springframework/aop/config/spring-aop-2.0.xsd, http://www.springframework.org/schema/jee/spring-jee-3.0.xsd=org/springframework/ejb/config/spring-jee-3.0.xsd, http://www.springframework.org/schema/util/spring-util-4.1.xsd=org/springframework/beans/factory/xml/spring-util-4.1.xsd, http://www.springframework.org/schema/task/spring-task-3.1.xsd=org/springframework/scheduling/config/spring-task-3.1.xsd, http://www.springframework.org/schema/beans/spring-beans-3.0.xsd=org/springframework/beans/factory/xml/spring-beans-3.0.xsd, http://www.springframework.org/schema/jee/spring-jee.xsd=org/springframework/ejb/config/spring-jee-4.3.xsd, http://www.springframework.org/schema/aop/spring-aop-2.5.xsd=org/springframework/aop/config/spring-aop-2.5.xsd, http://www.springframework.org/schema/aop/spring-aop-4.3.xsd=org/springframework/aop/config/spring-aop-4.3.xsd, http://www.springframework.org/schema/lang/spring-lang-2.0.xsd=org/springframework/scripting/config/spring-lang-2.0.xsd, http://www.springframework.org/schema/util/spring-util-3.2.xsd=org/springframework/beans/factory/xml/spring-util-3.2.xsd, http://www.springframework.org/schema/task/spring-task.xsd=org/springframework/scheduling/config/spring-task-4.3.xsd, http://www.springframework.org/schema/tool/spring-tool-2.0.xsd=org/springframework/beans/factory/xml/spring-tool-2.0.xsd, http://www.springframework.org/schema/lang/spring-lang-2.5.xsd=org/springframework/scripting/config/spring-lang-2.5.xsd, http://www.springframework.org/schema/lang/spring-lang-4.3.xsd=org/springframework/scripting/config/spring-lang-4.3.xsd, http://www.springframework.org/schema/context/spring-context-4.2.xsd=org/springframework/context/config/spring-context-4.2.xsd, http://www.springframework.org/schema/jee/spring-jee-2.0.xsd=org/springframework/ejb/config/spring-jee-2.0.xsd, http://www.springframework.org/schema/tool/spring-tool-4.3.xsd=org/springframework/beans/factory/xml/spring-tool-4.3.xsd, http://www.springframework.org/schema/tool/spring-tool-2.5.xsd=org/springframework/beans/factory/xml/spring-tool-2.5.xsd, http://www.springframework.org/schema/jee/spring-jee-4.3.xsd=org/springframework/ejb/config/spring-jee-4.3.xsd, http://www.springframework.org/schema/jee/spring-jee-2.5.xsd=org/springframework/ejb/config/spring-jee-2.5.xsd, http://www.springframework.org/schema/util/spring-util-4.0.xsd=org/springframework/beans/factory/xml/spring-util-4.0.xsd, http://www.springframework.org/schema/task/spring-task-3.0.xsd=org/springframework/scheduling/config/spring-task-3.0.xsd, http://www.springframework.org/schema/cache/spring-cache-4.3.xsd=org/springframework/cache/config/spring-cache-4.3.xsd, http://www.springframework.org/schema/aop/spring-aop-4.2.xsd=org/springframework/aop/config/spring-aop-4.2.xsd, http://www.springframework.org/schema/lang/spring-lang.xsd=org/springframework/scripting/config/spring-lang-4.3.xsd, http://www.springframework.org/schema/context/spring-context-3.2.xsd=org/springframework/context/config/spring-context-3.2.xsd, http://www.springframework.org/schema/util/spring-util-3.1.xsd=org/springframework/beans/factory/xml/spring-util-3.1.xsd, http://www.springframework.org/schema/beans/spring-beans-2.0.xsd=org/springframework/beans/factory/xml/spring-beans-2.0.xsd, http://www.springframework.org/schema/cache/spring-cache.xsd=org/springframework/cache/config/spring-cache-4.3.xsd, http://www.springframework.org/schema/lang/spring-lang-4.2.xsd=org/springframework/scripting/config/spring-lang-4.2.xsd, http://www.springframework.org/schema/context/spring-context-4.1.xsd=org/springframework/context/config/spring-context-4.1.xsd, http://www.springframework.org/schema/beans/spring-beans-2.5.xsd=org/springframework/beans/factory/xml/spring-beans-2.5.xsd, http://www.springframework.org/schema/beans/spring-beans-4.3.xsd=org/springframework/beans/factory/xml/spring-beans-4.3.xsd, http://www.springframework.org/schema/tool/spring-tool-4.2.xsd=org/springframework/beans/factory/xml/spring-tool-4.2.xsd, http://www.springframework.org/schema/jee/spring-jee-4.2.xsd=org/springframework/ejb/config/spring-jee-4.2.xsd, http://www.springframework.org/schema/task/spring-task-4.3.xsd=org/springframework/scheduling/config/spring-task-4.3.xsd, http://www.springframework.org/schema/aop/spring-aop.xsd=org/springframework/aop/config/spring-aop-4.3.xsd}
2019-08-20 14:30:55,828 DEBUG [main] xml.PluggableSchemaResolver (PluggableSchemaResolver.java:119)     - Found XML schema [http://www.springframework.org/schema/beans/spring-beans.xsd] in classpath: org/springframework/beans/factory/xml/spring-beans-4.3.xsd
2019-08-20 14:30:55,854 DEBUG [main] xml.DefaultBeanDefinitionDocumentReader (DefaultBeanDefinitionDocumentReader.java:92)     - Loading bean definitions
2019-08-20 14:30:55,863 DEBUG [main] xml.XmlBeanDefinitionReader (AbstractBeanDefinitionReader.java:224)     - Loaded 2 bean definitions from location pattern [/applicationContext.xml]
2019-08-20 14:30:55,865 INFO  [main] support.GenericXmlApplicationContext (AbstractApplicationContext.java:583)     - Refreshing org.springframework.context.support.GenericXmlApplicationContext@78e03bb5: startup date [Tue Aug 20 14:30:55 KST 2019]; root of context hierarchy
2019-08-20 14:30:55,865 DEBUG [main] support.GenericXmlApplicationContext (AbstractApplicationContext.java:617)     - Bean factory for org.springframework.context.support.GenericXmlApplicationContext@78e03bb5: org.springframework.beans.factory.support.DefaultListableBeanFactory@2c8d66b2: defining beans [connectionMaker,userDao]; root of factory hierarchy
2019-08-20 14:30:55,887 DEBUG [main] support.GenericXmlApplicationContext (AbstractApplicationContext.java:734)     - Unable to locate MessageSource with name 'messageSource': using default [org.springframework.context.support.DelegatingMessageSource@50f8360d]
2019-08-20 14:30:55,890 DEBUG [main] support.GenericXmlApplicationContext (AbstractApplicationContext.java:758)     - Unable to locate ApplicationEventMulticaster with name 'applicationEventMulticaster': using default [org.springframework.context.event.SimpleApplicationEventMulticaster@59e84876]
2019-08-20 14:30:55,891 DEBUG [main] support.DefaultListableBeanFactory (DefaultListableBeanFactory.java:730)     - Pre-instantiating singletons in org.springframework.beans.factory.support.DefaultListableBeanFactory@2c8d66b2: defining beans [connectionMaker,userDao]; root of factory hierarchy
2019-08-20 14:30:55,891 DEBUG [main] support.DefaultListableBeanFactory (DefaultSingletonBeanRegistry.java:221)     - Creating shared instance of singleton bean 'connectionMaker'
2019-08-20 14:30:55,892 DEBUG [main] support.DefaultListableBeanFactory (AbstractAutowireCapableBeanFactory.java:449)     - Creating instance of bean 'connectionMaker'
2019-08-20 14:30:55,900 DEBUG [main] support.DefaultListableBeanFactory (AbstractAutowireCapableBeanFactory.java:539)     - Eagerly caching bean 'connectionMaker' to allow for resolving potential circular references
2019-08-20 14:30:55,901 DEBUG [main] support.DefaultListableBeanFactory (AbstractAutowireCapableBeanFactory.java:485)     - Finished creating instance of bean 'connectionMaker'
2019-08-20 14:30:55,901 DEBUG [main] support.DefaultListableBeanFactory (DefaultSingletonBeanRegistry.java:221)     - Creating shared instance of singleton bean 'userDao'
2019-08-20 14:30:55,901 DEBUG [main] support.DefaultListableBeanFactory (AbstractAutowireCapableBeanFactory.java:449)     - Creating instance of bean 'userDao'
2019-08-20 14:30:55,902 DEBUG [main] support.DefaultListableBeanFactory (AbstractAutowireCapableBeanFactory.java:539)     - Eagerly caching bean 'userDao' to allow for resolving potential circular references
2019-08-20 14:30:55,902 DEBUG [main] support.DefaultListableBeanFactory (AbstractBeanFactory.java:251)     - Returning cached instance of singleton bean 'connectionMaker'
2019-08-20 14:30:55,915 DEBUG [main] support.DefaultListableBeanFactory (AbstractAutowireCapableBeanFactory.java:485)     - Finished creating instance of bean 'userDao'
2019-08-20 14:30:55,916 DEBUG [main] support.GenericXmlApplicationContext (AbstractApplicationContext.java:785)     - Unable to locate LifecycleProcessor with name 'lifecycleProcessor': using default [org.springframework.context.support.DefaultLifecycleProcessor@3c0ecd4b]
2019-08-20 14:30:55,916 DEBUG [main] support.DefaultListableBeanFactory (AbstractBeanFactory.java:251)     - Returning cached instance of singleton bean 'lifecycleProcessor'
2019-08-20 14:30:55,917 DEBUG [main] env.PropertySourcesPropertyResolver (PropertySourcesPropertyResolver.java:91)     - Could not find key 'spring.liveBeansView.mbeanDomain' in any property source
2019-08-20 14:30:55,918 DEBUG [main] ehr.UserDaoXMLTest (UserDaoXMLTest.java:23)     - =================================
2019-08-20 14:30:55,918 DEBUG [main] ehr.UserDaoXMLTest (UserDaoXMLTest.java:24)     - =context=org.springframework.context.support.GenericXmlApplicationContext@78e03bb5: startup date [Tue Aug 20 14:30:55 KST 2019]; root of context hierarchy
2019-08-20 14:30:55,918 DEBUG [main] ehr.UserDaoXMLTest (UserDaoXMLTest.java:25)     - =================================
2019-08-20 14:30:55,918 DEBUG [main] support.DefaultListableBeanFactory (AbstractBeanFactory.java:251)     - Returning cached instance of singleton bean 'userDao'
2019-08-20 14:30:55,919 DEBUG [main] support.DefaultListableBeanFactory (AbstractBeanFactory.java:251)     - Returning cached instance of singleton bean 'userDao'
2019-08-20 14:30:55,919 DEBUG [main] support.DefaultListableBeanFactory (AbstractBeanFactory.java:251)     - Returning cached instance of singleton bean 'userDao'
2019-08-20 14:30:55,919 DEBUG [main] ehr.UserDaoXMLTest (UserDaoXMLTest.java:31)     - =================================
2019-08-20 14:30:55,919 DEBUG [main] ehr.UserDaoXMLTest (UserDaoXMLTest.java:32)     - =01 dao=com.ehr.UserDao@3fee9989
2019-08-20 14:30:55,919 DEBUG [main] ehr.UserDaoXMLTest (UserDaoXMLTest.java:33)     - =01 dao02=com.ehr.UserDao@3fee9989
2019-08-20 14:30:55,919 DEBUG [main] ehr.UserDaoXMLTest (UserDaoXMLTest.java:34)     - =01 dao03=com.ehr.UserDao@3fee9989
2019-08-20 14:30:55,919 DEBUG [main] ehr.UserDaoXMLTest (UserDaoXMLTest.java:35)     - =================================
2019-08-20 14:30:55,919 DEBUG [main] ehr.UserDaoXMLTest (UserDaoXMLTest.java:40)     - =================================
2019-08-20 14:30:55,919 DEBUG [main] ehr.UserDaoXMLTest (UserDaoXMLTest.java:41)     - =01 단건등록=
2019-08-20 14:30:55,919 DEBUG [main] ehr.UserDaoXMLTest (UserDaoXMLTest.java:42)     - =================================
2019-08-20 14:30:56,153 DEBUG [main] ehr.UserDao       ( UserDao.java:77)     - =================================
2019-08-20 14:30:56,154 DEBUG [main] ehr.UserDao       ( UserDao.java:78)     - 02. sql= INSERT INTO users ( 
     u_id,           
     name,           
     passwd          
 ) VALUES (          
     ?,              
     ?,              
     ?               
 )                   

2019-08-20 14:30:56,154 DEBUG [main] ehr.UserDao       ( UserDao.java:79)     - =================================
2019-08-20 14:30:56,207 DEBUG [main] ehr.UserDao       ( UserDao.java:88)     - =================================
2019-08-20 14:30:56,207 DEBUG [main] ehr.UserDao       ( UserDao.java:89)     - 03. paam=User [u_id=j01_134, name=송영은, passwd=1234]
2019-08-20 14:30:56,207 DEBUG [main] ehr.UserDao       ( UserDao.java:90)     - =================================
2019-08-20 14:30:56,212 DEBUG [main] ehr.UserDao       ( UserDao.java:96)     - =================================
2019-08-20 14:30:56,212 DEBUG [main] ehr.UserDao       ( UserDao.java:97)     - 04. Run flag=1
2019-08-20 14:30:56,212 DEBUG [main] ehr.UserDao       ( UserDao.java:98)     - =================================
2019-08-20 14:30:56,216 DEBUG [main] ehr.UserDaoXMLTest (UserDaoXMLTest.java:45)     - =================================
2019-08-20 14:30:56,216 DEBUG [main] ehr.UserDaoXMLTest (UserDaoXMLTest.java:46)     - =01.01 add flag=1
2019-08-20 14:30:56,216 DEBUG [main] ehr.UserDaoXMLTest (UserDaoXMLTest.java:47)     - =================================
2019-08-20 14:30:56,216 DEBUG [main] ehr.UserDaoXMLTest (UserDaoXMLTest.java:50)     - =================================
2019-08-20 14:30:56,216 DEBUG [main] ehr.UserDaoXMLTest (UserDaoXMLTest.java:51)     - =01.02 단건등록 성공=j01_134
2019-08-20 14:30:56,216 DEBUG [main] ehr.UserDaoXMLTest (UserDaoXMLTest.java:52)     - =================================
2019-08-20 14:30:56,216 DEBUG [main] ehr.UserDaoXMLTest (UserDaoXMLTest.java:55)     - =================================
2019-08-20 14:30:56,216 DEBUG [main] ehr.UserDaoXMLTest (UserDaoXMLTest.java:56)     - =02 단건조회=
2019-08-20 14:30:56,217 DEBUG [main] ehr.UserDaoXMLTest (UserDaoXMLTest.java:57)     - =================================
2019-08-20 14:30:56,247 DEBUG [main] ehr.UserDao       ( UserDao.java:141)     - =================================
2019-08-20 14:30:56,248 DEBUG [main] ehr.UserDao       ( UserDao.java:142)     - 02. sql= SELECT      
     u_id,   
     name,   
     passwd  
 FROM        
     users   
 WHERE u_id = ?  

2019-08-20 14:30:56,248 DEBUG [main] ehr.UserDao       ( UserDao.java:143)     - =================================
2019-08-20 14:30:56,249 DEBUG [main] ehr.UserDao       ( UserDao.java:150)     - =============================
2019-08-20 14:30:56,249 DEBUG [main] ehr.UserDao       ( UserDao.java:151)     - 03. id=j01_134
2019-08-20 14:30:56,250 DEBUG [main] ehr.UserDao       ( UserDao.java:152)     - =============================
2019-08-20 14:30:56,269 DEBUG [main] ehr.UserDao       ( UserDao.java:166)     - =============================
2019-08-20 14:30:56,270 DEBUG [main] ehr.UserDao       ( UserDao.java:167)     - 04. Run outVO=User [u_id=j01_134, name=송영은, passwd=1234]
2019-08-20 14:30:56,270 DEBUG [main] ehr.UserDao       ( UserDao.java:168)     - =============================
2019-08-20 14:30:56,271 DEBUG [main] ehr.UserDaoXMLTest (UserDaoXMLTest.java:63)     - ******************************************
2019-08-20 14:30:56,272 DEBUG [main] ehr.UserDaoXMLTest (UserDaoXMLTest.java:64)     - =02.01 단건조회 성공=j01_134
2019-08-20 14:30:56,272 DEBUG [main] ehr.UserDaoXMLTest (UserDaoXMLTest.java:65)     - ******************************************
