2019-08-21 11:03:10 DEBUG StandardEnvironment:109 - Adding [systemProperties] PropertySource with lowest search precedence
2019-08-21 11:03:10 DEBUG StandardEnvironment:109 - Adding [systemEnvironment] PropertySource with lowest search precedence
2019-08-21 11:03:10 DEBUG StandardEnvironment:124 - Initialized StandardEnvironment with PropertySources [systemProperties,systemEnvironment]
2019-08-21 11:03:10 INFO  XmlBeanDefinitionReader:317 - Loading XML bean definitions from class path resource [applicationContext.xml]
2019-08-21 11:03:10 DEBUG DefaultDocumentLoader:73 - Using JAXP provider [com.sun.org.apache.xerces.internal.jaxp.DocumentBuilderFactoryImpl]
2019-08-21 11:03:10 DEBUG PluggableSchemaResolver:141 - Loading schema mappings from [META-INF/spring.schemas]
2019-08-21 11:03:10 DEBUG PluggableSchemaResolver:147 - Loaded schema mappings: {http://www.springframework.org/schema/tx/spring-tx-2.5.xsd=org/springframework/transaction/config/spring-tx-2.5.xsd, http://www.springframework.org/schema/tx/spring-tx-4.3.xsd=org/springframework/transaction/config/spring-tx-4.3.xsd, http://www.springframework.org/schema/cache/spring-cache-4.2.xsd=org/springframework/cache/config/spring-cache-4.2.xsd, http://www.springframework.org/schema/aop/spring-aop-4.1.xsd=org/springframework/aop/config/spring-aop-4.1.xsd, http://www.springframework.org/schema/context/spring-context-3.1.xsd=org/springframework/context/config/spring-context-3.1.xsd, http://www.springframework.org/schema/jdbc/spring-jdbc-4.1.xsd=org/springframework/jdbc/config/spring-jdbc-4.1.xsd, http://www.springframework.org/schema/util/spring-util-3.0.xsd=org/springframework/beans/factory/xml/spring-util-3.0.xsd, http://www.springframework.org/schema/aop/spring-aop-3.2.xsd=org/springframework/aop/config/spring-aop-3.2.xsd, http://www.springframework.org/schema/tool/spring-tool.xsd=org/springframework/beans/factory/xml/spring-tool-4.3.xsd, http://www.springframework.org/schema/lang/spring-lang-4.1.xsd=org/springframework/scripting/config/spring-lang-4.1.xsd, http://www.springframework.org/schema/context/spring-context-4.0.xsd=org/springframework/context/config/spring-context-4.0.xsd, http://www.springframework.org/schema/beans/spring-beans-4.2.xsd=org/springframework/beans/factory/xml/spring-beans-4.2.xsd, http://www.springframework.org/schema/tool/spring-tool-4.1.xsd=org/springframework/beans/factory/xml/spring-tool-4.1.xsd, http://www.springframework.org/schema/lang/spring-lang-3.2.xsd=org/springframework/scripting/config/spring-lang-3.2.xsd, http://www.springframework.org/schema/cache/spring-cache-3.2.xsd=org/springframework/cache/config/spring-cache-3.2.xsd, http://www.springframework.org/schema/jee/spring-jee-4.1.xsd=org/springframework/ejb/config/spring-jee-4.1.xsd, http://www.springframework.org/schema/jdbc/spring-jdbc-3.1.xsd=org/springframework/jdbc/config/spring-jdbc-3.1.xsd, http://www.springframework.org/schema/task/spring-task-4.2.xsd=org/springframework/scheduling/config/spring-task-4.2.xsd, http://www.springframework.org/schema/util/spring-util-2.0.xsd=org/springframework/beans/factory/xml/spring-util-2.0.xsd, http://www.springframework.org/schema/tool/spring-tool-3.2.xsd=org/springframework/beans/factory/xml/spring-tool-3.2.xsd, http://www.springframework.org/schema/context/spring-context.xsd=org/springframework/context/config/spring-context-4.3.xsd, http://www.springframework.org/schema/tx/spring-tx-4.2.xsd=org/springframework/transaction/config/spring-tx-4.2.xsd, http://www.springframework.org/schema/cache/spring-cache-4.1.xsd=org/springframework/cache/config/spring-cache-4.1.xsd, http://www.springframework.org/schema/aop/spring-aop-4.0.xsd=org/springframework/aop/config/spring-aop-4.0.xsd, http://www.springframework.org/schema/jee/spring-jee-3.2.xsd=org/springframework/ejb/config/spring-jee-3.2.xsd, http://www.springframework.org/schema/context/spring-context-3.0.xsd=org/springframework/context/config/spring-context-3.0.xsd, http://www.springframework.org/schema/jdbc/spring-jdbc-4.0.xsd=org/springframework/jdbc/config/spring-jdbc-4.0.xsd, http://www.springframework.org/schema/util/spring-util-2.5.xsd=org/springframework/beans/factory/xml/spring-util-2.5.xsd, http://www.springframework.org/schema/util/spring-util-4.3.xsd=org/springframework/beans/factory/xml/spring-util-4.3.xsd, http://www.springframework.org/schema/beans/spring-beans-3.2.xsd=org/springframework/beans/factory/xml/spring-beans-3.2.xsd, http://www.springframework.org/schema/aop/spring-aop-3.1.xsd=org/springframework/aop/config/spring-aop-3.1.xsd, http://www.springframework.org/schema/lang/spring-lang-4.0.xsd=org/springframework/scripting/config/spring-lang-4.0.xsd, http://www.springframework.org/schema/beans/spring-beans-4.1.xsd=org/springframework/beans/factory/xml/spring-beans-4.1.xsd, http://www.springframework.org/schema/tool/spring-tool-4.0.xsd=org/springframework/beans/factory/xml/spring-tool-4.0.xsd, http://www.springframework.org/schema/lang/spring-lang-3.1.xsd=org/springframework/scripting/config/spring-lang-3.1.xsd, http://www.springframework.org/schema/tx/spring-tx-3.2.xsd=org/springframework/transaction/config/spring-tx-3.2.xsd, http://www.springframework.org/schema/cache/spring-cache-3.1.xsd=org/springframework/cache/config/spring-cache-3.1.xsd, http://www.springframework.org/schema/jee/spring-jee-4.0.xsd=org/springframework/ejb/config/spring-jee-4.0.xsd, http://www.springframework.org/schema/jdbc/spring-jdbc-3.0.xsd=org/springframework/jdbc/config/spring-jdbc-3.0.xsd, http://www.springframework.org/schema/task/spring-task-4.1.xsd=org/springframework/scheduling/config/spring-task-4.1.xsd, http://www.springframework.org/schema/jdbc/spring-jdbc.xsd=org/springframework/jdbc/config/spring-jdbc-4.3.xsd, http://www.springframework.org/schema/tool/spring-tool-3.1.xsd=org/springframework/beans/factory/xml/spring-tool-3.1.xsd, http://www.springframework.org/schema/tx/spring-tx-4.1.xsd=org/springframework/transaction/config/spring-tx-4.1.xsd, http://www.springframework.org/schema/cache/spring-cache-4.0.xsd=org/springframework/cache/config/spring-cache-4.0.xsd, http://www.springframework.org/schema/jee/spring-jee-3.1.xsd=org/springframework/ejb/config/spring-jee-3.1.xsd, http://www.springframework.org/schema/task/spring-task-3.2.xsd=org/springframework/scheduling/config/spring-task-3.2.xsd, http://www.springframework.org/schema/util/spring-util-4.2.xsd=org/springframework/beans/factory/xml/spring-util-4.2.xsd, http://www.springframework.org/schema/beans/spring-beans-3.1.xsd=org/springframework/beans/factory/xml/spring-beans-3.1.xsd, http://www.springframework.org/schema/util/spring-util.xsd=org/springframework/beans/factory/xml/spring-util-4.3.xsd, http://www.springframework.org/schema/aop/spring-aop-3.0.xsd=org/springframework/aop/config/spring-aop-3.0.xsd, http://www.springframework.org/schema/beans/spring-beans-4.0.xsd=org/springframework/beans/factory/xml/spring-beans-4.0.xsd, http://www.springframework.org/schema/beans/spring-beans.xsd=org/springframework/beans/factory/xml/spring-beans-4.3.xsd, http://www.springframework.org/schema/lang/spring-lang-3.0.xsd=org/springframework/scripting/config/spring-lang-3.0.xsd, http://www.springframework.org/schema/tx/spring-tx-3.1.xsd=org/springframework/transaction/config/spring-tx-3.1.xsd, http://www.springframework.org/schema/context/spring-context-2.5.xsd=org/springframework/context/config/spring-context-2.5.xsd, http://www.springframework.org/schema/context/spring-context-4.3.xsd=org/springframework/context/config/spring-context-4.3.xsd, http://www.springframework.org/schema/task/spring-task-4.0.xsd=org/springframework/scheduling/config/spring-task-4.0.xsd, http://www.springframework.org/schema/tool/spring-tool-3.0.xsd=org/springframework/beans/factory/xml/spring-tool-3.0.xsd, http://www.springframework.org/schema/tx/spring-tx-4.0.xsd=org/springframework/transaction/config/spring-tx-4.0.xsd, http://www.springframework.org/schema/aop/spring-aop-2.0.xsd=org/springframework/aop/config/spring-aop-2.0.xsd, http://www.springframework.org/schema/jee/spring-jee-3.0.xsd=org/springframework/ejb/config/spring-jee-3.0.xsd, http://www.springframework.org/schema/task/spring-task-3.1.xsd=org/springframework/scheduling/config/spring-task-3.1.xsd, http://www.springframework.org/schema/util/spring-util-4.1.xsd=org/springframework/beans/factory/xml/spring-util-4.1.xsd, http://www.springframework.org/schema/beans/spring-beans-3.0.xsd=org/springframework/beans/factory/xml/spring-beans-3.0.xsd, http://www.springframework.org/schema/jee/spring-jee.xsd=org/springframework/ejb/config/spring-jee-4.3.xsd, http://www.springframework.org/schema/aop/spring-aop-4.3.xsd=org/springframework/aop/config/spring-aop-4.3.xsd, http://www.springframework.org/schema/aop/spring-aop-2.5.xsd=org/springframework/aop/config/spring-aop-2.5.xsd, http://www.springframework.org/schema/lang/spring-lang-2.0.xsd=org/springframework/scripting/config/spring-lang-2.0.xsd, http://www.springframework.org/schema/jdbc/spring-jdbc-4.3.xsd=org/springframework/jdbc/config/spring-jdbc-4.3.xsd, http://www.springframework.org/schema/util/spring-util-3.2.xsd=org/springframework/beans/factory/xml/spring-util-3.2.xsd, http://www.springframework.org/schema/task/spring-task.xsd=org/springframework/scheduling/config/spring-task-4.3.xsd, http://www.springframework.org/schema/tool/spring-tool-2.0.xsd=org/springframework/beans/factory/xml/spring-tool-2.0.xsd, http://www.springframework.org/schema/lang/spring-lang-4.3.xsd=org/springframework/scripting/config/spring-lang-4.3.xsd, http://www.springframework.org/schema/tx/spring-tx-3.0.xsd=org/springframework/transaction/config/spring-tx-3.0.xsd, http://www.springframework.org/schema/lang/spring-lang-2.5.xsd=org/springframework/scripting/config/spring-lang-2.5.xsd, http://www.springframework.org/schema/context/spring-context-4.2.xsd=org/springframework/context/config/spring-context-4.2.xsd, http://www.springframework.org/schema/jee/spring-jee-2.0.xsd=org/springframework/ejb/config/spring-jee-2.0.xsd, http://www.springframework.org/schema/tool/spring-tool-4.3.xsd=org/springframework/beans/factory/xml/spring-tool-4.3.xsd, http://www.springframework.org/schema/tool/spring-tool-2.5.xsd=org/springframework/beans/factory/xml/spring-tool-2.5.xsd, http://www.springframework.org/schema/jee/spring-jee-4.3.xsd=org/springframework/ejb/config/spring-jee-4.3.xsd, http://www.springframework.org/schema/jee/spring-jee-2.5.xsd=org/springframework/ejb/config/spring-jee-2.5.xsd, http://www.springframework.org/schema/task/spring-task-3.0.xsd=org/springframework/scheduling/config/spring-task-3.0.xsd, http://www.springframework.org/schema/util/spring-util-4.0.xsd=org/springframework/beans/factory/xml/spring-util-4.0.xsd, http://www.springframework.org/schema/cache/spring-cache-4.3.xsd=org/springframework/cache/config/spring-cache-4.3.xsd, http://www.springframework.org/schema/aop/spring-aop-4.2.xsd=org/springframework/aop/config/spring-aop-4.2.xsd, http://www.springframework.org/schema/lang/spring-lang.xsd=org/springframework/scripting/config/spring-lang-4.3.xsd, http://www.springframework.org/schema/context/spring-context-3.2.xsd=org/springframework/context/config/spring-context-3.2.xsd, http://www.springframework.org/schema/jdbc/spring-jdbc-4.2.xsd=org/springframework/jdbc/config/spring-jdbc-4.2.xsd, http://www.springframework.org/schema/util/spring-util-3.1.xsd=org/springframework/beans/factory/xml/spring-util-3.1.xsd, http://www.springframework.org/schema/beans/spring-beans-2.0.xsd=org/springframework/beans/factory/xml/spring-beans-2.0.xsd, http://www.springframework.org/schema/cache/spring-cache.xsd=org/springframework/cache/config/spring-cache-4.3.xsd, http://www.springframework.org/schema/tx/spring-tx.xsd=org/springframework/transaction/config/spring-tx-4.3.xsd, http://www.springframework.org/schema/lang/spring-lang-4.2.xsd=org/springframework/scripting/config/spring-lang-4.2.xsd, http://www.springframework.org/schema/context/spring-context-4.1.xsd=org/springframework/context/config/spring-context-4.1.xsd, http://www.springframework.org/schema/beans/spring-beans-2.5.xsd=org/springframework/beans/factory/xml/spring-beans-2.5.xsd, http://www.springframework.org/schema/beans/spring-beans-4.3.xsd=org/springframework/beans/factory/xml/spring-beans-4.3.xsd, http://www.springframework.org/schema/tool/spring-tool-4.2.xsd=org/springframework/beans/factory/xml/spring-tool-4.2.xsd, http://www.springframework.org/schema/tx/spring-tx-2.0.xsd=org/springframework/transaction/config/spring-tx-2.0.xsd, http://www.springframework.org/schema/jee/spring-jee-4.2.xsd=org/springframework/ejb/config/spring-jee-4.2.xsd, http://www.springframework.org/schema/jdbc/spring-jdbc-3.2.xsd=org/springframework/jdbc/config/spring-jdbc-3.2.xsd, http://www.springframework.org/schema/aop/spring-aop.xsd=org/springframework/aop/config/spring-aop-4.3.xsd, http://www.springframework.org/schema/task/spring-task-4.3.xsd=org/springframework/scheduling/config/spring-task-4.3.xsd}
2019-08-21 11:03:10 DEBUG PluggableSchemaResolver:119 - Found XML schema [http://www.springframework.org/schema/beans/spring-beans.xsd] in classpath: org/springframework/beans/factory/xml/spring-beans-4.3.xsd
2019-08-21 11:03:10 DEBUG DefaultBeanDefinitionDocumentReader:92 - Loading bean definitions
2019-08-21 11:03:10 DEBUG XmlBeanDefinitionReader:224 - Loaded 2 bean definitions from location pattern [applicationContext.xml]
2019-08-21 11:03:10 INFO  GenericXmlApplicationContext:583 - Refreshing org.springframework.context.support.GenericXmlApplicationContext@2957fcb0: startup date [Wed Aug 21 11:03:10 KST 2019]; root of context hierarchy
2019-08-21 11:03:10 DEBUG GenericXmlApplicationContext:617 - Bean factory for org.springframework.context.support.GenericXmlApplicationContext@2957fcb0: org.springframework.beans.factory.support.DefaultListableBeanFactory@2752f6e2: defining beans [dataSource,userDao]; root of factory hierarchy
2019-08-21 11:03:10 DEBUG GenericXmlApplicationContext:734 - Unable to locate MessageSource with name 'messageSource': using default [org.springframework.context.support.DelegatingMessageSource@4590c9c3]
2019-08-21 11:03:10 DEBUG GenericXmlApplicationContext:758 - Unable to locate ApplicationEventMulticaster with name 'applicationEventMulticaster': using default [org.springframework.context.event.SimpleApplicationEventMulticaster@1efbd816]
2019-08-21 11:03:10 DEBUG DefaultListableBeanFactory:730 - Pre-instantiating singletons in org.springframework.beans.factory.support.DefaultListableBeanFactory@2752f6e2: defining beans [dataSource,userDao]; root of factory hierarchy
2019-08-21 11:03:10 DEBUG DefaultListableBeanFactory:221 - Creating shared instance of singleton bean 'dataSource'
2019-08-21 11:03:10 DEBUG DefaultListableBeanFactory:449 - Creating instance of bean 'dataSource'
2019-08-21 11:03:10 DEBUG DefaultListableBeanFactory:539 - Eagerly caching bean 'dataSource' to allow for resolving potential circular references
2019-08-21 11:03:10 DEBUG DefaultListableBeanFactory:485 - Finished creating instance of bean 'dataSource'
2019-08-21 11:03:10 DEBUG DefaultListableBeanFactory:221 - Creating shared instance of singleton bean 'userDao'
2019-08-21 11:03:10 DEBUG DefaultListableBeanFactory:449 - Creating instance of bean 'userDao'
2019-08-21 11:03:10 DEBUG DefaultListableBeanFactory:539 - Eagerly caching bean 'userDao' to allow for resolving potential circular references
2019-08-21 11:03:10 DEBUG DefaultListableBeanFactory:251 - Returning cached instance of singleton bean 'dataSource'
2019-08-21 11:03:10 DEBUG DefaultListableBeanFactory:485 - Finished creating instance of bean 'userDao'
2019-08-21 11:03:10 DEBUG GenericXmlApplicationContext:785 - Unable to locate LifecycleProcessor with name 'lifecycleProcessor': using default [org.springframework.context.support.DefaultLifecycleProcessor@1f7030a6]
2019-08-21 11:03:10 DEBUG DefaultListableBeanFactory:251 - Returning cached instance of singleton bean 'lifecycleProcessor'
2019-08-21 11:03:10 DEBUG PropertySourcesPropertyResolver:91 - Could not find key 'spring.liveBeansView.mbeanDomain' in any property source
2019-08-21 11:03:10 DEBUG DefaultListableBeanFactory:251 - Returning cached instance of singleton bean 'userDao'
2019-08-21 11:03:10 DEBUG UserDaoTest:24 - =================================
2019-08-21 11:03:10 DEBUG UserDaoTest:25 - =01 dao=com.ehr.UserDao@74650e52
2019-08-21 11:03:10 DEBUG UserDaoTest:26 - =================================
2019-08-21 11:03:10 DEBUG UserDaoTest:31 - =================================
2019-08-21 11:03:10 DEBUG UserDaoTest:32 - =01 단건등록=
2019-08-21 11:03:10 DEBUG UserDaoTest:33 - =================================
2019-08-21 11:03:10 DEBUG SimpleDriverDataSource:138 - Creating new JDBC Driver Connection to [jdbc:oracle:thin:@211.238.142.124:1521:orcl]
2019-08-21 11:03:11 DEBUG UserDao:72 - =================================
2019-08-21 11:03:11 DEBUG UserDao:73 - 02. sql= INSERT INTO users ( 
     u_id,           
     name,           
     passwd          
 ) VALUES (          
     ?,              
     ?,              
     ?               
 )                   

2019-08-21 11:03:11 DEBUG UserDao:74 - =================================
2019-08-21 11:03:11 DEBUG UserDao:83 - =================================
2019-08-21 11:03:11 DEBUG UserDao:84 - 03. paam=User [u_id=j01_134, name=송영은, passwd=1234]
2019-08-21 11:03:11 DEBUG UserDao:85 - =================================
2019-08-21 11:03:11 DEBUG UserDao:91 - =================================
2019-08-21 11:03:11 DEBUG UserDao:92 - 04. Run flag=1
2019-08-21 11:03:11 DEBUG UserDao:93 - =================================
2019-08-21 11:03:11 DEBUG UserDaoTest:36 - =================================
2019-08-21 11:03:11 DEBUG UserDaoTest:37 - =01.01 add flag=1
2019-08-21 11:03:11 DEBUG UserDaoTest:38 - =================================
2019-08-21 11:03:11 DEBUG UserDaoTest:41 - =================================
2019-08-21 11:03:11 DEBUG UserDaoTest:42 - =01.02 단건등록 성공=j01_134
2019-08-21 11:03:11 DEBUG UserDaoTest:43 - =================================
2019-08-21 11:03:11 DEBUG UserDaoTest:46 - =================================
2019-08-21 11:03:11 DEBUG UserDaoTest:47 - =02 단건조회=
2019-08-21 11:03:11 DEBUG UserDaoTest:48 - =================================
2019-08-21 11:03:11 DEBUG SimpleDriverDataSource:138 - Creating new JDBC Driver Connection to [jdbc:oracle:thin:@211.238.142.124:1521:orcl]
2019-08-21 11:03:11 DEBUG UserDao:136 - =================================
2019-08-21 11:03:11 DEBUG UserDao:137 - 02. sql= SELECT      
     u_id,   
     name,   
     passwd  
 FROM        
     users   
 WHERE u_id = ?  

2019-08-21 11:03:11 DEBUG UserDao:138 - =================================
2019-08-21 11:03:11 DEBUG UserDao:145 - =============================
2019-08-21 11:03:11 DEBUG UserDao:146 - 03. id=j01_134
2019-08-21 11:03:11 DEBUG UserDao:147 - =============================
2019-08-21 11:03:11 DEBUG UserDao:161 - =============================
2019-08-21 11:03:11 DEBUG UserDao:162 - 04. Run outVO=User [u_id=j01_134, name=송영은, passwd=1234]
2019-08-21 11:03:11 DEBUG UserDao:163 - =============================
2019-08-21 11:03:11 DEBUG UserDaoTest:54 - ******************************************
2019-08-21 11:03:11 DEBUG UserDaoTest:55 - =02.01 단건조회 성공=j01_134
2019-08-21 11:03:11 DEBUG UserDaoTest:56 - ******************************************
2019-08-21 11:05:43 DEBUG StandardEnvironment:109 - Adding [systemProperties] PropertySource with lowest search precedence
2019-08-21 11:05:43 DEBUG StandardEnvironment:109 - Adding [systemEnvironment] PropertySource with lowest search precedence
2019-08-21 11:05:43 DEBUG StandardEnvironment:124 - Initialized StandardEnvironment with PropertySources [systemProperties,systemEnvironment]
2019-08-21 11:05:43 INFO  XmlBeanDefinitionReader:317 - Loading XML bean definitions from class path resource [applicationContext.xml]
2019-08-21 11:05:43 DEBUG DefaultDocumentLoader:73 - Using JAXP provider [com.sun.org.apache.xerces.internal.jaxp.DocumentBuilderFactoryImpl]
2019-08-21 11:05:43 DEBUG PluggableSchemaResolver:141 - Loading schema mappings from [META-INF/spring.schemas]
2019-08-21 11:05:43 DEBUG PluggableSchemaResolver:147 - Loaded schema mappings: {http://www.springframework.org/schema/tx/spring-tx-2.5.xsd=org/springframework/transaction/config/spring-tx-2.5.xsd, http://www.springframework.org/schema/tx/spring-tx-4.3.xsd=org/springframework/transaction/config/spring-tx-4.3.xsd, http://www.springframework.org/schema/cache/spring-cache-4.2.xsd=org/springframework/cache/config/spring-cache-4.2.xsd, http://www.springframework.org/schema/aop/spring-aop-4.1.xsd=org/springframework/aop/config/spring-aop-4.1.xsd, http://www.springframework.org/schema/context/spring-context-3.1.xsd=org/springframework/context/config/spring-context-3.1.xsd, http://www.springframework.org/schema/jdbc/spring-jdbc-4.1.xsd=org/springframework/jdbc/config/spring-jdbc-4.1.xsd, http://www.springframework.org/schema/util/spring-util-3.0.xsd=org/springframework/beans/factory/xml/spring-util-3.0.xsd, http://www.springframework.org/schema/aop/spring-aop-3.2.xsd=org/springframework/aop/config/spring-aop-3.2.xsd, http://www.springframework.org/schema/tool/spring-tool.xsd=org/springframework/beans/factory/xml/spring-tool-4.3.xsd, http://www.springframework.org/schema/lang/spring-lang-4.1.xsd=org/springframework/scripting/config/spring-lang-4.1.xsd, http://www.springframework.org/schema/context/spring-context-4.0.xsd=org/springframework/context/config/spring-context-4.0.xsd, http://www.springframework.org/schema/beans/spring-beans-4.2.xsd=org/springframework/beans/factory/xml/spring-beans-4.2.xsd, http://www.springframework.org/schema/tool/spring-tool-4.1.xsd=org/springframework/beans/factory/xml/spring-tool-4.1.xsd, http://www.springframework.org/schema/lang/spring-lang-3.2.xsd=org/springframework/scripting/config/spring-lang-3.2.xsd, http://www.springframework.org/schema/cache/spring-cache-3.2.xsd=org/springframework/cache/config/spring-cache-3.2.xsd, http://www.springframework.org/schema/jee/spring-jee-4.1.xsd=org/springframework/ejb/config/spring-jee-4.1.xsd, http://www.springframework.org/schema/jdbc/spring-jdbc-3.1.xsd=org/springframework/jdbc/config/spring-jdbc-3.1.xsd, http://www.springframework.org/schema/task/spring-task-4.2.xsd=org/springframework/scheduling/config/spring-task-4.2.xsd, http://www.springframework.org/schema/util/spring-util-2.0.xsd=org/springframework/beans/factory/xml/spring-util-2.0.xsd, http://www.springframework.org/schema/tool/spring-tool-3.2.xsd=org/springframework/beans/factory/xml/spring-tool-3.2.xsd, http://www.springframework.org/schema/context/spring-context.xsd=org/springframework/context/config/spring-context-4.3.xsd, http://www.springframework.org/schema/tx/spring-tx-4.2.xsd=org/springframework/transaction/config/spring-tx-4.2.xsd, http://www.springframework.org/schema/cache/spring-cache-4.1.xsd=org/springframework/cache/config/spring-cache-4.1.xsd, http://www.springframework.org/schema/aop/spring-aop-4.0.xsd=org/springframework/aop/config/spring-aop-4.0.xsd, http://www.springframework.org/schema/jee/spring-jee-3.2.xsd=org/springframework/ejb/config/spring-jee-3.2.xsd, http://www.springframework.org/schema/context/spring-context-3.0.xsd=org/springframework/context/config/spring-context-3.0.xsd, http://www.springframework.org/schema/jdbc/spring-jdbc-4.0.xsd=org/springframework/jdbc/config/spring-jdbc-4.0.xsd, http://www.springframework.org/schema/util/spring-util-2.5.xsd=org/springframework/beans/factory/xml/spring-util-2.5.xsd, http://www.springframework.org/schema/util/spring-util-4.3.xsd=org/springframework/beans/factory/xml/spring-util-4.3.xsd, http://www.springframework.org/schema/beans/spring-beans-3.2.xsd=org/springframework/beans/factory/xml/spring-beans-3.2.xsd, http://www.springframework.org/schema/aop/spring-aop-3.1.xsd=org/springframework/aop/config/spring-aop-3.1.xsd, http://www.springframework.org/schema/lang/spring-lang-4.0.xsd=org/springframework/scripting/config/spring-lang-4.0.xsd, http://www.springframework.org/schema/beans/spring-beans-4.1.xsd=org/springframework/beans/factory/xml/spring-beans-4.1.xsd, http://www.springframework.org/schema/tool/spring-tool-4.0.xsd=org/springframework/beans/factory/xml/spring-tool-4.0.xsd, http://www.springframework.org/schema/lang/spring-lang-3.1.xsd=org/springframework/scripting/config/spring-lang-3.1.xsd, http://www.springframework.org/schema/tx/spring-tx-3.2.xsd=org/springframework/transaction/config/spring-tx-3.2.xsd, http://www.springframework.org/schema/cache/spring-cache-3.1.xsd=org/springframework/cache/config/spring-cache-3.1.xsd, http://www.springframework.org/schema/jee/spring-jee-4.0.xsd=org/springframework/ejb/config/spring-jee-4.0.xsd, http://www.springframework.org/schema/jdbc/spring-jdbc-3.0.xsd=org/springframework/jdbc/config/spring-jdbc-3.0.xsd, http://www.springframework.org/schema/task/spring-task-4.1.xsd=org/springframework/scheduling/config/spring-task-4.1.xsd, http://www.springframework.org/schema/jdbc/spring-jdbc.xsd=org/springframework/jdbc/config/spring-jdbc-4.3.xsd, http://www.springframework.org/schema/tool/spring-tool-3.1.xsd=org/springframework/beans/factory/xml/spring-tool-3.1.xsd, http://www.springframework.org/schema/tx/spring-tx-4.1.xsd=org/springframework/transaction/config/spring-tx-4.1.xsd, http://www.springframework.org/schema/cache/spring-cache-4.0.xsd=org/springframework/cache/config/spring-cache-4.0.xsd, http://www.springframework.org/schema/jee/spring-jee-3.1.xsd=org/springframework/ejb/config/spring-jee-3.1.xsd, http://www.springframework.org/schema/task/spring-task-3.2.xsd=org/springframework/scheduling/config/spring-task-3.2.xsd, http://www.springframework.org/schema/util/spring-util-4.2.xsd=org/springframework/beans/factory/xml/spring-util-4.2.xsd, http://www.springframework.org/schema/beans/spring-beans-3.1.xsd=org/springframework/beans/factory/xml/spring-beans-3.1.xsd, http://www.springframework.org/schema/util/spring-util.xsd=org/springframework/beans/factory/xml/spring-util-4.3.xsd, http://www.springframework.org/schema/aop/spring-aop-3.0.xsd=org/springframework/aop/config/spring-aop-3.0.xsd, http://www.springframework.org/schema/beans/spring-beans-4.0.xsd=org/springframework/beans/factory/xml/spring-beans-4.0.xsd, http://www.springframework.org/schema/beans/spring-beans.xsd=org/springframework/beans/factory/xml/spring-beans-4.3.xsd, http://www.springframework.org/schema/lang/spring-lang-3.0.xsd=org/springframework/scripting/config/spring-lang-3.0.xsd, http://www.springframework.org/schema/tx/spring-tx-3.1.xsd=org/springframework/transaction/config/spring-tx-3.1.xsd, http://www.springframework.org/schema/context/spring-context-2.5.xsd=org/springframework/context/config/spring-context-2.5.xsd, http://www.springframework.org/schema/context/spring-context-4.3.xsd=org/springframework/context/config/spring-context-4.3.xsd, http://www.springframework.org/schema/task/spring-task-4.0.xsd=org/springframework/scheduling/config/spring-task-4.0.xsd, http://www.springframework.org/schema/tool/spring-tool-3.0.xsd=org/springframework/beans/factory/xml/spring-tool-3.0.xsd, http://www.springframework.org/schema/tx/spring-tx-4.0.xsd=org/springframework/transaction/config/spring-tx-4.0.xsd, http://www.springframework.org/schema/aop/spring-aop-2.0.xsd=org/springframework/aop/config/spring-aop-2.0.xsd, http://www.springframework.org/schema/jee/spring-jee-3.0.xsd=org/springframework/ejb/config/spring-jee-3.0.xsd, http://www.springframework.org/schema/task/spring-task-3.1.xsd=org/springframework/scheduling/config/spring-task-3.1.xsd, http://www.springframework.org/schema/util/spring-util-4.1.xsd=org/springframework/beans/factory/xml/spring-util-4.1.xsd, http://www.springframework.org/schema/beans/spring-beans-3.0.xsd=org/springframework/beans/factory/xml/spring-beans-3.0.xsd, http://www.springframework.org/schema/jee/spring-jee.xsd=org/springframework/ejb/config/spring-jee-4.3.xsd, http://www.springframework.org/schema/aop/spring-aop-4.3.xsd=org/springframework/aop/config/spring-aop-4.3.xsd, http://www.springframework.org/schema/aop/spring-aop-2.5.xsd=org/springframework/aop/config/spring-aop-2.5.xsd, http://www.springframework.org/schema/lang/spring-lang-2.0.xsd=org/springframework/scripting/config/spring-lang-2.0.xsd, http://www.springframework.org/schema/jdbc/spring-jdbc-4.3.xsd=org/springframework/jdbc/config/spring-jdbc-4.3.xsd, http://www.springframework.org/schema/util/spring-util-3.2.xsd=org/springframework/beans/factory/xml/spring-util-3.2.xsd, http://www.springframework.org/schema/task/spring-task.xsd=org/springframework/scheduling/config/spring-task-4.3.xsd, http://www.springframework.org/schema/tool/spring-tool-2.0.xsd=org/springframework/beans/factory/xml/spring-tool-2.0.xsd, http://www.springframework.org/schema/lang/spring-lang-4.3.xsd=org/springframework/scripting/config/spring-lang-4.3.xsd, http://www.springframework.org/schema/tx/spring-tx-3.0.xsd=org/springframework/transaction/config/spring-tx-3.0.xsd, http://www.springframework.org/schema/lang/spring-lang-2.5.xsd=org/springframework/scripting/config/spring-lang-2.5.xsd, http://www.springframework.org/schema/context/spring-context-4.2.xsd=org/springframework/context/config/spring-context-4.2.xsd, http://www.springframework.org/schema/jee/spring-jee-2.0.xsd=org/springframework/ejb/config/spring-jee-2.0.xsd, http://www.springframework.org/schema/tool/spring-tool-4.3.xsd=org/springframework/beans/factory/xml/spring-tool-4.3.xsd, http://www.springframework.org/schema/tool/spring-tool-2.5.xsd=org/springframework/beans/factory/xml/spring-tool-2.5.xsd, http://www.springframework.org/schema/jee/spring-jee-4.3.xsd=org/springframework/ejb/config/spring-jee-4.3.xsd, http://www.springframework.org/schema/jee/spring-jee-2.5.xsd=org/springframework/ejb/config/spring-jee-2.5.xsd, http://www.springframework.org/schema/task/spring-task-3.0.xsd=org/springframework/scheduling/config/spring-task-3.0.xsd, http://www.springframework.org/schema/util/spring-util-4.0.xsd=org/springframework/beans/factory/xml/spring-util-4.0.xsd, http://www.springframework.org/schema/cache/spring-cache-4.3.xsd=org/springframework/cache/config/spring-cache-4.3.xsd, http://www.springframework.org/schema/aop/spring-aop-4.2.xsd=org/springframework/aop/config/spring-aop-4.2.xsd, http://www.springframework.org/schema/lang/spring-lang.xsd=org/springframework/scripting/config/spring-lang-4.3.xsd, http://www.springframework.org/schema/context/spring-context-3.2.xsd=org/springframework/context/config/spring-context-3.2.xsd, http://www.springframework.org/schema/jdbc/spring-jdbc-4.2.xsd=org/springframework/jdbc/config/spring-jdbc-4.2.xsd, http://www.springframework.org/schema/util/spring-util-3.1.xsd=org/springframework/beans/factory/xml/spring-util-3.1.xsd, http://www.springframework.org/schema/beans/spring-beans-2.0.xsd=org/springframework/beans/factory/xml/spring-beans-2.0.xsd, http://www.springframework.org/schema/cache/spring-cache.xsd=org/springframework/cache/config/spring-cache-4.3.xsd, http://www.springframework.org/schema/tx/spring-tx.xsd=org/springframework/transaction/config/spring-tx-4.3.xsd, http://www.springframework.org/schema/lang/spring-lang-4.2.xsd=org/springframework/scripting/config/spring-lang-4.2.xsd, http://www.springframework.org/schema/context/spring-context-4.1.xsd=org/springframework/context/config/spring-context-4.1.xsd, http://www.springframework.org/schema/beans/spring-beans-2.5.xsd=org/springframework/beans/factory/xml/spring-beans-2.5.xsd, http://www.springframework.org/schema/beans/spring-beans-4.3.xsd=org/springframework/beans/factory/xml/spring-beans-4.3.xsd, http://www.springframework.org/schema/tool/spring-tool-4.2.xsd=org/springframework/beans/factory/xml/spring-tool-4.2.xsd, http://www.springframework.org/schema/tx/spring-tx-2.0.xsd=org/springframework/transaction/config/spring-tx-2.0.xsd, http://www.springframework.org/schema/jee/spring-jee-4.2.xsd=org/springframework/ejb/config/spring-jee-4.2.xsd, http://www.springframework.org/schema/jdbc/spring-jdbc-3.2.xsd=org/springframework/jdbc/config/spring-jdbc-3.2.xsd, http://www.springframework.org/schema/aop/spring-aop.xsd=org/springframework/aop/config/spring-aop-4.3.xsd, http://www.springframework.org/schema/task/spring-task-4.3.xsd=org/springframework/scheduling/config/spring-task-4.3.xsd}
2019-08-21 11:05:43 DEBUG PluggableSchemaResolver:119 - Found XML schema [http://www.springframework.org/schema/beans/spring-beans.xsd] in classpath: org/springframework/beans/factory/xml/spring-beans-4.3.xsd
2019-08-21 11:05:43 DEBUG DefaultBeanDefinitionDocumentReader:92 - Loading bean definitions
2019-08-21 11:05:43 DEBUG XmlBeanDefinitionReader:224 - Loaded 2 bean definitions from location pattern [applicationContext.xml]
2019-08-21 11:05:43 INFO  GenericXmlApplicationContext:583 - Refreshing org.springframework.context.support.GenericXmlApplicationContext@2957fcb0: startup date [Wed Aug 21 11:05:43 KST 2019]; root of context hierarchy
2019-08-21 11:05:43 DEBUG GenericXmlApplicationContext:617 - Bean factory for org.springframework.context.support.GenericXmlApplicationContext@2957fcb0: org.springframework.beans.factory.support.DefaultListableBeanFactory@2752f6e2: defining beans [dataSource,userDao]; root of factory hierarchy
2019-08-21 11:05:43 DEBUG GenericXmlApplicationContext:734 - Unable to locate MessageSource with name 'messageSource': using default [org.springframework.context.support.DelegatingMessageSource@4590c9c3]
2019-08-21 11:05:43 DEBUG GenericXmlApplicationContext:758 - Unable to locate ApplicationEventMulticaster with name 'applicationEventMulticaster': using default [org.springframework.context.event.SimpleApplicationEventMulticaster@1efbd816]
2019-08-21 11:05:43 DEBUG DefaultListableBeanFactory:730 - Pre-instantiating singletons in org.springframework.beans.factory.support.DefaultListableBeanFactory@2752f6e2: defining beans [dataSource,userDao]; root of factory hierarchy
2019-08-21 11:05:43 DEBUG DefaultListableBeanFactory:221 - Creating shared instance of singleton bean 'dataSource'
2019-08-21 11:05:43 DEBUG DefaultListableBeanFactory:449 - Creating instance of bean 'dataSource'
2019-08-21 11:05:43 DEBUG DefaultListableBeanFactory:539 - Eagerly caching bean 'dataSource' to allow for resolving potential circular references
2019-08-21 11:05:43 DEBUG DefaultListableBeanFactory:485 - Finished creating instance of bean 'dataSource'
2019-08-21 11:05:43 DEBUG DefaultListableBeanFactory:221 - Creating shared instance of singleton bean 'userDao'
2019-08-21 11:05:43 DEBUG DefaultListableBeanFactory:449 - Creating instance of bean 'userDao'
2019-08-21 11:05:43 DEBUG DefaultListableBeanFactory:539 - Eagerly caching bean 'userDao' to allow for resolving potential circular references
2019-08-21 11:05:43 DEBUG DefaultListableBeanFactory:251 - Returning cached instance of singleton bean 'dataSource'
2019-08-21 11:05:43 DEBUG DefaultListableBeanFactory:485 - Finished creating instance of bean 'userDao'
2019-08-21 11:05:43 DEBUG GenericXmlApplicationContext:785 - Unable to locate LifecycleProcessor with name 'lifecycleProcessor': using default [org.springframework.context.support.DefaultLifecycleProcessor@1f7030a6]
2019-08-21 11:05:43 DEBUG DefaultListableBeanFactory:251 - Returning cached instance of singleton bean 'lifecycleProcessor'
2019-08-21 11:05:43 DEBUG PropertySourcesPropertyResolver:91 - Could not find key 'spring.liveBeansView.mbeanDomain' in any property source
2019-08-21 11:05:43 DEBUG DefaultListableBeanFactory:251 - Returning cached instance of singleton bean 'userDao'
2019-08-21 11:05:43 DEBUG UserDaoTest:24 - =================================
2019-08-21 11:05:43 DEBUG UserDaoTest:25 - =01 dao=com.ehr.UserDao@74650e52
2019-08-21 11:05:43 DEBUG UserDaoTest:26 - =================================
2019-08-21 11:05:43 DEBUG UserDaoTest:31 - =================================
2019-08-21 11:05:43 DEBUG UserDaoTest:32 - =01 단건등록=
2019-08-21 11:05:43 DEBUG UserDaoTest:33 - =================================
2019-08-21 11:05:43 DEBUG SimpleDriverDataSource:138 - Creating new JDBC Driver Connection to [jdbc:oracle:thin:@211.238.142.124:1521:orcl]
2019-08-21 11:05:43 DEBUG UserDao:72 - =================================
2019-08-21 11:05:43 DEBUG UserDao:73 - 02. sql= INSERT INTO users ( 
     u_id,           
     name,           
     passwd          
 ) VALUES (          
     ?,              
     ?,              
     ?               
 )                   

2019-08-21 11:05:43 DEBUG UserDao:74 - =================================
2019-08-21 11:05:44 DEBUG UserDao:83 - =================================
2019-08-21 11:05:44 DEBUG UserDao:84 - 03. paam=User [u_id=j01_134, name=송영은, passwd=1234]
2019-08-21 11:05:44 DEBUG UserDao:85 - =================================
2019-08-21 11:05:44 DEBUG UserDao:91 - =================================
2019-08-21 11:05:44 DEBUG UserDao:92 - 04. Run flag=1
2019-08-21 11:05:44 DEBUG UserDao:93 - =================================
2019-08-21 11:05:44 DEBUG UserDaoTest:36 - =================================
2019-08-21 11:05:44 DEBUG UserDaoTest:37 - =01.01 add flag=1
2019-08-21 11:05:44 DEBUG UserDaoTest:38 - =================================
2019-08-21 11:05:44 DEBUG UserDaoTest:41 - =================================
2019-08-21 11:05:44 DEBUG UserDaoTest:42 - =01.02 단건등록 성공=j01_134
2019-08-21 11:05:44 DEBUG UserDaoTest:43 - =================================
2019-08-21 11:05:44 DEBUG UserDaoTest:46 - =================================
2019-08-21 11:05:44 DEBUG UserDaoTest:47 - =02 단건조회=
2019-08-21 11:05:44 DEBUG UserDaoTest:48 - =================================
2019-08-21 11:05:44 DEBUG SimpleDriverDataSource:138 - Creating new JDBC Driver Connection to [jdbc:oracle:thin:@211.238.142.124:1521:orcl]
2019-08-21 11:05:44 DEBUG UserDao:136 - =================================
2019-08-21 11:05:44 DEBUG UserDao:137 - 02. sql= SELECT      
     u_id,   
     name,   
     passwd  
 FROM        
     users   
 WHERE u_id = ?  

2019-08-21 11:05:44 DEBUG UserDao:138 - =================================
2019-08-21 11:05:44 DEBUG UserDao:145 - =============================
2019-08-21 11:05:44 DEBUG UserDao:146 - 03. id=j01_134
2019-08-21 11:05:44 DEBUG UserDao:147 - =============================
2019-08-21 11:05:44 DEBUG UserDao:161 - =============================
2019-08-21 11:05:44 DEBUG UserDao:162 - 04. Run outVO=User [u_id=j01_134, name=송영은, passwd=1234]
2019-08-21 11:05:44 DEBUG UserDao:163 - =============================
2019-08-21 11:05:44 DEBUG UserDaoTest:54 - ******************************************
2019-08-21 11:05:44 DEBUG UserDaoTest:55 - =02.01 단건조회 성공=j01_134
2019-08-21 11:05:44 DEBUG UserDaoTest:56 - ******************************************
