2019-08-19 16:11:23 DEBUG UserDao:173 - ==============================
2019-08-19 16:11:23 DEBUG UserDao:174 - =00 main=
2019-08-19 16:11:23 DEBUG UserDao:175 - ==============================
2019-08-19 16:11:23 DEBUG UserDao:180 - =================================
2019-08-19 16:11:23 DEBUG UserDao:181 - =01 단건등록=
2019-08-19 16:11:23 DEBUG UserDao:182 - =================================
2019-08-19 16:11:23 DEBUG UserDao:19 - =================================
2019-08-19 16:11:23 DEBUG UserDao:20 - 01. c=oracle.jdbc.driver.T4CConnection@1f89ab83
2019-08-19 16:11:23 DEBUG UserDao:21 - =================================
2019-08-19 16:11:23 DEBUG UserDao:69 - =================================
2019-08-19 16:11:23 DEBUG UserDao:70 - 02. sql= INSERT INTO users ( 
     u_id,           
     name,           
     passwd          
 ) VALUES (          
     ?,              
     ?,              
     ?               
 )                   

2019-08-19 16:11:23 DEBUG UserDao:71 - =================================
2019-08-19 16:11:23 DEBUG UserDao:80 - =================================
2019-08-19 16:11:23 DEBUG UserDao:81 - 03. paam=User [u_id=j01_134, name=송영은, passwd=1234]
2019-08-19 16:11:23 DEBUG UserDao:82 - =================================
2019-08-19 16:11:23 DEBUG UserDao:88 - =================================
2019-08-19 16:11:23 DEBUG UserDao:89 - 04. Run flag=1
2019-08-19 16:11:23 DEBUG UserDao:90 - =================================
2019-08-19 16:11:23 DEBUG UserDao:185 - =================================
2019-08-19 16:11:23 DEBUG UserDao:186 - =01.01 add flag=1
2019-08-19 16:11:23 DEBUG UserDao:187 - =================================
2019-08-19 16:11:23 DEBUG UserDao:190 - =================================
2019-08-19 16:11:23 DEBUG UserDao:191 - =01.02 단건등록 성공=j01_134
2019-08-19 16:11:23 DEBUG UserDao:192 - =================================
2019-08-19 16:11:23 DEBUG UserDao:195 - =================================
2019-08-19 16:11:23 DEBUG UserDao:196 - =02 단건조회=
2019-08-19 16:11:23 DEBUG UserDao:197 - =================================
2019-08-19 16:11:23 DEBUG UserDao:19 - =================================
2019-08-19 16:11:23 DEBUG UserDao:20 - 01. c=oracle.jdbc.driver.T4CConnection@5025a98f
2019-08-19 16:11:23 DEBUG UserDao:21 - =================================
2019-08-19 16:11:23 DEBUG UserDao:133 - =================================
2019-08-19 16:11:23 DEBUG UserDao:134 - 02. sql= SELECT      
     u_id,   
     name,   
     passwd  
 FROM        
     users   
 WHERE u_id = ?  

2019-08-19 16:11:23 DEBUG UserDao:135 - =================================
2019-08-19 16:11:23 DEBUG UserDao:142 - =============================
2019-08-19 16:11:23 DEBUG UserDao:143 - 03. id=j01_134
2019-08-19 16:11:23 DEBUG UserDao:144 - =============================
2019-08-19 16:11:23 DEBUG UserDao:158 - =============================
2019-08-19 16:11:23 DEBUG UserDao:159 - 04. Run outVO=User [u_id=j01_134, name=송영은, passwd=1234]
2019-08-19 16:11:23 DEBUG UserDao:160 - =============================
2019-08-19 16:11:23 DEBUG UserDao:204 - ========================================
2019-08-19 16:11:23 DEBUG UserDao:205 - =02.01 단건조회 성공=j01_134
2019-08-19 16:11:23 DEBUG UserDao:206 - ========================================
