2019-08-20 09:18:03 DEBUG UserDao:180 - ==============================
2019-08-20 09:18:03 DEBUG UserDao:181 - =00 main=
2019-08-20 09:18:03 DEBUG UserDao:182 - ==============================
2019-08-20 09:18:03 DEBUG UserDao:187 - =================================
2019-08-20 09:18:03 DEBUG UserDao:188 - =01 단건등록=
2019-08-20 09:18:03 DEBUG UserDao:189 - =================================
2019-08-20 09:18:03 DEBUG UserDao:55 - =============================
2019-08-20 09:18:03 DEBUG UserDao:56 - 01. Connection=oracle.jdbc.driver.T4CConnection@1f89ab83
2019-08-20 09:18:03 DEBUG UserDao:57 - =============================
2019-08-20 09:18:03 DEBUG UserDao:73 - =================================
2019-08-20 09:18:03 DEBUG UserDao:74 - 02. sql= INSERT INTO users ( 
     u_id,           
     name,           
     passwd          
 ) VALUES (          
     ?,              
     ?,              
     ?               
 )                   

2019-08-20 09:18:03 DEBUG UserDao:75 - =================================
2019-08-20 09:18:03 DEBUG UserDao:84 - =================================
2019-08-20 09:18:03 DEBUG UserDao:85 - 03. paam=User [u_id=j01_134, name=송영은, passwd=1234]
2019-08-20 09:18:03 DEBUG UserDao:86 - =================================
2019-08-20 09:18:03 DEBUG UserDao:92 - =================================
2019-08-20 09:18:03 DEBUG UserDao:93 - 04. Run flag=1
2019-08-20 09:18:03 DEBUG UserDao:94 - =================================
2019-08-20 09:18:03 DEBUG UserDao:192 - =================================
2019-08-20 09:18:03 DEBUG UserDao:193 - =01.01 add flag=1
2019-08-20 09:18:03 DEBUG UserDao:194 - =================================
2019-08-20 09:18:03 DEBUG UserDao:197 - =================================
2019-08-20 09:18:03 DEBUG UserDao:198 - =01.02 단건등록 성공=j01_134
2019-08-20 09:18:03 DEBUG UserDao:199 - =================================
2019-08-20 09:18:03 DEBUG UserDao:202 - =================================
2019-08-20 09:18:03 DEBUG UserDao:203 - =02 단건조회=
2019-08-20 09:18:03 DEBUG UserDao:204 - =================================
2019-08-20 09:18:03 DEBUG UserDao:124 - =============================
2019-08-20 09:18:03 DEBUG UserDao:125 - 01. Connection=oracle.jdbc.driver.T4CConnection@5025a98f
2019-08-20 09:18:03 DEBUG UserDao:126 - =============================
2019-08-20 09:18:03 DEBUG UserDao:140 - =================================
2019-08-20 09:18:03 DEBUG UserDao:141 - 02. sql= SELECT      
     u_id,   
     name,   
     passwd  
 FROM        
     users   
 WHERE u_id = ?  

2019-08-20 09:18:03 DEBUG UserDao:142 - =================================
2019-08-20 09:18:03 DEBUG UserDao:149 - =============================
2019-08-20 09:18:03 DEBUG UserDao:150 - 03. id=j01_134
2019-08-20 09:18:03 DEBUG UserDao:151 - =============================
2019-08-20 09:18:03 DEBUG UserDao:165 - =============================
2019-08-20 09:18:03 DEBUG UserDao:166 - 04. Run outVO=User [u_id=j01_134, name=송영은, passwd=1234]
2019-08-20 09:18:03 DEBUG UserDao:167 - =============================
2019-08-20 09:18:03 DEBUG UserDao:211 - ========================================
2019-08-20 09:18:03 DEBUG UserDao:212 - =02.01 단건조회 성공=j01_134
2019-08-20 09:18:03 DEBUG UserDao:213 - ========================================
