2019-08-20 10:43:55 DEBUG UserDaoTest:19 - =================================
2019-08-20 10:43:55 DEBUG UserDaoTest:20 - =01 단건등록=
2019-08-20 10:43:55 DEBUG UserDaoTest:21 - =================================
2019-08-20 10:43:55 DEBUG UserDao:72 - =================================
2019-08-20 10:43:55 DEBUG UserDao:73 - 02. sql= INSERT INTO users ( 
     u_id,           
     name,           
     passwd          
 ) VALUES (          
     ?,              
     ?,              
     ?               
 )                   

2019-08-20 10:43:55 DEBUG UserDao:74 - =================================
2019-08-20 10:43:55 DEBUG UserDao:83 - =================================
2019-08-20 10:43:55 DEBUG UserDao:84 - 03. paam=User [u_id=j01_134, name=송영은, passwd=1234]
2019-08-20 10:43:55 DEBUG UserDao:85 - =================================
2019-08-20 10:43:55 DEBUG UserDao:91 - =================================
2019-08-20 10:43:55 DEBUG UserDao:92 - 04. Run flag=1
2019-08-20 10:43:55 DEBUG UserDao:93 - =================================
2019-08-20 10:43:55 DEBUG UserDaoTest:24 - =================================
2019-08-20 10:43:55 DEBUG UserDaoTest:25 - =01.01 add flag=1
2019-08-20 10:43:55 DEBUG UserDaoTest:26 - =================================
2019-08-20 10:43:55 DEBUG UserDaoTest:29 - =================================
2019-08-20 10:43:55 DEBUG UserDaoTest:30 - =01.02 단건등록 성공=j01_134
2019-08-20 10:43:55 DEBUG UserDaoTest:31 - =================================
2019-08-20 10:43:55 DEBUG UserDaoTest:34 - =================================
2019-08-20 10:43:55 DEBUG UserDaoTest:35 - =02 단건조회=
2019-08-20 10:43:55 DEBUG UserDaoTest:36 - =================================
2019-08-20 10:43:55 DEBUG UserDao:136 - =================================
2019-08-20 10:43:55 DEBUG UserDao:137 - 02. sql= SELECT      
     u_id,   
     name,   
     passwd  
 FROM        
     users   
 WHERE u_id = ?  

2019-08-20 10:43:55 DEBUG UserDao:138 - =================================
2019-08-20 10:43:55 DEBUG UserDao:145 - =============================
2019-08-20 10:43:55 DEBUG UserDao:146 - 03. id=j01_134
2019-08-20 10:43:55 DEBUG UserDao:147 - =============================
2019-08-20 10:43:55 DEBUG UserDao:161 - =============================
2019-08-20 10:43:55 DEBUG UserDao:162 - 04. Run outVO=User [u_id=j01_134, name=송영은, passwd=1234]
2019-08-20 10:43:55 DEBUG UserDao:163 - =============================
2019-08-20 10:43:55 DEBUG UserDaoTest:43 - ******************************************
2019-08-20 10:43:55 DEBUG UserDaoTest:44 - =02.01 단건조회 성공=j01_134
2019-08-20 10:43:55 DEBUG UserDaoTest:45 - ******************************************
