2019-08-20 10:43:55,206 DEBUG [main] ehr.UserDaoTest   (UserDaoTest.java:19)     - =================================
2019-08-20 10:43:55,208 DEBUG [main] ehr.UserDaoTest   (UserDaoTest.java:20)     - =01 단건등록=
2019-08-20 10:43:55,208 DEBUG [main] ehr.UserDaoTest   (UserDaoTest.java:21)     - =================================
2019-08-20 10:43:55,482 DEBUG [main] ehr.UserDao       ( UserDao.java:72)     - =================================
2019-08-20 10:43:55,482 DEBUG [main] ehr.UserDao       ( UserDao.java:73)     - 02. sql= INSERT INTO users ( 
     u_id,           
     name,           
     passwd          
 ) VALUES (          
     ?,              
     ?,              
     ?               
 )                   

2019-08-20 10:43:55,484 DEBUG [main] ehr.UserDao       ( UserDao.java:74)     - =================================
2019-08-20 10:43:55,539 DEBUG [main] ehr.UserDao       ( UserDao.java:83)     - =================================
2019-08-20 10:43:55,540 DEBUG [main] ehr.UserDao       ( UserDao.java:84)     - 03. paam=User [u_id=j01_134, name=송영은, passwd=1234]
2019-08-20 10:43:55,541 DEBUG [main] ehr.UserDao       ( UserDao.java:85)     - =================================
2019-08-20 10:43:55,547 DEBUG [main] ehr.UserDao       ( UserDao.java:91)     - =================================
2019-08-20 10:43:55,548 DEBUG [main] ehr.UserDao       ( UserDao.java:92)     - 04. Run flag=1
2019-08-20 10:43:55,548 DEBUG [main] ehr.UserDao       ( UserDao.java:93)     - =================================
2019-08-20 10:43:55,550 DEBUG [main] ehr.UserDaoTest   (UserDaoTest.java:24)     - =================================
2019-08-20 10:43:55,551 DEBUG [main] ehr.UserDaoTest   (UserDaoTest.java:25)     - =01.01 add flag=1
2019-08-20 10:43:55,551 DEBUG [main] ehr.UserDaoTest   (UserDaoTest.java:26)     - =================================
2019-08-20 10:43:55,552 DEBUG [main] ehr.UserDaoTest   (UserDaoTest.java:29)     - =================================
2019-08-20 10:43:55,555 DEBUG [main] ehr.UserDaoTest   (UserDaoTest.java:30)     - =01.02 단건등록 성공=j01_134
2019-08-20 10:43:55,555 DEBUG [main] ehr.UserDaoTest   (UserDaoTest.java:31)     - =================================
2019-08-20 10:43:55,555 DEBUG [main] ehr.UserDaoTest   (UserDaoTest.java:34)     - =================================
2019-08-20 10:43:55,555 DEBUG [main] ehr.UserDaoTest   (UserDaoTest.java:35)     - =02 단건조회=
2019-08-20 10:43:55,555 DEBUG [main] ehr.UserDaoTest   (UserDaoTest.java:36)     - =================================
2019-08-20 10:43:55,594 DEBUG [main] ehr.UserDao       ( UserDao.java:136)     - =================================
2019-08-20 10:43:55,595 DEBUG [main] ehr.UserDao       ( UserDao.java:137)     - 02. sql= SELECT      
     u_id,   
     name,   
     passwd  
 FROM        
     users   
 WHERE u_id = ?  

2019-08-20 10:43:55,595 DEBUG [main] ehr.UserDao       ( UserDao.java:138)     - =================================
2019-08-20 10:43:55,596 DEBUG [main] ehr.UserDao       ( UserDao.java:145)     - =============================
2019-08-20 10:43:55,596 DEBUG [main] ehr.UserDao       ( UserDao.java:146)     - 03. id=j01_134
2019-08-20 10:43:55,596 DEBUG [main] ehr.UserDao       ( UserDao.java:147)     - =============================
2019-08-20 10:43:55,617 DEBUG [main] ehr.UserDao       ( UserDao.java:161)     - =============================
2019-08-20 10:43:55,617 DEBUG [main] ehr.UserDao       ( UserDao.java:162)     - 04. Run outVO=User [u_id=j01_134, name=송영은, passwd=1234]
2019-08-20 10:43:55,617 DEBUG [main] ehr.UserDao       ( UserDao.java:163)     - =============================
2019-08-20 10:43:55,619 DEBUG [main] ehr.UserDaoTest   (UserDaoTest.java:43)     - ******************************************
2019-08-20 10:43:55,619 DEBUG [main] ehr.UserDaoTest   (UserDaoTest.java:44)     - =02.01 단건조회 성공=j01_134
2019-08-20 10:43:55,619 DEBUG [main] ehr.UserDaoTest   (UserDaoTest.java:45)     - ******************************************
